\BOOKMARK [0][-]{chapter.1}{\376\377\0001\000\040\000T\000N\000e\000o\000\040\000o\000v\000e\000r\000v\000i\000e\000w}{}% 1
\BOOKMARK [0][-]{chapter.2}{\376\377\0002\000\040\000F\000o\000r\000e\000w\000o\000r\000d}{}% 2
\BOOKMARK [0][-]{chapter.3}{\376\377\0003\000\040\000F\000e\000a\000t\000u\000r\000e\000s}{}% 3
\BOOKMARK [1][-]{section.3.1}{\376\377\0003\000.\0001\000\040\000F\000e\000a\000t\000u\000r\000e\000\040\000l\000i\000s\000t}{chapter.3}% 4
\BOOKMARK [0][-]{chapter.4}{\376\377\0004\000\040\000Q\000u\000i\000c\000k\000\040\000g\000u\000i\000d\000e}{}% 5
\BOOKMARK [1][-]{section.4.1}{\376\377\0004\000.\0001\000\040\000U\000s\000i\000n\000g\000\040\000T\000N\000e\000o\000\040\000i\000n\000\040\000y\000o\000u\000r\000\040\000a\000p\000p\000l\000i\000c\000a\000t\000i\000o\000n}{chapter.4}% 6
\BOOKMARK [1][-]{section.4.2}{\376\377\0004\000.\0002\000\040\000T\000i\000m\000e\000\040\000t\000i\000c\000k\000s}{chapter.4}% 7
\BOOKMARK [1][-]{section.4.3}{\376\377\0004\000.\0003\000\040\000S\000t\000a\000r\000t\000i\000n\000g\000\040\000t\000h\000e\000\040\000k\000e\000r\000n\000e\000l}{chapter.4}% 8
\BOOKMARK [2][-]{subsubsection.4.3.0.1}{\376\377\0004\000.\0003\000.\0000\000.\0001\000\040\000Q\000u\000i\000c\000k\000\040\000g\000u\000i\000d\000e\000\040\000o\000n\000\040\000s\000t\000a\000r\000t\000u\000p\000\040\000p\000r\000o\000c\000e\000s\000s}{section.4.3}% 9
\BOOKMARK [3][-]{subsubsection.4.3.0.2}{\376\377\0004\000.\0003\000.\0000\000.\0002\000\040\000B\000a\000s\000i\000c\000\040\000e\000x\000a\000m\000p\000l\000e\000\040\000f\000o\000r\000\040\000P\000I\000C\0003\0002}{subsubsection.4.3.0.1}% 10
\BOOKMARK [1][-]{section.4.4}{\376\377\0004\000.\0004\000\040\000R\000o\000u\000n\000d\000-\000r\000o\000b\000i\000n\000\040\000s\000c\000h\000e\000d\000u\000l\000i\000n\000g}{chapter.4}% 11
\BOOKMARK [0][-]{chapter.5}{\376\377\0005\000\040\000T\000i\000m\000e\000\040\000t\000i\000c\000k\000s}{}% 12
\BOOKMARK [1][-]{section.5.1}{\376\377\0005\000.\0001\000\040\000S\000t\000a\000t\000i\000c\000\040\000t\000i\000c\000k}{chapter.5}% 13
\BOOKMARK [1][-]{section.5.2}{\376\377\0005\000.\0002\000\040\000D\000y\000n\000a\000m\000i\000c\000\040\000t\000i\000c\000k}{chapter.5}% 14
\BOOKMARK [0][-]{chapter.6}{\376\377\0006\000\040\000I\000n\000t\000e\000r\000r\000u\000p\000t\000s}{}% 15
\BOOKMARK [1][-]{section.6.1}{\376\377\0006\000.\0001\000\040\000I\000n\000t\000e\000r\000r\000u\000p\000t\000\040\000s\000t\000a\000c\000k}{chapter.6}% 16
\BOOKMARK [1][-]{section.6.2}{\376\377\0006\000.\0002\000\040\000I\000n\000t\000e\000r\000r\000u\000p\000t\000\040\000t\000y\000p\000e\000s}{chapter.6}% 17
\BOOKMARK [0][-]{chapter.7}{\376\377\0007\000\040\000B\000u\000i\000l\000d\000i\000n\000g\000\040\000T\000N\000e\000o}{}% 18
\BOOKMARK [1][-]{section.7.1}{\376\377\0007\000.\0001\000\040\000C\000o\000n\000f\000i\000g\000u\000r\000a\000t\000i\000o\000n\000\040\000f\000i\000l\000e}{chapter.7}% 19
\BOOKMARK [1][-]{section.7.2}{\376\377\0007\000.\0002\000\040\000M\000a\000k\000e\000f\000i\000l\000e\000\040\000o\000r\000\040\000l\000i\000b\000r\000a\000r\000y\000\040\000p\000r\000o\000j\000e\000c\000t\000s}{chapter.7}% 20
\BOOKMARK [2][-]{subsection.7.2.1}{\376\377\0007\000.\0002\000.\0001\000\040\000M\000a\000k\000e\000f\000i\000l\000e}{section.7.2}% 21
\BOOKMARK [2][-]{subsection.7.2.2}{\376\377\0007\000.\0002\000.\0002\000\040\000L\000i\000b\000r\000a\000r\000y\000\040\000p\000r\000o\000j\000e\000c\000t}{section.7.2}% 22
\BOOKMARK [1][-]{section.7.3}{\376\377\0007\000.\0003\000\040\000B\000u\000i\000l\000d\000i\000n\000g\000\040\000m\000a\000n\000u\000a\000l\000l\000y}{chapter.7}% 23
\BOOKMARK [0][-]{chapter.8}{\376\377\0008\000\040\000A\000r\000c\000h\000i\000t\000e\000c\000t\000u\000r\000e\000-\000s\000p\000e\000c\000i\000f\000i\000c\000\040\000d\000e\000t\000a\000i\000l\000s}{}% 24
\BOOKMARK [1][-]{section.8.1}{\376\377\0008\000.\0001\000\040\000P\000I\000C\0003\0002\000\040\000p\000o\000r\000t\000\040\000d\000e\000t\000a\000i\000l\000s}{chapter.8}% 25
\BOOKMARK [2][-]{subsection.8.1.1}{\376\377\0008\000.\0001\000.\0001\000\040\000C\000o\000n\000t\000e\000x\000t\000\040\000s\000w\000i\000t\000c\000h}{section.8.1}% 26
\BOOKMARK [2][-]{subsection.8.1.2}{\376\377\0008\000.\0001\000.\0002\000\040\000I\000n\000t\000e\000r\000r\000u\000p\000t\000s}{section.8.1}% 27
\BOOKMARK [2][-]{subsection.8.1.3}{\376\377\0008\000.\0001\000.\0003\000\040\000B\000u\000i\000l\000d\000i\000n\000g}{section.8.1}% 28
\BOOKMARK [1][-]{section.8.2}{\376\377\0008\000.\0002\000\040\000P\000I\000C\0002\0004\000/\000d\000s\000P\000I\000C\000\040\000p\000o\000r\000t\000\040\000d\000e\000t\000a\000i\000l\000s}{chapter.8}% 29
\BOOKMARK [2][-]{subsection.8.2.1}{\376\377\0008\000.\0002\000.\0001\000\040\000C\000o\000n\000t\000e\000x\000t\000\040\000s\000w\000i\000t\000c\000h}{section.8.2}% 30
\BOOKMARK [2][-]{subsection.8.2.2}{\376\377\0008\000.\0002\000.\0002\000\040\000I\000n\000t\000e\000r\000r\000u\000p\000t\000s}{section.8.2}% 31
\BOOKMARK [2][-]{subsection.8.2.3}{\376\377\0008\000.\0002\000.\0003\000\040\000A\000t\000o\000m\000i\000c\000\040\000a\000c\000c\000e\000s\000s\000\040\000t\000o\000\040\000t\000h\000e\000\040\000s\000t\000r\000u\000c\000t\000u\000r\000e\000\040\000b\000i\000t\000\040\000f\000i\000e\000l\000d}{section.8.2}% 32
\BOOKMARK [2][-]{subsection.8.2.4}{\376\377\0008\000.\0002\000.\0004\000\040\000B\000u\000i\000l\000d\000i\000n\000g}{section.8.2}% 33
\BOOKMARK [1][-]{section.8.3}{\376\377\0008\000.\0003\000\040\000C\000o\000r\000t\000e\000x\000-\000M\0000\000/\000M\0000\000+\000/\000M\0003\000/\000M\0004\000/\000M\0004\000F\000\040\000p\000o\000r\000t\000\040\000d\000e\000t\000a\000i\000l\000s}{chapter.8}% 34
\BOOKMARK [2][-]{subsection.8.3.1}{\376\377\0008\000.\0003\000.\0001\000\040\000C\000o\000n\000t\000e\000x\000t\000\040\000s\000w\000i\000t\000c\000h}{section.8.3}% 35
\BOOKMARK [2][-]{subsection.8.3.2}{\376\377\0008\000.\0003\000.\0002\000\040\000I\000n\000t\000e\000r\000r\000u\000p\000t\000s}{section.8.3}% 36
\BOOKMARK [2][-]{subsection.8.3.3}{\376\377\0008\000.\0003\000.\0003\000\040\000B\000u\000i\000l\000d\000i\000n\000g}{section.8.3}% 37
\BOOKMARK [0][-]{chapter.9}{\376\377\0009\000\040\000W\000h\000y\000\040\000r\000e\000i\000m\000p\000l\000e\000m\000e\000n\000t\000\040\000T\000N\000K\000e\000r\000n\000e\000l}{}% 38
\BOOKMARK [1][-]{section.9.1}{\376\377\0009\000.\0001\000\040\000E\000s\000s\000e\000n\000t\000i\000a\000l\000\040\000p\000r\000o\000b\000l\000e\000m\000s\000\040\000o\000f\000\040\000T\000N\000K\000e\000r\000n\000e\000l}{chapter.9}% 39
\BOOKMARK [1][-]{section.9.2}{\376\377\0009\000.\0002\000\040\000E\000x\000a\000m\000p\000l\000e\000s\000\040\000o\000f\000\040\000p\000o\000o\000r\000\040\000i\000m\000p\000l\000e\000m\000e\000n\000t\000a\000t\000i\000o\000n}{chapter.9}% 40
\BOOKMARK [2][-]{subsection.9.2.1}{\376\377\0009\000.\0002\000.\0001\000\040\000O\000n\000e\000\040\000e\000n\000t\000r\000y\000\040\000p\000o\000i\000n\000t\000,\000\040\000o\000n\000e\000\040\000e\000x\000i\000t\000\040\000p\000o\000i\000n\000t}{section.9.2}% 41
\BOOKMARK [2][-]{subsection.9.2.2}{\376\377\0009\000.\0002\000.\0002\000\040\000D\000o\000n\000\047\000t\000\040\000r\000e\000p\000e\000a\000t\000\040\000y\000o\000u\000r\000s\000e\000l\000f}{section.9.2}% 42
\BOOKMARK [2][-]{subsection.9.2.3}{\376\377\0009\000.\0002\000.\0003\000\040\000M\000a\000c\000r\000o\000s\000\040\000t\000h\000a\000t\000\040\000r\000e\000t\000u\000r\000n\000\040\000f\000r\000o\000m\000\040\000f\000u\000n\000c\000t\000i\000o\000n}{section.9.2}% 43
\BOOKMARK [2][-]{subsection.9.2.4}{\376\377\0009\000.\0002\000.\0004\000\040\000C\000o\000d\000e\000\040\000f\000o\000r\000\040\000d\000o\000u\000b\000l\000y\000-\000l\000i\000n\000k\000e\000d\000\040\000l\000i\000s\000t\000s}{section.9.2}% 44
\BOOKMARK [1][-]{section.9.3}{\376\377\0009\000.\0003\000\040\000B\000u\000g\000s\000\040\000o\000f\000\040\000T\000N\000K\000e\000r\000n\000e\000l\000\040\0002\000.\0007}{chapter.9}% 45
\BOOKMARK [0][-]{chapter.10}{\376\377\0001\0000\000\040\000D\000i\000f\000f\000e\000r\000e\000n\000c\000e\000s\000\040\000f\000r\000o\000m\000\040\000T\000N\000K\000e\000r\000n\000e\000l\000\040\000A\000P\000I}{}% 46
\BOOKMARK [1][-]{section.10.1}{\376\377\0001\0000\000.\0001\000\040\000I\000n\000c\000o\000m\000p\000a\000t\000i\000b\000l\000e\000\040\000A\000P\000I\000\040\000c\000h\000a\000n\000g\000e\000s}{chapter.10}% 47
\BOOKMARK [2][-]{subsection.10.1.1}{\376\377\0001\0000\000.\0001\000.\0001\000\040\000S\000y\000s\000t\000e\000m\000\040\000s\000t\000a\000r\000t\000u\000p}{section.10.1}% 48
\BOOKMARK [2][-]{subsection.10.1.2}{\376\377\0001\0000\000.\0001\000.\0002\000\040\000T\000a\000s\000k\000\040\000c\000r\000e\000a\000t\000i\000o\000n\000\040\000A\000P\000I}{section.10.1}% 49
\BOOKMARK [2][-]{subsection.10.1.3}{\376\377\0001\0000\000.\0001\000.\0003\000\040\000T\000a\000s\000k\000\040\000w\000a\000k\000e\000u\000p\000\040\000c\000o\000u\000n\000t\000,\000\040\000a\000c\000t\000i\000v\000a\000t\000e\000\040\000c\000o\000u\000n\000t\000,\000\040\000s\000u\000s\000p\000e\000n\000d\000\040\000c\000o\000u\000n\000t}{section.10.1}% 50
\BOOKMARK [2][-]{subsection.10.1.4}{\376\377\0001\0000\000.\0001\000.\0004\000\040\000F\000i\000x\000e\000d\000\040\000m\000e\000m\000o\000r\000y\000\040\000p\000o\000o\000l\000:\000\040\000n\000o\000n\000-\000a\000l\000i\000g\000n\000e\000d\000\040\000a\000d\000d\000r\000e\000s\000s\000\040\000o\000r\000\040\000b\000l\000o\000c\000k\000\040\000s\000i\000z\000e}{section.10.1}% 51
\BOOKMARK [2][-]{subsection.10.1.5}{\376\377\0001\0000\000.\0001\000.\0005\000\040\000T\000a\000s\000k\000\040\000s\000e\000r\000v\000i\000c\000e\000\040\000r\000e\000t\000u\000r\000n\000\040\000v\000a\000l\000u\000e\000s\000\040\000c\000l\000e\000a\000n\000e\000d}{section.10.1}% 52
\BOOKMARK [2][-]{subsection.10.1.6}{\376\377\0001\0000\000.\0001\000.\0006\000\040\000F\000o\000r\000c\000e\000\040\000t\000a\000s\000k\000\040\000r\000e\000l\000e\000a\000s\000i\000n\000g\000\040\000f\000r\000o\000m\000\040\000w\000a\000i\000t}{section.10.1}% 53
\BOOKMARK [2][-]{subsection.10.1.7}{\376\377\0001\0000\000.\0001\000.\0007\000\040\000R\000e\000t\000u\000r\000n\000\040\000c\000o\000d\000e\000\040\000o\000f\000\040\000t\000n\000\137\000t\000a\000s\000k\000\137\000s\000l\000e\000e\000p\000\050\000\051}{section.10.1}% 54
\BOOKMARK [2][-]{subsection.10.1.8}{\376\377\0001\0000\000.\0001\000.\0008\000\040\000E\000v\000e\000n\000t\000s\000\040\000A\000P\000I\000\040\000i\000s\000\040\000c\000h\000a\000n\000g\000e\000d\000\040\000a\000l\000m\000o\000s\000t\000\040\000c\000o\000m\000p\000l\000e\000t\000e\000l\000y}{section.10.1}% 55
\BOOKMARK [2][-]{subsection.10.1.9}{\376\377\0001\0000\000.\0001\000.\0009\000\040\000Z\000e\000r\000o\000\040\000t\000i\000m\000e\000o\000u\000t\000\040\000g\000i\000v\000e\000n\000\040\000t\000o\000\040\000s\000y\000s\000t\000e\000m\000\040\000f\000u\000n\000c\000t\000i\000o\000n\000s}{section.10.1}% 56
\BOOKMARK [1][-]{section.10.2}{\376\377\0001\0000\000.\0002\000\040\000N\000e\000w\000\040\000f\000e\000a\000t\000u\000r\000e\000s}{chapter.10}% 57
\BOOKMARK [1][-]{section.10.3}{\376\377\0001\0000\000.\0003\000\040\000C\000o\000m\000p\000a\000t\000i\000b\000l\000e\000\040\000A\000P\000I\000\040\000c\000h\000a\000n\000g\000e\000s}{chapter.10}% 58
\BOOKMARK [2][-]{subsection.10.3.1}{\376\377\0001\0000\000.\0003\000.\0001\000\040\000M\000a\000c\000r\000o\000\040\000M\000A\000K\000E\000\137\000A\000L\000I\000G\000\050\000\051}{section.10.3}% 59
\BOOKMARK [2][-]{subsection.10.3.2}{\376\377\0001\0000\000.\0003\000.\0002\000\040\000C\000o\000n\000v\000e\000n\000i\000e\000n\000c\000e\000\040\000m\000a\000c\000r\000o\000s\000\040\000f\000o\000r\000\040\000s\000t\000a\000c\000k\000\040\000a\000r\000r\000a\000y\000s\000\040\000d\000e\000f\000i\000n\000i\000t\000i\000o\000n}{section.10.3}% 60
\BOOKMARK [2][-]{subsection.10.3.3}{\376\377\0001\0000\000.\0003\000.\0003\000\040\000C\000o\000n\000v\000e\000n\000i\000e\000n\000c\000e\000\040\000m\000a\000c\000r\000o\000s\000\040\000f\000o\000r\000\040\000f\000i\000x\000e\000d\000\040\000m\000e\000m\000o\000r\000y\000\040\000b\000l\000o\000c\000k\000\040\000p\000o\000o\000l\000\040\000b\000u\000f\000f\000e\000r\000s\000\040\000d\000e\000f\000i\000n\000i\000t\000i\000o\000n}{section.10.3}% 61
\BOOKMARK [2][-]{subsection.10.3.4}{\376\377\0001\0000\000.\0003\000.\0004\000\040\000T\000h\000i\000n\000g\000s\000\040\000r\000e\000n\000a\000m\000e\000d}{section.10.3}% 62
\BOOKMARK [2][-]{subsection.10.3.5}{\376\377\0001\0000\000.\0003\000.\0005\000\040\000W\000e\000\040\000s\000h\000o\000u\000l\000d\000\040\000w\000a\000i\000t\000\040\000f\000o\000r\000\040\000s\000e\000m\000a\000p\000h\000o\000r\000e\000,\000\040\000n\000o\000t\000\040\000a\000c\000q\000u\000i\000r\000e\000\040\000i\000t}{section.10.3}% 63
\BOOKMARK [1][-]{section.10.4}{\376\377\0001\0000\000.\0004\000\040\000C\000h\000a\000n\000g\000e\000s\000\040\000t\000h\000a\000t\000\040\000d\000o\000\040\000n\000o\000t\000\040\000a\000f\000f\000e\000c\000t\000\040\000A\000P\000I\000\040\000d\000i\000r\000e\000c\000t\000l\000y}{chapter.10}% 64
\BOOKMARK [2][-]{subsection.10.4.1}{\376\377\0001\0000\000.\0004\000.\0001\000\040\000N\000o\000\040\000t\000i\000m\000e\000r\000\040\000t\000a\000s\000k}{section.10.4}% 65
\BOOKMARK [0][-]{chapter.11}{\376\377\0001\0001\000\040\000U\000n\000i\000t\000\040\000t\000e\000s\000t\000s}{}% 66
\BOOKMARK [1][-]{section.11.1}{\376\377\0001\0001\000.\0001\000\040\000T\000e\000s\000t\000e\000d\000\040\000C\000P\000U\000s}{chapter.11}% 67
\BOOKMARK [1][-]{section.11.2}{\376\377\0001\0001\000.\0002\000\040\000H\000o\000w\000\040\000t\000e\000s\000t\000s\000\040\000a\000r\000e\000\040\000i\000m\000p\000l\000e\000m\000e\000n\000t\000e\000d}{chapter.11}% 68
\BOOKMARK [1][-]{section.11.3}{\376\377\0001\0001\000.\0003\000\040\000G\000e\000t\000\040\000u\000n\000i\000t\000-\000t\000e\000s\000t\000s}{chapter.11}% 69
\BOOKMARK [0][-]{chapter.12}{\376\377\0001\0002\000\040\000P\000l\000a\000n\000s}{}% 70
\BOOKMARK [0][-]{chapter.13}{\376\377\0001\0003\000\040\000C\000o\000n\000t\000r\000i\000b\000u\000t\000i\000o\000n}{}% 71
\BOOKMARK [1][-]{section.13.1}{\376\377\0001\0003\000.\0001\000\040\000C\000o\000n\000t\000r\000i\000b\000u\000t\000i\000o\000n}{chapter.13}% 72
\BOOKMARK [1][-]{section.13.2}{\376\377\0001\0003\000.\0002\000\040\000C\000o\000d\000i\000n\000g\000\040\000s\000t\000a\000n\000d\000a\000r\000d}{chapter.13}% 73
\BOOKMARK [0][-]{chapter.14}{\376\377\0001\0004\000\040\000C\000h\000a\000n\000g\000e\000l\000o\000g}{}% 74
\BOOKMARK [1][-]{section.14.1}{\376\377\0001\0004\000.\0001\000\040\000C\000u\000r\000r\000e\000n\000t\000\040\000d\000e\000v\000e\000l\000o\000p\000m\000e\000n\000t\000\040\000v\000e\000r\000s\000i\000o\000n\000\040\000\050\000B\000E\000T\000A\000\051}{chapter.14}% 75
\BOOKMARK [1][-]{section.14.2}{\376\377\0001\0004\000.\0002\000\040\000v\0001\000.\0000\0009}{chapter.14}% 76
\BOOKMARK [1][-]{section.14.3}{\376\377\0001\0004\000.\0003\000\040\000v\0001\000.\0000\0008}{chapter.14}% 77
\BOOKMARK [1][-]{section.14.4}{\376\377\0001\0004\000.\0004\000\040\000v\0001\000.\0000\0007}{chapter.14}% 78
\BOOKMARK [1][-]{section.14.5}{\376\377\0001\0004\000.\0005\000\040\000v\0001\000.\0000\0006}{chapter.14}% 79
\BOOKMARK [1][-]{section.14.6}{\376\377\0001\0004\000.\0006\000\040\000v\0001\000.\0000\0004}{chapter.14}% 80
\BOOKMARK [1][-]{section.14.7}{\376\377\0001\0004\000.\0007\000\040\000v\0001\000.\0000\0003}{chapter.14}% 81
\BOOKMARK [1][-]{section.14.8}{\376\377\0001\0004\000.\0008\000\040\000v\0001\000.\0000\0002}{chapter.14}% 82
\BOOKMARK [1][-]{section.14.9}{\376\377\0001\0004\000.\0009\000\040\000v\0001\000.\0000\0001}{chapter.14}% 83
\BOOKMARK [1][-]{section.14.10}{\376\377\0001\0004\000.\0001\0000\000\040\000v\0001\000.\0000}{chapter.14}% 84
\BOOKMARK [0][-]{chapter.15}{\376\377\0001\0005\000\040\000T\000h\000a\000n\000k\000s}{}% 85
\BOOKMARK [0][-]{chapter.16}{\376\377\0001\0006\000\040\000L\000i\000c\000e\000n\000s\000e}{}% 86
\BOOKMARK [0][-]{chapter.17}{\376\377\0001\0007\000\040\000L\000e\000g\000e\000n\000d}{}% 87
\BOOKMARK [0][-]{chapter.18}{\376\377\0001\0008\000\040\000D\000a\000t\000a\000\040\000S\000t\000r\000u\000c\000t\000u\000r\000e\000\040\000I\000n\000d\000e\000x}{}% 88
\BOOKMARK [1][-]{section.18.1}{\376\377\0001\0008\000.\0001\000\040\000D\000a\000t\000a\000\040\000S\000t\000r\000u\000c\000t\000u\000r\000e\000s}{chapter.18}% 89
\BOOKMARK [0][-]{chapter.19}{\376\377\0001\0009\000\040\000F\000i\000l\000e\000\040\000I\000n\000d\000e\000x}{}% 90
\BOOKMARK [1][-]{section.19.1}{\376\377\0001\0009\000.\0001\000\040\000F\000i\000l\000e\000\040\000L\000i\000s\000t}{chapter.19}% 91
\BOOKMARK [0][-]{chapter.20}{\376\377\0002\0000\000\040\000D\000a\000t\000a\000\040\000S\000t\000r\000u\000c\000t\000u\000r\000e\000\040\000D\000o\000c\000u\000m\000e\000n\000t\000a\000t\000i\000o\000n}{}% 92
\BOOKMARK [1][-]{section.20.1}{\376\377\0002\0000\000.\0001\000\040\000\137\000T\000N\000\137\000B\000u\000i\000l\000d\000C\000f\000g\000\040\000S\000t\000r\000u\000c\000t\000\040\000R\000e\000f\000e\000r\000e\000n\000c\000e}{chapter.20}% 93
\BOOKMARK [2][-]{subsection.20.1.1}{\376\377\0002\0000\000.\0001\000.\0001\000\040\000D\000e\000t\000a\000i\000l\000e\000d\000\040\000D\000e\000s\000c\000r\000i\000p\000t\000i\000o\000n}{section.20.1}% 94
\BOOKMARK [1][-]{section.20.2}{\376\377\0002\0000\000.\0002\000\040\000\137\000T\000N\000\137\000T\000a\000s\000k\000P\000r\000o\000f\000i\000l\000e\000r\000\040\000S\000t\000r\000u\000c\000t\000\040\000R\000e\000f\000e\000r\000e\000n\000c\000e}{chapter.20}% 95
\BOOKMARK [2][-]{subsection.20.2.1}{\376\377\0002\0000\000.\0002\000.\0001\000\040\000D\000e\000t\000a\000i\000l\000e\000d\000\040\000D\000e\000s\000c\000r\000i\000p\000t\000i\000o\000n}{section.20.2}% 96
\BOOKMARK [2][-]{subsection.20.2.2}{\376\377\0002\0000\000.\0002\000.\0002\000\040\000F\000i\000e\000l\000d\000\040\000D\000o\000c\000u\000m\000e\000n\000t\000a\000t\000i\000o\000n}{section.20.2}% 97
\BOOKMARK [3][-]{subsubsection.20.2.2.1}{\376\377\0002\0000\000.\0002\000.\0002\000.\0001\000\040\000l\000a\000s\000t\000\137\000w\000a\000i\000t\000\137\000r\000e\000a\000s\000o\000n}{subsection.20.2.2}% 98
\BOOKMARK [3][-]{subsubsection.20.2.2.2}{\376\377\0002\0000\000.\0002\000.\0002\000.\0002\000\040\000t\000i\000m\000i\000n\000g}{subsection.20.2.2}% 99
\BOOKMARK [1][-]{section.20.3}{\376\377\0002\0000\000.\0003\000\040\000T\000N\000\137\000D\000Q\000u\000e\000u\000e\000\040\000S\000t\000r\000u\000c\000t\000\040\000R\000e\000f\000e\000r\000e\000n\000c\000e}{chapter.20}% 100
\BOOKMARK [2][-]{subsection.20.3.1}{\376\377\0002\0000\000.\0003\000.\0001\000\040\000D\000e\000t\000a\000i\000l\000e\000d\000\040\000D\000e\000s\000c\000r\000i\000p\000t\000i\000o\000n}{section.20.3}% 101
\BOOKMARK [2][-]{subsection.20.3.2}{\376\377\0002\0000\000.\0003\000.\0002\000\040\000F\000i\000e\000l\000d\000\040\000D\000o\000c\000u\000m\000e\000n\000t\000a\000t\000i\000o\000n}{section.20.3}% 102
\BOOKMARK [3][-]{subsubsection.20.3.2.1}{\376\377\0002\0000\000.\0003\000.\0002\000.\0001\000\040\000i\000d\000\137\000d\000q\000u\000e}{subsection.20.3.2}% 103
\BOOKMARK [1][-]{section.20.4}{\376\377\0002\0000\000.\0004\000\040\000T\000N\000\137\000D\000Q\000u\000e\000u\000e\000T\000a\000s\000k\000W\000a\000i\000t\000\040\000S\000t\000r\000u\000c\000t\000\040\000R\000e\000f\000e\000r\000e\000n\000c\000e}{chapter.20}% 104
\BOOKMARK [2][-]{subsection.20.4.1}{\376\377\0002\0000\000.\0004\000.\0001\000\040\000D\000e\000t\000a\000i\000l\000e\000d\000\040\000D\000e\000s\000c\000r\000i\000p\000t\000i\000o\000n}{section.20.4}% 105
\BOOKMARK [1][-]{section.20.5}{\376\377\0002\0000\000.\0005\000\040\000T\000N\000\137\000E\000G\000r\000p\000L\000i\000n\000k\000\040\000S\000t\000r\000u\000c\000t\000\040\000R\000e\000f\000e\000r\000e\000n\000c\000e}{chapter.20}% 106
\BOOKMARK [2][-]{subsection.20.5.1}{\376\377\0002\0000\000.\0005\000.\0001\000\040\000D\000e\000t\000a\000i\000l\000e\000d\000\040\000D\000e\000s\000c\000r\000i\000p\000t\000i\000o\000n}{section.20.5}% 107
\BOOKMARK [1][-]{section.20.6}{\376\377\0002\0000\000.\0006\000\040\000T\000N\000\137\000E\000G\000r\000p\000T\000a\000s\000k\000W\000a\000i\000t\000\040\000S\000t\000r\000u\000c\000t\000\040\000R\000e\000f\000e\000r\000e\000n\000c\000e}{chapter.20}% 108
\BOOKMARK [2][-]{subsection.20.6.1}{\376\377\0002\0000\000.\0006\000.\0001\000\040\000D\000e\000t\000a\000i\000l\000e\000d\000\040\000D\000e\000s\000c\000r\000i\000p\000t\000i\000o\000n}{section.20.6}% 109
\BOOKMARK [1][-]{section.20.7}{\376\377\0002\0000\000.\0007\000\040\000T\000N\000\137\000E\000v\000e\000n\000t\000G\000r\000p\000\040\000S\000t\000r\000u\000c\000t\000\040\000R\000e\000f\000e\000r\000e\000n\000c\000e}{chapter.20}% 110
\BOOKMARK [2][-]{subsection.20.7.1}{\376\377\0002\0000\000.\0007\000.\0001\000\040\000D\000e\000t\000a\000i\000l\000e\000d\000\040\000D\000e\000s\000c\000r\000i\000p\000t\000i\000o\000n}{section.20.7}% 111
\BOOKMARK [2][-]{subsection.20.7.2}{\376\377\0002\0000\000.\0007\000.\0002\000\040\000F\000i\000e\000l\000d\000\040\000D\000o\000c\000u\000m\000e\000n\000t\000a\000t\000i\000o\000n}{section.20.7}% 112
\BOOKMARK [3][-]{subsubsection.20.7.2.1}{\376\377\0002\0000\000.\0007\000.\0002\000.\0001\000\040\000i\000d\000\137\000e\000v\000e\000n\000t}{subsection.20.7.2}% 113
\BOOKMARK [1][-]{section.20.8}{\376\377\0002\0000\000.\0008\000\040\000T\000N\000\137\000F\000M\000e\000m\000\040\000S\000t\000r\000u\000c\000t\000\040\000R\000e\000f\000e\000r\000e\000n\000c\000e}{chapter.20}% 114
\BOOKMARK [2][-]{subsection.20.8.1}{\376\377\0002\0000\000.\0008\000.\0001\000\040\000D\000e\000t\000a\000i\000l\000e\000d\000\040\000D\000e\000s\000c\000r\000i\000p\000t\000i\000o\000n}{section.20.8}% 115
\BOOKMARK [2][-]{subsection.20.8.2}{\376\377\0002\0000\000.\0008\000.\0002\000\040\000F\000i\000e\000l\000d\000\040\000D\000o\000c\000u\000m\000e\000n\000t\000a\000t\000i\000o\000n}{section.20.8}% 116
\BOOKMARK [3][-]{subsubsection.20.8.2.1}{\376\377\0002\0000\000.\0008\000.\0002\000.\0001\000\040\000i\000d\000\137\000f\000m\000p}{subsection.20.8.2}% 117
\BOOKMARK [3][-]{subsubsection.20.8.2.2}{\376\377\0002\0000\000.\0008\000.\0002\000.\0002\000\040\000b\000l\000o\000c\000k\000\137\000s\000i\000z\000e}{subsection.20.8.2}% 118
\BOOKMARK [3][-]{subsubsection.20.8.2.3}{\376\377\0002\0000\000.\0008\000.\0002\000.\0003\000\040\000f\000r\000e\000e\000\137\000l\000i\000s\000t}{subsection.20.8.2}% 119
\BOOKMARK [1][-]{section.20.9}{\376\377\0002\0000\000.\0009\000\040\000T\000N\000\137\000F\000M\000e\000m\000T\000a\000s\000k\000W\000a\000i\000t\000\040\000S\000t\000r\000u\000c\000t\000\040\000R\000e\000f\000e\000r\000e\000n\000c\000e}{chapter.20}% 120
\BOOKMARK [2][-]{subsection.20.9.1}{\376\377\0002\0000\000.\0009\000.\0001\000\040\000D\000e\000t\000a\000i\000l\000e\000d\000\040\000D\000e\000s\000c\000r\000i\000p\000t\000i\000o\000n}{section.20.9}% 121
\BOOKMARK [1][-]{section.20.10}{\376\377\0002\0000\000.\0001\0000\000\040\000T\000N\000\137\000L\000i\000s\000t\000I\000t\000e\000m\000\040\000S\000t\000r\000u\000c\000t\000\040\000R\000e\000f\000e\000r\000e\000n\000c\000e}{chapter.20}% 122
\BOOKMARK [2][-]{subsection.20.10.1}{\376\377\0002\0000\000.\0001\0000\000.\0001\000\040\000D\000e\000t\000a\000i\000l\000e\000d\000\040\000D\000e\000s\000c\000r\000i\000p\000t\000i\000o\000n}{section.20.10}% 123
\BOOKMARK [1][-]{section.20.11}{\376\377\0002\0000\000.\0001\0001\000\040\000T\000N\000\137\000M\000u\000t\000e\000x\000\040\000S\000t\000r\000u\000c\000t\000\040\000R\000e\000f\000e\000r\000e\000n\000c\000e}{chapter.20}% 124
\BOOKMARK [2][-]{subsection.20.11.1}{\376\377\0002\0000\000.\0001\0001\000.\0001\000\040\000D\000e\000t\000a\000i\000l\000e\000d\000\040\000D\000e\000s\000c\000r\000i\000p\000t\000i\000o\000n}{section.20.11}% 125
\BOOKMARK [2][-]{subsection.20.11.2}{\376\377\0002\0000\000.\0001\0001\000.\0002\000\040\000F\000i\000e\000l\000d\000\040\000D\000o\000c\000u\000m\000e\000n\000t\000a\000t\000i\000o\000n}{section.20.11}% 126
\BOOKMARK [3][-]{subsubsection.20.11.2.1}{\376\377\0002\0000\000.\0001\0001\000.\0002\000.\0001\000\040\000i\000d\000\137\000m\000u\000t\000e\000x}{subsection.20.11.2}% 127
\BOOKMARK [1][-]{section.20.12}{\376\377\0002\0000\000.\0001\0002\000\040\000T\000N\000\137\000S\000e\000m\000\040\000S\000t\000r\000u\000c\000t\000\040\000R\000e\000f\000e\000r\000e\000n\000c\000e}{chapter.20}% 128
\BOOKMARK [2][-]{subsection.20.12.1}{\376\377\0002\0000\000.\0001\0002\000.\0001\000\040\000D\000e\000t\000a\000i\000l\000e\000d\000\040\000D\000e\000s\000c\000r\000i\000p\000t\000i\000o\000n}{section.20.12}% 129
\BOOKMARK [2][-]{subsection.20.12.2}{\376\377\0002\0000\000.\0001\0002\000.\0002\000\040\000F\000i\000e\000l\000d\000\040\000D\000o\000c\000u\000m\000e\000n\000t\000a\000t\000i\000o\000n}{section.20.12}% 130
\BOOKMARK [3][-]{subsubsection.20.12.2.1}{\376\377\0002\0000\000.\0001\0002\000.\0002\000.\0001\000\040\000i\000d\000\137\000s\000e\000m}{subsection.20.12.2}% 131
\BOOKMARK [1][-]{section.20.13}{\376\377\0002\0000\000.\0001\0003\000\040\000T\000N\000\137\000T\000a\000s\000k\000\040\000S\000t\000r\000u\000c\000t\000\040\000R\000e\000f\000e\000r\000e\000n\000c\000e}{chapter.20}% 132
\BOOKMARK [2][-]{subsection.20.13.1}{\376\377\0002\0000\000.\0001\0003\000.\0001\000\040\000D\000e\000t\000a\000i\000l\000e\000d\000\040\000D\000e\000s\000c\000r\000i\000p\000t\000i\000o\000n}{section.20.13}% 133
\BOOKMARK [2][-]{subsection.20.13.2}{\376\377\0002\0000\000.\0001\0003\000.\0002\000\040\000F\000i\000e\000l\000d\000\040\000D\000o\000c\000u\000m\000e\000n\000t\000a\000t\000i\000o\000n}{section.20.13}% 134
\BOOKMARK [3][-]{subsubsection.20.13.2.1}{\376\377\0002\0000\000.\0001\0003\000.\0002\000.\0001\000\040\000i\000d\000\137\000t\000a\000s\000k}{subsection.20.13.2}% 135
\BOOKMARK [3][-]{subsubsection.20.13.2.2}{\376\377\0002\0000\000.\0001\0003\000.\0002\000.\0002\000\040\000d\000e\000a\000d\000l\000o\000c\000k\000\137\000l\000i\000s\000t}{subsection.20.13.2}% 136
\BOOKMARK [3][-]{subsubsection.20.13.2.3}{\376\377\0002\0000\000.\0001\0003\000.\0002\000.\0003\000\040\000s\000t\000a\000c\000k\000\137\000l\000o\000w\000\137\000a\000d\000d\000r}{subsection.20.13.2}% 137
\BOOKMARK [3][-]{subsubsection.20.13.2.4}{\376\377\0002\0000\000.\0001\0003\000.\0002\000.\0004\000\040\000s\000t\000a\000c\000k\000\137\000h\000i\000g\000h\000\137\000a\000d\000d\000r}{subsection.20.13.2}% 138
\BOOKMARK [3][-]{subsubsection.20.13.2.5}{\376\377\0002\0000\000.\0001\0003\000.\0002\000.\0005\000\040\000s\000u\000b\000s\000y\000s\000\137\000w\000a\000i\000t}{subsection.20.13.2}% 139
\BOOKMARK [3][-]{subsubsection.20.13.2.6}{\376\377\0002\0000\000.\0001\0003\000.\0002\000.\0006\000\040\000p\000r\000i\000o\000r\000i\000t\000y\000\137\000a\000l\000r\000e\000a\000d\000y\000\137\000u\000p\000d\000a\000t\000e\000d}{subsection.20.13.2}% 140
\BOOKMARK [1][-]{section.20.14}{\376\377\0002\0000\000.\0001\0004\000\040\000T\000N\000\137\000T\000a\000s\000k\000T\000i\000m\000i\000n\000g\000\040\000S\000t\000r\000u\000c\000t\000\040\000R\000e\000f\000e\000r\000e\000n\000c\000e}{chapter.20}% 141
\BOOKMARK [2][-]{subsection.20.14.1}{\376\377\0002\0000\000.\0001\0004\000.\0001\000\040\000D\000e\000t\000a\000i\000l\000e\000d\000\040\000D\000e\000s\000c\000r\000i\000p\000t\000i\000o\000n}{section.20.14}% 142
\BOOKMARK [2][-]{subsection.20.14.2}{\376\377\0002\0000\000.\0001\0004\000.\0002\000\040\000F\000i\000e\000l\000d\000\040\000D\000o\000c\000u\000m\000e\000n\000t\000a\000t\000i\000o\000n}{section.20.14}% 143
\BOOKMARK [3][-]{subsubsection.20.14.2.1}{\376\377\0002\0000\000.\0001\0004\000.\0002\000.\0001\000\040\000t\000o\000t\000a\000l\000\137\000r\000u\000n\000\137\000t\000i\000m\000e}{subsection.20.14.2}% 144
\BOOKMARK [3][-]{subsubsection.20.14.2.2}{\376\377\0002\0000\000.\0001\0004\000.\0002\000.\0002\000\040\000g\000o\000t\000\137\000r\000u\000n\000n\000i\000n\000g\000\137\000c\000n\000t}{subsection.20.14.2}% 145
\BOOKMARK [3][-]{subsubsection.20.14.2.3}{\376\377\0002\0000\000.\0001\0004\000.\0002\000.\0003\000\040\000t\000o\000t\000a\000l\000\137\000w\000a\000i\000t\000\137\000t\000i\000m\000e}{subsection.20.14.2}% 146
\BOOKMARK [3][-]{subsubsection.20.14.2.4}{\376\377\0002\0000\000.\0001\0004\000.\0002\000.\0004\000\040\000m\000a\000x\000\137\000c\000o\000n\000s\000e\000c\000u\000t\000i\000v\000e\000\137\000w\000a\000i\000t\000\137\000t\000i\000m\000e}{subsection.20.14.2}% 147
\BOOKMARK [1][-]{section.20.15}{\376\377\0002\0000\000.\0001\0005\000\040\000T\000N\000\137\000T\000i\000m\000e\000r\000\040\000S\000t\000r\000u\000c\000t\000\040\000R\000e\000f\000e\000r\000e\000n\000c\000e}{chapter.20}% 148
\BOOKMARK [2][-]{subsection.20.15.1}{\376\377\0002\0000\000.\0001\0005\000.\0001\000\040\000D\000e\000t\000a\000i\000l\000e\000d\000\040\000D\000e\000s\000c\000r\000i\000p\000t\000i\000o\000n}{section.20.15}% 149
\BOOKMARK [2][-]{subsection.20.15.2}{\376\377\0002\0000\000.\0001\0005\000.\0002\000\040\000F\000i\000e\000l\000d\000\040\000D\000o\000c\000u\000m\000e\000n\000t\000a\000t\000i\000o\000n}{section.20.15}% 150
\BOOKMARK [3][-]{subsubsection.20.15.2.1}{\376\377\0002\0000\000.\0001\0005\000.\0002\000.\0001\000\040\000i\000d\000\137\000t\000i\000m\000e\000r}{subsection.20.15.2}% 151
\BOOKMARK [3][-]{subsubsection.20.15.2.2}{\376\377\0002\0000\000.\0001\0005\000.\0002\000.\0002\000\040\000s\000t\000a\000r\000t\000\137\000t\000i\000c\000k\000\137\000c\000n\000t}{subsection.20.15.2}% 152
\BOOKMARK [3][-]{subsubsection.20.15.2.3}{\376\377\0002\0000\000.\0001\0005\000.\0002\000.\0003\000\040\000t\000i\000m\000e\000o\000u\000t}{subsection.20.15.2}% 153
\BOOKMARK [3][-]{subsubsection.20.15.2.4}{\376\377\0002\0000\000.\0001\0005\000.\0002\000.\0004\000\040\000t\000i\000m\000e\000o\000u\000t\000\137\000c\000u\000r}{subsection.20.15.2}% 154
\BOOKMARK [0][-]{chapter.21}{\376\377\0002\0001\000\040\000F\000i\000l\000e\000\040\000D\000o\000c\000u\000m\000e\000n\000t\000a\000t\000i\000o\000n}{}% 155
\BOOKMARK [1][-]{section.21.1}{\376\377\0002\0001\000.\0001\000\040\000a\000r\000c\000h\000/\000c\000o\000r\000t\000e\000x\000\137\000m\000/\000t\000n\000\137\000a\000r\000c\000h\000\137\000c\000o\000r\000t\000e\000x\000\137\000m\000.\000h\000\040\000F\000i\000l\000e\000\040\000R\000e\000f\000e\000r\000e\000n\000c\000e}{chapter.21}% 156
\BOOKMARK [2][-]{subsection.21.1.1}{\376\377\0002\0001\000.\0001\000.\0001\000\040\000D\000e\000t\000a\000i\000l\000e\000d\000\040\000D\000e\000s\000c\000r\000i\000p\000t\000i\000o\000n}{section.21.1}% 157
\BOOKMARK [1][-]{section.21.2}{\376\377\0002\0001\000.\0002\000\040\000a\000r\000c\000h\000/\000e\000x\000a\000m\000p\000l\000e\000/\000t\000n\000\137\000a\000r\000c\000h\000\137\000e\000x\000a\000m\000p\000l\000e\000.\000h\000\040\000F\000i\000l\000e\000\040\000R\000e\000f\000e\000r\000e\000n\000c\000e}{chapter.21}% 158
\BOOKMARK [2][-]{subsection.21.2.1}{\376\377\0002\0001\000.\0002\000.\0001\000\040\000D\000e\000t\000a\000i\000l\000e\000d\000\040\000D\000e\000s\000c\000r\000i\000p\000t\000i\000o\000n}{section.21.2}% 159
\BOOKMARK [2][-]{subsection.21.2.2}{\376\377\0002\0001\000.\0002\000.\0002\000\040\000M\000a\000c\000r\000o\000\040\000D\000e\000f\000i\000n\000i\000t\000i\000o\000n\000\040\000D\000o\000c\000u\000m\000e\000n\000t\000a\000t\000i\000o\000n}{section.21.2}% 160
\BOOKMARK [3][-]{subsubsection.21.2.2.1}{\376\377\0002\0001\000.\0002\000.\0002\000.\0001\000\040\000\137\000T\000N\000\137\000F\000F\000S}{subsection.21.2.2}% 161
\BOOKMARK [3][-]{subsubsection.21.2.2.2}{\376\377\0002\0001\000.\0002\000.\0002\000.\0002\000\040\000\137\000T\000N\000\137\000F\000A\000T\000A\000L\000\137\000E\000R\000R\000O\000R\000F}{subsection.21.2.2}% 162
\BOOKMARK [3][-]{subsubsection.21.2.2.3}{\376\377\0002\0001\000.\0002\000.\0002\000.\0003\000\040\000T\000N\000\137\000A\000R\000C\000H\000\137\000S\000T\000K\000\137\000A\000T\000T\000R\000\137\000B\000E\000F\000O\000R\000E}{subsection.21.2.2}% 163
\BOOKMARK [3][-]{subsubsection.21.2.2.4}{\376\377\0002\0001\000.\0002\000.\0002\000.\0004\000\040\000T\000N\000\137\000A\000R\000C\000H\000\137\000S\000T\000K\000\137\000A\000T\000T\000R\000\137\000A\000F\000T\000E\000R}{subsection.21.2.2}% 164
\BOOKMARK [3][-]{subsubsection.21.2.2.5}{\376\377\0002\0001\000.\0002\000.\0002\000.\0005\000\040\000T\000N\000\137\000P\000R\000I\000O\000R\000I\000T\000I\000E\000S\000\137\000M\000A\000X\000\137\000C\000N\000T}{subsection.21.2.2}% 165
\BOOKMARK [3][-]{subsubsection.21.2.2.6}{\376\377\0002\0001\000.\0002\000.\0002\000.\0006\000\040\000T\000N\000\137\000I\000N\000T\000S\000A\000V\000E\000\137\000D\000A\000T\000A}{subsection.21.2.2}% 166
\BOOKMARK [3][-]{subsubsection.21.2.2.7}{\376\377\0002\0001\000.\0002\000.\0002\000.\0007\000\040\000T\000N\000\137\000I\000N\000T\000S\000A\000V\000E\000\137\000D\000A\000T\000A\000\137\000I\000N\000T}{subsection.21.2.2}% 167
\BOOKMARK [3][-]{subsubsection.21.2.2.8}{\376\377\0002\0001\000.\0002\000.\0002\000.\0008\000\040\000T\000N\000\137\000I\000N\000T\000\137\000D\000I\000S\000\137\000S\000A\000V\000E}{subsection.21.2.2}% 168
\BOOKMARK [3][-]{subsubsection.21.2.2.9}{\376\377\0002\0001\000.\0002\000.\0002\000.\0009\000\040\000T\000N\000\137\000I\000N\000T\000\137\000R\000E\000S\000T\000O\000R\000E}{subsection.21.2.2}% 169
\BOOKMARK [3][-]{subsubsection.21.2.2.10}{\376\377\0002\0001\000.\0002\000.\0002\000.\0001\0000\000\040\000T\000N\000\137\000I\000N\000T\000\137\000I\000D\000I\000S\000\137\000S\000A\000V\000E}{subsection.21.2.2}% 170
\BOOKMARK [3][-]{subsubsection.21.2.2.11}{\376\377\0002\0001\000.\0002\000.\0002\000.\0001\0001\000\040\000T\000N\000\137\000I\000N\000T\000\137\000I\000R\000E\000S\000T\000O\000R\000E}{subsection.21.2.2}% 171
\BOOKMARK [3][-]{subsubsection.21.2.2.12}{\376\377\0002\0001\000.\0002\000.\0002\000.\0001\0002\000\040\000\137\000T\000N\000\137\000S\000I\000Z\000E\000\137\000B\000Y\000T\000E\000S\000\137\000T\000O\000\137\000U\000W\000O\000R\000D\000S}{subsection.21.2.2}% 172
\BOOKMARK [3][-]{subsubsection.21.2.2.13}{\376\377\0002\0001\000.\0002\000.\0002\000.\0001\0003\000\040\000\137\000T\000N\000\137\000I\000N\000L\000I\000N\000E}{subsection.21.2.2}% 173
\BOOKMARK [3][-]{subsubsection.21.2.2.14}{\376\377\0002\0001\000.\0002\000.\0002\000.\0001\0004\000\040\000\137\000T\000N\000\137\000V\000O\000L\000A\000T\000I\000L\000E\000\137\000W\000O\000R\000K\000A\000R\000O\000U\000N\000D}{subsection.21.2.2}% 174
\BOOKMARK [2][-]{subsection.21.2.3}{\376\377\0002\0001\000.\0002\000.\0003\000\040\000T\000y\000p\000e\000d\000e\000f\000\040\000D\000o\000c\000u\000m\000e\000n\000t\000a\000t\000i\000o\000n}{section.21.2}% 175
\BOOKMARK [3][-]{subsubsection.21.2.3.1}{\376\377\0002\0001\000.\0002\000.\0003\000.\0001\000\040\000T\000N\000\137\000U\000W\000o\000r\000d}{subsection.21.2.3}% 176
\BOOKMARK [3][-]{subsubsection.21.2.3.2}{\376\377\0002\0001\000.\0002\000.\0003\000.\0002\000\040\000T\000N\000\137\000U\000I\000n\000t\000P\000t\000r}{subsection.21.2.3}% 177
\BOOKMARK [1][-]{section.21.3}{\376\377\0002\0001\000.\0003\000\040\000a\000r\000c\000h\000/\000p\000i\000c\0002\0004\000\137\000d\000s\000p\000i\000c\000/\000t\000n\000\137\000a\000r\000c\000h\000\137\000p\000i\000c\0002\0004\000.\000h\000\040\000F\000i\000l\000e\000\040\000R\000e\000f\000e\000r\000e\000n\000c\000e}{chapter.21}% 178
\BOOKMARK [2][-]{subsection.21.3.1}{\376\377\0002\0001\000.\0003\000.\0001\000\040\000D\000e\000t\000a\000i\000l\000e\000d\000\040\000D\000e\000s\000c\000r\000i\000p\000t\000i\000o\000n}{section.21.3}% 179
\BOOKMARK [2][-]{subsection.21.3.2}{\376\377\0002\0001\000.\0003\000.\0002\000\040\000M\000a\000c\000r\000o\000\040\000D\000e\000f\000i\000n\000i\000t\000i\000o\000n\000\040\000D\000o\000c\000u\000m\000e\000n\000t\000a\000t\000i\000o\000n}{section.21.3}% 180
\BOOKMARK [3][-]{subsubsection.21.3.2.1}{\376\377\0002\0001\000.\0003\000.\0002\000.\0001\000\040\000t\000n\000\137\000p\0002\0004\000\137\000s\000o\000f\000t\000\137\000i\000s\000r}{subsection.21.3.2}% 181
\BOOKMARK [1][-]{section.21.4}{\376\377\0002\0001\000.\0004\000\040\000a\000r\000c\000h\000/\000p\000i\000c\0002\0004\000\137\000d\000s\000p\000i\000c\000/\000t\000n\000\137\000a\000r\000c\000h\000\137\000p\000i\000c\0002\0004\000\137\000b\000f\000a\000.\000h\000\040\000F\000i\000l\000e\000\040\000R\000e\000f\000e\000r\000e\000n\000c\000e}{chapter.21}% 182
\BOOKMARK [2][-]{subsection.21.4.1}{\376\377\0002\0001\000.\0004\000.\0001\000\040\000D\000e\000t\000a\000i\000l\000e\000d\000\040\000D\000e\000s\000c\000r\000i\000p\000t\000i\000o\000n}{section.21.4}% 183
\BOOKMARK [2][-]{subsection.21.4.2}{\376\377\0002\0001\000.\0004\000.\0002\000\040\000M\000a\000c\000r\000o\000\040\000D\000e\000f\000i\000n\000i\000t\000i\000o\000n\000\040\000D\000o\000c\000u\000m\000e\000n\000t\000a\000t\000i\000o\000n}{section.21.4}% 184
\BOOKMARK [3][-]{subsubsection.21.4.2.1}{\376\377\0002\0001\000.\0004\000.\0002\000.\0001\000\040\000T\000N\000\137\000B\000F\000A}{subsection.21.4.2}% 185
\BOOKMARK [3][-]{subsubsection.21.4.2.2}{\376\377\0002\0001\000.\0004\000.\0002\000.\0002\000\040\000T\000N\000\137\000B\000F\000A\000R}{subsection.21.4.2}% 186
\BOOKMARK [1][-]{section.21.5}{\376\377\0002\0001\000.\0005\000\040\000a\000r\000c\000h\000/\000p\000i\000c\0003\0002\000/\000t\000n\000\137\000a\000r\000c\000h\000\137\000p\000i\000c\0003\0002\000.\000h\000\040\000F\000i\000l\000e\000\040\000R\000e\000f\000e\000r\000e\000n\000c\000e}{chapter.21}% 187
\BOOKMARK [2][-]{subsection.21.5.1}{\376\377\0002\0001\000.\0005\000.\0001\000\040\000D\000e\000t\000a\000i\000l\000e\000d\000\040\000D\000e\000s\000c\000r\000i\000p\000t\000i\000o\000n}{section.21.5}% 188
\BOOKMARK [2][-]{subsection.21.5.2}{\376\377\0002\0001\000.\0005\000.\0002\000\040\000M\000a\000c\000r\000o\000\040\000D\000e\000f\000i\000n\000i\000t\000i\000o\000n\000\040\000D\000o\000c\000u\000m\000e\000n\000t\000a\000t\000i\000o\000n}{section.21.5}% 189
\BOOKMARK [3][-]{subsubsection.21.5.2.1}{\376\377\0002\0001\000.\0005\000.\0002\000.\0001\000\040\000t\000n\000\137\000p\0003\0002\000\137\000s\000o\000f\000t\000\137\000i\000s\000r}{subsection.21.5.2}% 190
\BOOKMARK [3][-]{subsubsection.21.5.2.2}{\376\377\0002\0001\000.\0005\000.\0002\000.\0002\000\040\000t\000n\000\137\000p\0003\0002\000\137\000s\000r\000s\000\137\000i\000s\000r}{subsection.21.5.2}% 191
\BOOKMARK [2][-]{subsection.21.5.3}{\376\377\0002\0001\000.\0005\000.\0003\000\040\000V\000a\000r\000i\000a\000b\000l\000e\000\040\000D\000o\000c\000u\000m\000e\000n\000t\000a\000t\000i\000o\000n}{section.21.5}% 192
\BOOKMARK [3][-]{subsubsection.21.5.3.1}{\376\377\0002\0001\000.\0005\000.\0003\000.\0001\000\040\000t\000n\000\137\000p\0003\0002\000\137\000i\000n\000t\000\137\000n\000e\000s\000t\000\137\000c\000o\000u\000n\000t}{subsection.21.5.3}% 193
\BOOKMARK [3][-]{subsubsection.21.5.3.2}{\376\377\0002\0001\000.\0005\000.\0003\000.\0002\000\040\000t\000n\000\137\000p\0003\0002\000\137\000u\000s\000e\000r\000\137\000s\000p}{subsection.21.5.3}% 194
\BOOKMARK [3][-]{subsubsection.21.5.3.3}{\376\377\0002\0001\000.\0005\000.\0003\000.\0003\000\040\000t\000n\000\137\000p\0003\0002\000\137\000i\000n\000t\000\137\000s\000p}{subsection.21.5.3}% 195
\BOOKMARK [1][-]{section.21.6}{\376\377\0002\0001\000.\0006\000\040\000a\000r\000c\000h\000/\000p\000i\000c\0003\0002\000/\000t\000n\000\137\000a\000r\000c\000h\000\137\000p\000i\000c\0003\0002\000\137\000b\000f\000a\000.\000h\000\040\000F\000i\000l\000e\000\040\000R\000e\000f\000e\000r\000e\000n\000c\000e}{chapter.21}% 196
\BOOKMARK [2][-]{subsection.21.6.1}{\376\377\0002\0001\000.\0006\000.\0001\000\040\000D\000e\000t\000a\000i\000l\000e\000d\000\040\000D\000e\000s\000c\000r\000i\000p\000t\000i\000o\000n}{section.21.6}% 197
\BOOKMARK [2][-]{subsection.21.6.2}{\376\377\0002\0001\000.\0006\000.\0002\000\040\000M\000a\000c\000r\000o\000\040\000D\000e\000f\000i\000n\000i\000t\000i\000o\000n\000\040\000D\000o\000c\000u\000m\000e\000n\000t\000a\000t\000i\000o\000n}{section.21.6}% 198
\BOOKMARK [3][-]{subsubsection.21.6.2.1}{\376\377\0002\0001\000.\0006\000.\0002\000.\0001\000\040\000T\000N\000\137\000B\000F\000A}{subsection.21.6.2}% 199
\BOOKMARK [3][-]{subsubsection.21.6.2.2}{\376\377\0002\0001\000.\0006\000.\0002\000.\0002\000\040\000T\000N\000\137\000B\000F\000A\000R}{subsection.21.6.2}% 200
\BOOKMARK [1][-]{section.21.7}{\376\377\0002\0001\000.\0007\000\040\000a\000r\000c\000h\000/\000t\000n\000\137\000a\000r\000c\000h\000.\000h\000\040\000F\000i\000l\000e\000\040\000R\000e\000f\000e\000r\000e\000n\000c\000e}{chapter.21}% 201
\BOOKMARK [2][-]{subsection.21.7.1}{\376\377\0002\0001\000.\0007\000.\0001\000\040\000D\000e\000t\000a\000i\000l\000e\000d\000\040\000D\000e\000s\000c\000r\000i\000p\000t\000i\000o\000n}{section.21.7}% 202
\BOOKMARK [2][-]{subsection.21.7.2}{\376\377\0002\0001\000.\0007\000.\0002\000\040\000F\000u\000n\000c\000t\000i\000o\000n\000\040\000D\000o\000c\000u\000m\000e\000n\000t\000a\000t\000i\000o\000n}{section.21.7}% 203
\BOOKMARK [3][-]{subsubsection.21.7.2.1}{\376\377\0002\0001\000.\0007\000.\0002\000.\0001\000\040\000t\000n\000\137\000a\000r\000c\000h\000\137\000i\000n\000t\000\137\000d\000i\000s\000\050\000\051}{subsection.21.7.2}% 204
\BOOKMARK [3][-]{subsubsection.21.7.2.2}{\376\377\0002\0001\000.\0007\000.\0002\000.\0002\000\040\000t\000n\000\137\000a\000r\000c\000h\000\137\000i\000n\000t\000\137\000e\000n\000\050\000\051}{subsection.21.7.2}% 205
\BOOKMARK [3][-]{subsubsection.21.7.2.3}{\376\377\0002\0001\000.\0007\000.\0002\000.\0003\000\040\000t\000n\000\137\000a\000r\000c\000h\000\137\000s\000r\000\137\000s\000a\000v\000e\000\137\000i\000n\000t\000\137\000d\000i\000s\000\050\000\051}{subsection.21.7.2}% 206
\BOOKMARK [3][-]{subsubsection.21.7.2.4}{\376\377\0002\0001\000.\0007\000.\0002\000.\0004\000\040\000t\000n\000\137\000a\000r\000c\000h\000\137\000s\000r\000\137\000r\000e\000s\000t\000o\000r\000e\000\050\000\051}{subsection.21.7.2}% 207
\BOOKMARK [3][-]{subsubsection.21.7.2.5}{\376\377\0002\0001\000.\0007\000.\0002\000.\0005\000\040\000t\000n\000\137\000a\000r\000c\000h\000\137\000s\000c\000h\000e\000d\000\137\000d\000i\000s\000\137\000s\000a\000v\000e\000\050\000\051}{subsection.21.7.2}% 208
\BOOKMARK [3][-]{subsubsection.21.7.2.6}{\376\377\0002\0001\000.\0007\000.\0002\000.\0006\000\040\000t\000n\000\137\000a\000r\000c\000h\000\137\000s\000c\000h\000e\000d\000\137\000r\000e\000s\000t\000o\000r\000e\000\050\000\051}{subsection.21.7.2}% 209
\BOOKMARK [3][-]{subsubsection.21.7.2.7}{\376\377\0002\0001\000.\0007\000.\0002\000.\0007\000\040\000\137\000t\000n\000\137\000a\000r\000c\000h\000\137\000s\000t\000a\000c\000k\000\137\000i\000n\000i\000t\000\050\000\051}{subsection.21.7.2}% 210
\BOOKMARK [3][-]{subsubsection.21.7.2.8}{\376\377\0002\0001\000.\0007\000.\0002\000.\0008\000\040\000\137\000t\000n\000\137\000a\000r\000c\000h\000\137\000i\000n\000s\000i\000d\000e\000\137\000i\000s\000r\000\050\000\051}{subsection.21.7.2}% 211
\BOOKMARK [3][-]{subsubsection.21.7.2.9}{\376\377\0002\0001\000.\0007\000.\0002\000.\0009\000\040\000\137\000t\000n\000\137\000a\000r\000c\000h\000\137\000i\000s\000\137\000i\000n\000t\000\137\000d\000i\000s\000a\000b\000l\000e\000d\000\050\000\051}{subsection.21.7.2}% 212
\BOOKMARK [3][-]{subsubsection.21.7.2.10}{\376\377\0002\0001\000.\0007\000.\0002\000.\0001\0000\000\040\000\137\000t\000n\000\137\000a\000r\000c\000h\000\137\000c\000o\000n\000t\000e\000x\000t\000\137\000s\000w\000i\000t\000c\000h\000\137\000p\000e\000n\000d\000\050\000\051}{subsection.21.7.2}% 213
\BOOKMARK [3][-]{subsubsection.21.7.2.11}{\376\377\0002\0001\000.\0007\000.\0002\000.\0001\0001\000\040\000\137\000t\000n\000\137\000a\000r\000c\000h\000\137\000c\000o\000n\000t\000e\000x\000t\000\137\000s\000w\000i\000t\000c\000h\000\137\000n\000o\000w\000\137\000n\000o\000s\000a\000v\000e\000\050\000\051}{subsection.21.7.2}% 214
\BOOKMARK [3][-]{subsubsection.21.7.2.12}{\376\377\0002\0001\000.\0007\000.\0002\000.\0001\0002\000\040\000\137\000t\000n\000\137\000a\000r\000c\000h\000\137\000s\000y\000s\000\137\000s\000t\000a\000r\000t\000\050\000\051}{subsection.21.7.2}% 215
\BOOKMARK [1][-]{section.21.8}{\376\377\0002\0001\000.\0008\000\040\000c\000o\000r\000e\000/\000t\000n\000\137\000c\000f\000g\000\137\000d\000i\000s\000p\000a\000t\000c\000h\000.\000h\000\040\000F\000i\000l\000e\000\040\000R\000e\000f\000e\000r\000e\000n\000c\000e}{chapter.21}% 216
\BOOKMARK [2][-]{subsection.21.8.1}{\376\377\0002\0001\000.\0008\000.\0001\000\040\000D\000e\000t\000a\000i\000l\000e\000d\000\040\000D\000e\000s\000c\000r\000i\000p\000t\000i\000o\000n}{section.21.8}% 217
\BOOKMARK [2][-]{subsection.21.8.2}{\376\377\0002\0001\000.\0008\000.\0002\000\040\000M\000a\000c\000r\000o\000\040\000D\000e\000f\000i\000n\000i\000t\000i\000o\000n\000\040\000D\000o\000c\000u\000m\000e\000n\000t\000a\000t\000i\000o\000n}{section.21.8}% 218
\BOOKMARK [3][-]{subsubsection.21.8.2.1}{\376\377\0002\0001\000.\0008\000.\0002\000.\0001\000\040\000T\000N\000\137\000A\000P\000I\000\137\000M\000A\000K\000E\000\137\000A\000L\000I\000G\000\137\000A\000R\000G\000\137\000\137\000T\000Y\000P\000E}{subsection.21.8.2}% 219
\BOOKMARK [3][-]{subsubsection.21.8.2.2}{\376\377\0002\0001\000.\0008\000.\0002\000.\0002\000\040\000T\000N\000\137\000A\000P\000I\000\137\000M\000A\000K\000E\000\137\000A\000L\000I\000G\000\137\000A\000R\000G\000\137\000\137\000S\000I\000Z\000E}{subsection.21.8.2}% 220
\BOOKMARK [1][-]{section.21.9}{\376\377\0002\0001\000.\0009\000\040\000c\000o\000r\000e\000/\000t\000n\000\137\000c\000o\000m\000m\000o\000n\000.\000h\000\040\000F\000i\000l\000e\000\040\000R\000e\000f\000e\000r\000e\000n\000c\000e}{chapter.21}% 221
\BOOKMARK [2][-]{subsection.21.9.1}{\376\377\0002\0001\000.\0009\000.\0001\000\040\000D\000e\000t\000a\000i\000l\000e\000d\000\040\000D\000e\000s\000c\000r\000i\000p\000t\000i\000o\000n}{section.21.9}% 222
\BOOKMARK [2][-]{subsection.21.9.2}{\376\377\0002\0001\000.\0009\000.\0002\000\040\000M\000a\000c\000r\000o\000\040\000D\000e\000f\000i\000n\000i\000t\000i\000o\000n\000\040\000D\000o\000c\000u\000m\000e\000n\000t\000a\000t\000i\000o\000n}{section.21.9}% 223
\BOOKMARK [3][-]{subsubsection.21.9.2.1}{\376\377\0002\0001\000.\0009\000.\0002\000.\0001\000\040\000T\000N\000\137\000M\000A\000K\000E\000\137\000A\000L\000I\000G\000\137\000S\000I\000Z\000E}{subsection.21.9.2}% 224
\BOOKMARK [3][-]{subsubsection.21.9.2.2}{\376\377\0002\0001\000.\0009\000.\0002\000.\0002\000\040\000\137\000T\000N\000\137\000U\000N\000U\000S\000E\000D}{subsection.21.9.2}% 225
\BOOKMARK [2][-]{subsection.21.9.3}{\376\377\0002\0001\000.\0009\000.\0003\000\040\000T\000y\000p\000e\000d\000e\000f\000\040\000D\000o\000c\000u\000m\000e\000n\000t\000a\000t\000i\000o\000n}{section.21.9}% 226
\BOOKMARK [3][-]{subsubsection.21.9.3.1}{\376\377\0002\0001\000.\0009\000.\0003\000.\0001\000\040\000T\000N\000\137\000T\000i\000c\000k\000C\000n\000t}{subsection.21.9.3}% 227
\BOOKMARK [2][-]{subsection.21.9.4}{\376\377\0002\0001\000.\0009\000.\0004\000\040\000E\000n\000u\000m\000e\000r\000a\000t\000i\000o\000n\000\040\000T\000y\000p\000e\000\040\000D\000o\000c\000u\000m\000e\000n\000t\000a\000t\000i\000o\000n}{section.21.9}% 228
\BOOKMARK [3][-]{subsubsection.21.9.4.1}{\376\377\0002\0001\000.\0009\000.\0004\000.\0001\000\040\000T\000N\000\137\000O\000b\000j\000I\000d}{subsection.21.9.4}% 229
\BOOKMARK [3][-]{subsubsection.21.9.4.2}{\376\377\0002\0001\000.\0009\000.\0004\000.\0002\000\040\000T\000N\000\137\000R\000C\000o\000d\000e}{subsection.21.9.4}% 230
\BOOKMARK [1][-]{section.21.10}{\376\377\0002\0001\000.\0001\0000\000\040\000c\000o\000r\000e\000/\000t\000n\000\137\000c\000o\000m\000m\000o\000n\000\137\000m\000a\000c\000r\000o\000s\000.\000h\000\040\000F\000i\000l\000e\000\040\000R\000e\000f\000e\000r\000e\000n\000c\000e}{chapter.21}% 231
\BOOKMARK [2][-]{subsection.21.10.1}{\376\377\0002\0001\000.\0001\0000\000.\0001\000\040\000D\000e\000t\000a\000i\000l\000e\000d\000\040\000D\000e\000s\000c\000r\000i\000p\000t\000i\000o\000n}{section.21.10}% 232
\BOOKMARK [2][-]{subsection.21.10.2}{\376\377\0002\0001\000.\0001\0000\000.\0002\000\040\000M\000a\000c\000r\000o\000\040\000D\000e\000f\000i\000n\000i\000t\000i\000o\000n\000\040\000D\000o\000c\000u\000m\000e\000n\000t\000a\000t\000i\000o\000n}{section.21.10}% 233
\BOOKMARK [3][-]{subsubsection.21.10.2.1}{\376\377\0002\0001\000.\0001\0000\000.\0002\000.\0001\000\040\000\137\000T\000N\000\137\000S\000T\000R\000I\000N\000G\000I\000F\000Y\000\137\000L\000I\000T\000E\000R\000A\000L}{subsection.21.10.2}% 234
\BOOKMARK [3][-]{subsubsection.21.10.2.2}{\376\377\0002\0001\000.\0001\0000\000.\0002\000.\0002\000\040\000\137\000T\000N\000\137\000S\000T\000R\000I\000N\000G\000I\000F\000Y\000\137\000M\000A\000C\000R\000O}{subsection.21.10.2}% 235
\BOOKMARK [1][-]{section.21.11}{\376\377\0002\0001\000.\0001\0001\000\040\000c\000o\000r\000e\000/\000t\000n\000\137\000d\000q\000u\000e\000u\000e\000.\000h\000\040\000F\000i\000l\000e\000\040\000R\000e\000f\000e\000r\000e\000n\000c\000e}{chapter.21}% 236
\BOOKMARK [2][-]{subsection.21.11.1}{\376\377\0002\0001\000.\0001\0001\000.\0001\000\040\000D\000e\000t\000a\000i\000l\000e\000d\000\040\000D\000e\000s\000c\000r\000i\000p\000t\000i\000o\000n}{section.21.11}% 237
\BOOKMARK [2][-]{subsection.21.11.2}{\376\377\0002\0001\000.\0001\0001\000.\0002\000\040\000F\000u\000n\000c\000t\000i\000o\000n\000\040\000D\000o\000c\000u\000m\000e\000n\000t\000a\000t\000i\000o\000n}{section.21.11}% 238
\BOOKMARK [3][-]{subsubsection.21.11.2.1}{\376\377\0002\0001\000.\0001\0001\000.\0002\000.\0001\000\040\000t\000n\000\137\000q\000u\000e\000u\000e\000\137\000c\000r\000e\000a\000t\000e\000\050\000\051}{subsection.21.11.2}% 239
\BOOKMARK [3][-]{subsubsection.21.11.2.2}{\376\377\0002\0001\000.\0001\0001\000.\0002\000.\0002\000\040\000t\000n\000\137\000q\000u\000e\000u\000e\000\137\000d\000e\000l\000e\000t\000e\000\050\000\051}{subsection.21.11.2}% 240
\BOOKMARK [3][-]{subsubsection.21.11.2.3}{\376\377\0002\0001\000.\0001\0001\000.\0002\000.\0003\000\040\000t\000n\000\137\000q\000u\000e\000u\000e\000\137\000s\000e\000n\000d\000\050\000\051}{subsection.21.11.2}% 241
\BOOKMARK [3][-]{subsubsection.21.11.2.4}{\376\377\0002\0001\000.\0001\0001\000.\0002\000.\0004\000\040\000t\000n\000\137\000q\000u\000e\000u\000e\000\137\000s\000e\000n\000d\000\137\000p\000o\000l\000l\000i\000n\000g\000\050\000\051}{subsection.21.11.2}% 242
\BOOKMARK [3][-]{subsubsection.21.11.2.5}{\376\377\0002\0001\000.\0001\0001\000.\0002\000.\0005\000\040\000t\000n\000\137\000q\000u\000e\000u\000e\000\137\000i\000s\000e\000n\000d\000\137\000p\000o\000l\000l\000i\000n\000g\000\050\000\051}{subsection.21.11.2}% 243
\BOOKMARK [3][-]{subsubsection.21.11.2.6}{\376\377\0002\0001\000.\0001\0001\000.\0002\000.\0006\000\040\000t\000n\000\137\000q\000u\000e\000u\000e\000\137\000r\000e\000c\000e\000i\000v\000e\000\050\000\051}{subsection.21.11.2}% 244
\BOOKMARK [3][-]{subsubsection.21.11.2.7}{\376\377\0002\0001\000.\0001\0001\000.\0002\000.\0007\000\040\000t\000n\000\137\000q\000u\000e\000u\000e\000\137\000r\000e\000c\000e\000i\000v\000e\000\137\000p\000o\000l\000l\000i\000n\000g\000\050\000\051}{subsection.21.11.2}% 245
\BOOKMARK [3][-]{subsubsection.21.11.2.8}{\376\377\0002\0001\000.\0001\0001\000.\0002\000.\0008\000\040\000t\000n\000\137\000q\000u\000e\000u\000e\000\137\000i\000r\000e\000c\000e\000i\000v\000e\000\137\000p\000o\000l\000l\000i\000n\000g\000\050\000\051}{subsection.21.11.2}% 246
\BOOKMARK [3][-]{subsubsection.21.11.2.9}{\376\377\0002\0001\000.\0001\0001\000.\0002\000.\0009\000\040\000t\000n\000\137\000q\000u\000e\000u\000e\000\137\000f\000r\000e\000e\000\137\000i\000t\000e\000m\000s\000\137\000c\000n\000t\000\137\000g\000e\000t\000\050\000\051}{subsection.21.11.2}% 247
\BOOKMARK [3][-]{subsubsection.21.11.2.10}{\376\377\0002\0001\000.\0001\0001\000.\0002\000.\0001\0000\000\040\000t\000n\000\137\000q\000u\000e\000u\000e\000\137\000u\000s\000e\000d\000\137\000i\000t\000e\000m\000s\000\137\000c\000n\000t\000\137\000g\000e\000t\000\050\000\051}{subsection.21.11.2}% 248
\BOOKMARK [3][-]{subsubsection.21.11.2.11}{\376\377\0002\0001\000.\0001\0001\000.\0002\000.\0001\0001\000\040\000t\000n\000\137\000q\000u\000e\000u\000e\000\137\000e\000v\000e\000n\000t\000g\000r\000p\000\137\000c\000o\000n\000n\000e\000c\000t\000\050\000\051}{subsection.21.11.2}% 249
\BOOKMARK [3][-]{subsubsection.21.11.2.12}{\376\377\0002\0001\000.\0001\0001\000.\0002\000.\0001\0002\000\040\000t\000n\000\137\000q\000u\000e\000u\000e\000\137\000e\000v\000e\000n\000t\000g\000r\000p\000\137\000d\000i\000s\000c\000o\000n\000n\000e\000c\000t\000\050\000\051}{subsection.21.11.2}% 250
\BOOKMARK [1][-]{section.21.12}{\376\377\0002\0001\000.\0001\0002\000\040\000c\000o\000r\000e\000/\000t\000n\000\137\000e\000v\000e\000n\000t\000g\000r\000p\000.\000h\000\040\000F\000i\000l\000e\000\040\000R\000e\000f\000e\000r\000e\000n\000c\000e}{chapter.21}% 251
\BOOKMARK [2][-]{subsection.21.12.1}{\376\377\0002\0001\000.\0001\0002\000.\0001\000\040\000D\000e\000t\000a\000i\000l\000e\000d\000\040\000D\000e\000s\000c\000r\000i\000p\000t\000i\000o\000n}{section.21.12}% 252
\BOOKMARK [2][-]{subsection.21.12.2}{\376\377\0002\0001\000.\0001\0002\000.\0002\000\040\000C\000o\000n\000n\000e\000c\000t\000i\000n\000g\000\040\000a\000n\000\040\000e\000v\000e\000n\000t\000\040\000g\000r\000o\000u\000p\000\040\000t\000o\000\040\000o\000t\000h\000e\000r\000\040\000s\000y\000s\000t\000e\000m\000\040\000o\000b\000j\000e\000c\000t\000s}{section.21.12}% 253
\BOOKMARK [2][-]{subsection.21.12.3}{\376\377\0002\0001\000.\0001\0002\000.\0003\000\040\000E\000n\000u\000m\000e\000r\000a\000t\000i\000o\000n\000\040\000T\000y\000p\000e\000\040\000D\000o\000c\000u\000m\000e\000n\000t\000a\000t\000i\000o\000n}{section.21.12}% 254
\BOOKMARK [3][-]{subsubsection.21.12.3.1}{\376\377\0002\0001\000.\0001\0002\000.\0003\000.\0001\000\040\000T\000N\000\137\000E\000G\000r\000p\000W\000a\000i\000t\000M\000o\000d\000e}{subsection.21.12.3}% 255
\BOOKMARK [3][-]{subsubsection.21.12.3.2}{\376\377\0002\0001\000.\0001\0002\000.\0003\000.\0002\000\040\000T\000N\000\137\000E\000G\000r\000p\000O\000p}{subsection.21.12.3}% 256
\BOOKMARK [3][-]{subsubsection.21.12.3.3}{\376\377\0002\0001\000.\0001\0002\000.\0003\000.\0003\000\040\000T\000N\000\137\000E\000G\000r\000p\000A\000t\000t\000r}{subsection.21.12.3}% 257
\BOOKMARK [2][-]{subsection.21.12.4}{\376\377\0002\0001\000.\0001\0002\000.\0004\000\040\000F\000u\000n\000c\000t\000i\000o\000n\000\040\000D\000o\000c\000u\000m\000e\000n\000t\000a\000t\000i\000o\000n}{section.21.12}% 258
\BOOKMARK [3][-]{subsubsection.21.12.4.1}{\376\377\0002\0001\000.\0001\0002\000.\0004\000.\0001\000\040\000t\000n\000\137\000e\000v\000e\000n\000t\000g\000r\000p\000\137\000c\000r\000e\000a\000t\000e\000\137\000w\000a\000t\000t\000r\000\050\000\051}{subsection.21.12.4}% 259
\BOOKMARK [3][-]{subsubsection.21.12.4.2}{\376\377\0002\0001\000.\0001\0002\000.\0004\000.\0002\000\040\000t\000n\000\137\000e\000v\000e\000n\000t\000g\000r\000p\000\137\000c\000r\000e\000a\000t\000e\000\050\000\051}{subsection.21.12.4}% 260
\BOOKMARK [3][-]{subsubsection.21.12.4.3}{\376\377\0002\0001\000.\0001\0002\000.\0004\000.\0003\000\040\000t\000n\000\137\000e\000v\000e\000n\000t\000g\000r\000p\000\137\000d\000e\000l\000e\000t\000e\000\050\000\051}{subsection.21.12.4}% 261
\BOOKMARK [3][-]{subsubsection.21.12.4.4}{\376\377\0002\0001\000.\0001\0002\000.\0004\000.\0004\000\040\000t\000n\000\137\000e\000v\000e\000n\000t\000g\000r\000p\000\137\000w\000a\000i\000t\000\050\000\051}{subsection.21.12.4}% 262
\BOOKMARK [3][-]{subsubsection.21.12.4.5}{\376\377\0002\0001\000.\0001\0002\000.\0004\000.\0005\000\040\000t\000n\000\137\000e\000v\000e\000n\000t\000g\000r\000p\000\137\000w\000a\000i\000t\000\137\000p\000o\000l\000l\000i\000n\000g\000\050\000\051}{subsection.21.12.4}% 263
\BOOKMARK [3][-]{subsubsection.21.12.4.6}{\376\377\0002\0001\000.\0001\0002\000.\0004\000.\0006\000\040\000t\000n\000\137\000e\000v\000e\000n\000t\000g\000r\000p\000\137\000i\000w\000a\000i\000t\000\137\000p\000o\000l\000l\000i\000n\000g\000\050\000\051}{subsection.21.12.4}% 264
\BOOKMARK [3][-]{subsubsection.21.12.4.7}{\376\377\0002\0001\000.\0001\0002\000.\0004\000.\0007\000\040\000t\000n\000\137\000e\000v\000e\000n\000t\000g\000r\000p\000\137\000m\000o\000d\000i\000f\000y\000\050\000\051}{subsection.21.12.4}% 265
\BOOKMARK [3][-]{subsubsection.21.12.4.8}{\376\377\0002\0001\000.\0001\0002\000.\0004\000.\0008\000\040\000t\000n\000\137\000e\000v\000e\000n\000t\000g\000r\000p\000\137\000i\000m\000o\000d\000i\000f\000y\000\050\000\051}{subsection.21.12.4}% 266
\BOOKMARK [1][-]{section.21.13}{\376\377\0002\0001\000.\0001\0003\000\040\000c\000o\000r\000e\000/\000t\000n\000\137\000f\000m\000e\000m\000.\000h\000\040\000F\000i\000l\000e\000\040\000R\000e\000f\000e\000r\000e\000n\000c\000e}{chapter.21}% 267
\BOOKMARK [2][-]{subsection.21.13.1}{\376\377\0002\0001\000.\0001\0003\000.\0001\000\040\000D\000e\000t\000a\000i\000l\000e\000d\000\040\000D\000e\000s\000c\000r\000i\000p\000t\000i\000o\000n}{section.21.13}% 268
\BOOKMARK [2][-]{subsection.21.13.2}{\376\377\0002\0001\000.\0001\0003\000.\0002\000\040\000M\000a\000c\000r\000o\000\040\000D\000e\000f\000i\000n\000i\000t\000i\000o\000n\000\040\000D\000o\000c\000u\000m\000e\000n\000t\000a\000t\000i\000o\000n}{section.21.13}% 269
\BOOKMARK [3][-]{subsubsection.21.13.2.1}{\376\377\0002\0001\000.\0001\0003\000.\0002\000.\0001\000\040\000T\000N\000\137\000F\000M\000E\000M\000\137\000B\000U\000F\000\137\000D\000E\000F}{subsection.21.13.2}% 270
\BOOKMARK [2][-]{subsection.21.13.3}{\376\377\0002\0001\000.\0001\0003\000.\0003\000\040\000F\000u\000n\000c\000t\000i\000o\000n\000\040\000D\000o\000c\000u\000m\000e\000n\000t\000a\000t\000i\000o\000n}{section.21.13}% 271
\BOOKMARK [3][-]{subsubsection.21.13.3.1}{\376\377\0002\0001\000.\0001\0003\000.\0003\000.\0001\000\040\000t\000n\000\137\000f\000m\000e\000m\000\137\000c\000r\000e\000a\000t\000e\000\050\000\051}{subsection.21.13.3}% 272
\BOOKMARK [3][-]{subsubsection.21.13.3.2}{\376\377\0002\0001\000.\0001\0003\000.\0003\000.\0002\000\040\000t\000n\000\137\000f\000m\000e\000m\000\137\000d\000e\000l\000e\000t\000e\000\050\000\051}{subsection.21.13.3}% 273
\BOOKMARK [3][-]{subsubsection.21.13.3.3}{\376\377\0002\0001\000.\0001\0003\000.\0003\000.\0003\000\040\000t\000n\000\137\000f\000m\000e\000m\000\137\000g\000e\000t\000\050\000\051}{subsection.21.13.3}% 274
\BOOKMARK [3][-]{subsubsection.21.13.3.4}{\376\377\0002\0001\000.\0001\0003\000.\0003\000.\0004\000\040\000t\000n\000\137\000f\000m\000e\000m\000\137\000g\000e\000t\000\137\000p\000o\000l\000l\000i\000n\000g\000\050\000\051}{subsection.21.13.3}% 275
\BOOKMARK [3][-]{subsubsection.21.13.3.5}{\376\377\0002\0001\000.\0001\0003\000.\0003\000.\0005\000\040\000t\000n\000\137\000f\000m\000e\000m\000\137\000i\000g\000e\000t\000\137\000p\000o\000l\000l\000i\000n\000g\000\050\000\051}{subsection.21.13.3}% 276
\BOOKMARK [3][-]{subsubsection.21.13.3.6}{\376\377\0002\0001\000.\0001\0003\000.\0003\000.\0006\000\040\000t\000n\000\137\000f\000m\000e\000m\000\137\000r\000e\000l\000e\000a\000s\000e\000\050\000\051}{subsection.21.13.3}% 277
\BOOKMARK [3][-]{subsubsection.21.13.3.7}{\376\377\0002\0001\000.\0001\0003\000.\0003\000.\0007\000\040\000t\000n\000\137\000f\000m\000e\000m\000\137\000i\000r\000e\000l\000e\000a\000s\000e\000\050\000\051}{subsection.21.13.3}% 278
\BOOKMARK [3][-]{subsubsection.21.13.3.8}{\376\377\0002\0001\000.\0001\0003\000.\0003\000.\0008\000\040\000t\000n\000\137\000f\000m\000e\000m\000\137\000f\000r\000e\000e\000\137\000b\000l\000o\000c\000k\000s\000\137\000c\000n\000t\000\137\000g\000e\000t\000\050\000\051}{subsection.21.13.3}% 279
\BOOKMARK [3][-]{subsubsection.21.13.3.9}{\376\377\0002\0001\000.\0001\0003\000.\0003\000.\0009\000\040\000t\000n\000\137\000f\000m\000e\000m\000\137\000u\000s\000e\000d\000\137\000b\000l\000o\000c\000k\000s\000\137\000c\000n\000t\000\137\000g\000e\000t\000\050\000\051}{subsection.21.13.3}% 280
\BOOKMARK [1][-]{section.21.14}{\376\377\0002\0001\000.\0001\0004\000\040\000c\000o\000r\000e\000/\000t\000n\000\137\000l\000i\000s\000t\000.\000h\000\040\000F\000i\000l\000e\000\040\000R\000e\000f\000e\000r\000e\000n\000c\000e}{chapter.21}% 281
\BOOKMARK [2][-]{subsection.21.14.1}{\376\377\0002\0001\000.\0001\0004\000.\0001\000\040\000D\000e\000t\000a\000i\000l\000e\000d\000\040\000D\000e\000s\000c\000r\000i\000p\000t\000i\000o\000n}{section.21.14}% 282
\BOOKMARK [1][-]{section.21.15}{\376\377\0002\0001\000.\0001\0005\000\040\000c\000o\000r\000e\000/\000t\000n\000\137\000m\000u\000t\000e\000x\000.\000h\000\040\000F\000i\000l\000e\000\040\000R\000e\000f\000e\000r\000e\000n\000c\000e}{chapter.21}% 283
\BOOKMARK [2][-]{subsection.21.15.1}{\376\377\0002\0001\000.\0001\0005\000.\0001\000\040\000D\000e\000t\000a\000i\000l\000e\000d\000\040\000D\000e\000s\000c\000r\000i\000p\000t\000i\000o\000n}{section.21.15}% 284
\BOOKMARK [2][-]{subsection.21.15.2}{\376\377\0002\0001\000.\0001\0005\000.\0002\000\040\000E\000n\000u\000m\000e\000r\000a\000t\000i\000o\000n\000\040\000T\000y\000p\000e\000\040\000D\000o\000c\000u\000m\000e\000n\000t\000a\000t\000i\000o\000n}{section.21.15}% 285
\BOOKMARK [3][-]{subsubsection.21.15.2.1}{\376\377\0002\0001\000.\0001\0005\000.\0002\000.\0001\000\040\000T\000N\000\137\000M\000u\000t\000e\000x\000P\000r\000o\000t\000o\000c\000o\000l}{subsection.21.15.2}% 286
\BOOKMARK [2][-]{subsection.21.15.3}{\376\377\0002\0001\000.\0001\0005\000.\0003\000\040\000F\000u\000n\000c\000t\000i\000o\000n\000\040\000D\000o\000c\000u\000m\000e\000n\000t\000a\000t\000i\000o\000n}{section.21.15}% 287
\BOOKMARK [3][-]{subsubsection.21.15.3.1}{\376\377\0002\0001\000.\0001\0005\000.\0003\000.\0001\000\040\000t\000n\000\137\000m\000u\000t\000e\000x\000\137\000c\000r\000e\000a\000t\000e\000\050\000\051}{subsection.21.15.3}% 288
\BOOKMARK [3][-]{subsubsection.21.15.3.2}{\376\377\0002\0001\000.\0001\0005\000.\0003\000.\0002\000\040\000t\000n\000\137\000m\000u\000t\000e\000x\000\137\000d\000e\000l\000e\000t\000e\000\050\000\051}{subsection.21.15.3}% 289
\BOOKMARK [3][-]{subsubsection.21.15.3.3}{\376\377\0002\0001\000.\0001\0005\000.\0003\000.\0003\000\040\000t\000n\000\137\000m\000u\000t\000e\000x\000\137\000l\000o\000c\000k\000\050\000\051}{subsection.21.15.3}% 290
\BOOKMARK [3][-]{subsubsection.21.15.3.4}{\376\377\0002\0001\000.\0001\0005\000.\0003\000.\0004\000\040\000t\000n\000\137\000m\000u\000t\000e\000x\000\137\000l\000o\000c\000k\000\137\000p\000o\000l\000l\000i\000n\000g\000\050\000\051}{subsection.21.15.3}% 291
\BOOKMARK [3][-]{subsubsection.21.15.3.5}{\376\377\0002\0001\000.\0001\0005\000.\0003\000.\0005\000\040\000t\000n\000\137\000m\000u\000t\000e\000x\000\137\000u\000n\000l\000o\000c\000k\000\050\000\051}{subsection.21.15.3}% 292
\BOOKMARK [1][-]{section.21.16}{\376\377\0002\0001\000.\0001\0006\000\040\000c\000o\000r\000e\000/\000t\000n\000\137\000o\000l\000d\000s\000y\000m\000b\000o\000l\000s\000.\000h\000\040\000F\000i\000l\000e\000\040\000R\000e\000f\000e\000r\000e\000n\000c\000e}{chapter.21}% 293
\BOOKMARK [2][-]{subsection.21.16.1}{\376\377\0002\0001\000.\0001\0006\000.\0001\000\040\000D\000e\000t\000a\000i\000l\000e\000d\000\040\000D\000e\000s\000c\000r\000i\000p\000t\000i\000o\000n}{section.21.16}% 294
\BOOKMARK [2][-]{subsection.21.16.2}{\376\377\0002\0001\000.\0001\0006\000.\0002\000\040\000M\000a\000c\000r\000o\000\040\000D\000e\000f\000i\000n\000i\000t\000i\000o\000n\000\040\000D\000o\000c\000u\000m\000e\000n\000t\000a\000t\000i\000o\000n}{section.21.16}% 295
\BOOKMARK [3][-]{subsubsection.21.16.2.1}{\376\377\0002\0001\000.\0001\0006\000.\0002\000.\0001\000\040\000M\000A\000K\000E\000\137\000A\000L\000I\000G}{subsection.21.16.2}% 296
\BOOKMARK [3][-]{subsubsection.21.16.2.2}{\376\377\0002\0001\000.\0001\0006\000.\0002\000.\0002\000\040\000T\000N\000\137\000E\000V\000E\000N\000T\000\137\000A\000T\000T\000R\000\137\000S\000I\000N\000G\000L\000E}{subsection.21.16.2}% 297
\BOOKMARK [3][-]{subsubsection.21.16.2.3}{\376\377\0002\0001\000.\0001\0006\000.\0002\000.\0003\000\040\000T\000N\000\137\000E\000V\000E\000N\000T\000\137\000A\000T\000T\000R\000\137\000M\000U\000L\000T\000I}{subsection.21.16.2}% 298
\BOOKMARK [3][-]{subsubsection.21.16.2.4}{\376\377\0002\0001\000.\0001\0006\000.\0002\000.\0004\000\040\000T\000N\000\137\000E\000V\000E\000N\000T\000\137\000A\000T\000T\000R\000\137\000C\000L\000R}{subsection.21.16.2}% 299
\BOOKMARK [3][-]{subsubsection.21.16.2.5}{\376\377\0002\0001\000.\0001\0006\000.\0002\000.\0005\000\040\000t\000n\000\137\000e\000v\000e\000n\000t\000\137\000c\000r\000e\000a\000t\000e}{subsection.21.16.2}% 300
\BOOKMARK [3][-]{subsubsection.21.16.2.6}{\376\377\0002\0001\000.\0001\0006\000.\0002\000.\0006\000\040\000t\000n\000\137\000e\000v\000e\000n\000t\000\137\000d\000e\000l\000e\000t\000e}{subsection.21.16.2}% 301
\BOOKMARK [3][-]{subsubsection.21.16.2.7}{\376\377\0002\0001\000.\0001\0006\000.\0002\000.\0007\000\040\000t\000n\000\137\000e\000v\000e\000n\000t\000\137\000w\000a\000i\000t}{subsection.21.16.2}% 302
\BOOKMARK [3][-]{subsubsection.21.16.2.8}{\376\377\0002\0001\000.\0001\0006\000.\0002\000.\0008\000\040\000t\000n\000\137\000e\000v\000e\000n\000t\000\137\000w\000a\000i\000t\000\137\000p\000o\000l\000l\000i\000n\000g}{subsection.21.16.2}% 303
\BOOKMARK [3][-]{subsubsection.21.16.2.9}{\376\377\0002\0001\000.\0001\0006\000.\0002\000.\0009\000\040\000t\000n\000\137\000e\000v\000e\000n\000t\000\137\000i\000w\000a\000i\000t}{subsection.21.16.2}% 304
\BOOKMARK [3][-]{subsubsection.21.16.2.10}{\376\377\0002\0001\000.\0001\0006\000.\0002\000.\0001\0000\000\040\000t\000n\000\137\000e\000v\000e\000n\000t\000\137\000s\000e\000t}{subsection.21.16.2}% 305
\BOOKMARK [3][-]{subsubsection.21.16.2.11}{\376\377\0002\0001\000.\0001\0006\000.\0002\000.\0001\0001\000\040\000t\000n\000\137\000e\000v\000e\000n\000t\000\137\000i\000s\000e\000t}{subsection.21.16.2}% 306
\BOOKMARK [3][-]{subsubsection.21.16.2.12}{\376\377\0002\0001\000.\0001\0006\000.\0002\000.\0001\0002\000\040\000t\000n\000\137\000e\000v\000e\000n\000t\000\137\000c\000l\000e\000a\000r}{subsection.21.16.2}% 307
\BOOKMARK [3][-]{subsubsection.21.16.2.13}{\376\377\0002\0001\000.\0001\0006\000.\0002\000.\0001\0003\000\040\000t\000n\000\137\000e\000v\000e\000n\000t\000\137\000i\000c\000l\000e\000a\000r}{subsection.21.16.2}% 308
\BOOKMARK [1][-]{section.21.17}{\376\377\0002\0001\000.\0001\0007\000\040\000c\000o\000r\000e\000/\000t\000n\000\137\000s\000e\000m\000.\000h\000\040\000F\000i\000l\000e\000\040\000R\000e\000f\000e\000r\000e\000n\000c\000e}{chapter.21}% 309
\BOOKMARK [2][-]{subsection.21.17.1}{\376\377\0002\0001\000.\0001\0007\000.\0001\000\040\000D\000e\000t\000a\000i\000l\000e\000d\000\040\000D\000e\000s\000c\000r\000i\000p\000t\000i\000o\000n}{section.21.17}% 310
\BOOKMARK [2][-]{subsection.21.17.2}{\376\377\0002\0001\000.\0001\0007\000.\0002\000\040\000F\000u\000n\000c\000t\000i\000o\000n\000\040\000D\000o\000c\000u\000m\000e\000n\000t\000a\000t\000i\000o\000n}{section.21.17}% 311
\BOOKMARK [3][-]{subsubsection.21.17.2.1}{\376\377\0002\0001\000.\0001\0007\000.\0002\000.\0001\000\040\000t\000n\000\137\000s\000e\000m\000\137\000c\000r\000e\000a\000t\000e\000\050\000\051}{subsection.21.17.2}% 312
\BOOKMARK [3][-]{subsubsection.21.17.2.2}{\376\377\0002\0001\000.\0001\0007\000.\0002\000.\0002\000\040\000t\000n\000\137\000s\000e\000m\000\137\000d\000e\000l\000e\000t\000e\000\050\000\051}{subsection.21.17.2}% 313
\BOOKMARK [3][-]{subsubsection.21.17.2.3}{\376\377\0002\0001\000.\0001\0007\000.\0002\000.\0003\000\040\000t\000n\000\137\000s\000e\000m\000\137\000s\000i\000g\000n\000a\000l\000\050\000\051}{subsection.21.17.2}% 314
\BOOKMARK [3][-]{subsubsection.21.17.2.4}{\376\377\0002\0001\000.\0001\0007\000.\0002\000.\0004\000\040\000t\000n\000\137\000s\000e\000m\000\137\000i\000s\000i\000g\000n\000a\000l\000\050\000\051}{subsection.21.17.2}% 315
\BOOKMARK [3][-]{subsubsection.21.17.2.5}{\376\377\0002\0001\000.\0001\0007\000.\0002\000.\0005\000\040\000t\000n\000\137\000s\000e\000m\000\137\000w\000a\000i\000t\000\050\000\051}{subsection.21.17.2}% 316
\BOOKMARK [3][-]{subsubsection.21.17.2.6}{\376\377\0002\0001\000.\0001\0007\000.\0002\000.\0006\000\040\000t\000n\000\137\000s\000e\000m\000\137\000w\000a\000i\000t\000\137\000p\000o\000l\000l\000i\000n\000g\000\050\000\051}{subsection.21.17.2}% 317
\BOOKMARK [3][-]{subsubsection.21.17.2.7}{\376\377\0002\0001\000.\0001\0007\000.\0002\000.\0007\000\040\000t\000n\000\137\000s\000e\000m\000\137\000i\000w\000a\000i\000t\000\137\000p\000o\000l\000l\000i\000n\000g\000\050\000\051}{subsection.21.17.2}% 318
\BOOKMARK [1][-]{section.21.18}{\376\377\0002\0001\000.\0001\0008\000\040\000c\000o\000r\000e\000/\000t\000n\000\137\000s\000y\000s\000.\000h\000\040\000F\000i\000l\000e\000\040\000R\000e\000f\000e\000r\000e\000n\000c\000e}{chapter.21}% 319
\BOOKMARK [2][-]{subsection.21.18.1}{\376\377\0002\0001\000.\0001\0008\000.\0001\000\040\000D\000e\000t\000a\000i\000l\000e\000d\000\040\000D\000e\000s\000c\000r\000i\000p\000t\000i\000o\000n}{section.21.18}% 320
\BOOKMARK [2][-]{subsection.21.18.2}{\376\377\0002\0001\000.\0001\0008\000.\0002\000\040\000M\000a\000c\000r\000o\000\040\000D\000e\000f\000i\000n\000i\000t\000i\000o\000n\000\040\000D\000o\000c\000u\000m\000e\000n\000t\000a\000t\000i\000o\000n}{section.21.18}% 321
\BOOKMARK [3][-]{subsubsection.21.18.2.1}{\376\377\0002\0001\000.\0001\0008\000.\0002\000.\0001\000\040\000T\000N\000\137\000S\000T\000A\000C\000K\000\137\000A\000R\000R\000\137\000D\000E\000F}{subsection.21.18.2}% 322
\BOOKMARK [3][-]{subsubsection.21.18.2.2}{\376\377\0002\0001\000.\0001\0008\000.\0002\000.\0002\000\040\000\137\000T\000N\000\137\000B\000U\000I\000L\000D\000\137\000C\000F\000G\000\137\000A\000R\000C\000H\000\137\000S\000T\000R\000U\000C\000T\000\137\000F\000I\000L\000L}{subsection.21.18.2}% 323
\BOOKMARK [3][-]{subsubsection.21.18.2.3}{\376\377\0002\0001\000.\0001\0008\000.\0002\000.\0003\000\040\000\137\000T\000N\000\137\000B\000U\000I\000L\000D\000\137\000C\000F\000G\000\137\000S\000T\000R\000U\000C\000T\000\137\000F\000I\000L\000L}{subsection.21.18.2}% 324
\BOOKMARK [2][-]{subsection.21.18.3}{\376\377\0002\0001\000.\0001\0008\000.\0003\000\040\000T\000y\000p\000e\000d\000e\000f\000\040\000D\000o\000c\000u\000m\000e\000n\000t\000a\000t\000i\000o\000n}{section.21.18}% 325
\BOOKMARK [3][-]{subsubsection.21.18.3.1}{\376\377\0002\0001\000.\0001\0008\000.\0003\000.\0001\000\040\000T\000N\000\137\000C\000B\000U\000s\000e\000r\000T\000a\000s\000k\000C\000r\000e\000a\000t\000e}{subsection.21.18.3}% 326
\BOOKMARK [3][-]{subsubsection.21.18.3.2}{\376\377\0002\0001\000.\0001\0008\000.\0003\000.\0002\000\040\000T\000N\000\137\000C\000B\000I\000d\000l\000e}{subsection.21.18.3}% 327
\BOOKMARK [3][-]{subsubsection.21.18.3.3}{\376\377\0002\0001\000.\0001\0008\000.\0003\000.\0003\000\040\000T\000N\000\137\000C\000B\000S\000t\000a\000c\000k\000O\000v\000e\000r\000f\000l\000o\000w}{subsection.21.18.3}% 328
\BOOKMARK [3][-]{subsubsection.21.18.3.4}{\376\377\0002\0001\000.\0001\0008\000.\0003\000.\0004\000\040\000T\000N\000\137\000C\000B\000D\000e\000a\000d\000l\000o\000c\000k}{subsection.21.18.3}% 329
\BOOKMARK [2][-]{subsection.21.18.4}{\376\377\0002\0001\000.\0001\0008\000.\0004\000\040\000E\000n\000u\000m\000e\000r\000a\000t\000i\000o\000n\000\040\000T\000y\000p\000e\000\040\000D\000o\000c\000u\000m\000e\000n\000t\000a\000t\000i\000o\000n}{section.21.18}% 330
\BOOKMARK [3][-]{subsubsection.21.18.4.1}{\376\377\0002\0001\000.\0001\0008\000.\0004\000.\0001\000\040\000T\000N\000\137\000S\000t\000a\000t\000e\000F\000l\000a\000g}{subsection.21.18.4}% 331
\BOOKMARK [3][-]{subsubsection.21.18.4.2}{\376\377\0002\0001\000.\0001\0008\000.\0004\000.\0002\000\040\000T\000N\000\137\000C\000o\000n\000t\000e\000x\000t}{subsection.21.18.4}% 332
\BOOKMARK [2][-]{subsection.21.18.5}{\376\377\0002\0001\000.\0001\0008\000.\0005\000\040\000F\000u\000n\000c\000t\000i\000o\000n\000\040\000D\000o\000c\000u\000m\000e\000n\000t\000a\000t\000i\000o\000n}{section.21.18}% 333
\BOOKMARK [3][-]{subsubsection.21.18.5.1}{\376\377\0002\0001\000.\0001\0008\000.\0005\000.\0001\000\040\000t\000n\000\137\000s\000y\000s\000\137\000s\000t\000a\000r\000t\000\050\000\051}{subsection.21.18.5}% 334
\BOOKMARK [3][-]{subsubsection.21.18.5.2}{\376\377\0002\0001\000.\0001\0008\000.\0005\000.\0002\000\040\000t\000n\000\137\000t\000i\000c\000k\000\137\000i\000n\000t\000\137\000p\000r\000o\000c\000e\000s\000s\000i\000n\000g\000\050\000\051}{subsection.21.18.5}% 335
\BOOKMARK [3][-]{subsubsection.21.18.5.3}{\376\377\0002\0001\000.\0001\0008\000.\0005\000.\0003\000\040\000t\000n\000\137\000s\000y\000s\000\137\000t\000s\000l\000i\000c\000e\000\137\000s\000e\000t\000\050\000\051}{subsection.21.18.5}% 336
\BOOKMARK [3][-]{subsubsection.21.18.5.4}{\376\377\0002\0001\000.\0001\0008\000.\0005\000.\0004\000\040\000t\000n\000\137\000s\000y\000s\000\137\000t\000i\000m\000e\000\137\000g\000e\000t\000\050\000\051}{subsection.21.18.5}% 337
\BOOKMARK [3][-]{subsubsection.21.18.5.5}{\376\377\0002\0001\000.\0001\0008\000.\0005\000.\0005\000\040\000t\000n\000\137\000c\000a\000l\000l\000b\000a\000c\000k\000\137\000d\000e\000a\000d\000l\000o\000c\000k\000\137\000s\000e\000t\000\050\000\051}{subsection.21.18.5}% 338
\BOOKMARK [3][-]{subsubsection.21.18.5.6}{\376\377\0002\0001\000.\0001\0008\000.\0005\000.\0006\000\040\000t\000n\000\137\000c\000a\000l\000l\000b\000a\000c\000k\000\137\000s\000t\000a\000c\000k\000\137\000o\000v\000e\000r\000f\000l\000o\000w\000\137\000s\000e\000t\000\050\000\051}{subsection.21.18.5}% 339
\BOOKMARK [3][-]{subsubsection.21.18.5.7}{\376\377\0002\0001\000.\0001\0008\000.\0005\000.\0007\000\040\000t\000n\000\137\000s\000y\000s\000\137\000s\000t\000a\000t\000e\000\137\000f\000l\000a\000g\000s\000\137\000g\000e\000t\000\050\000\051}{subsection.21.18.5}% 340
\BOOKMARK [3][-]{subsubsection.21.18.5.8}{\376\377\0002\0001\000.\0001\0008\000.\0005\000.\0008\000\040\000t\000n\000\137\000s\000y\000s\000\137\000c\000o\000n\000t\000e\000x\000t\000\137\000g\000e\000t\000\050\000\051}{subsection.21.18.5}% 341
\BOOKMARK [3][-]{subsubsection.21.18.5.9}{\376\377\0002\0001\000.\0001\0008\000.\0005\000.\0009\000\040\000t\000n\000\137\000i\000s\000\137\000t\000a\000s\000k\000\137\000c\000o\000n\000t\000e\000x\000t\000\050\000\051}{subsection.21.18.5}% 342
\BOOKMARK [3][-]{subsubsection.21.18.5.10}{\376\377\0002\0001\000.\0001\0008\000.\0005\000.\0001\0000\000\040\000t\000n\000\137\000i\000s\000\137\000i\000s\000r\000\137\000c\000o\000n\000t\000e\000x\000t\000\050\000\051}{subsection.21.18.5}% 343
\BOOKMARK [3][-]{subsubsection.21.18.5.11}{\376\377\0002\0001\000.\0001\0008\000.\0005\000.\0001\0001\000\040\000t\000n\000\137\000c\000u\000r\000\137\000t\000a\000s\000k\000\137\000g\000e\000t\000\050\000\051}{subsection.21.18.5}% 344
\BOOKMARK [3][-]{subsubsection.21.18.5.12}{\376\377\0002\0001\000.\0001\0008\000.\0005\000.\0001\0002\000\040\000t\000n\000\137\000c\000u\000r\000\137\000t\000a\000s\000k\000\137\000b\000o\000d\000y\000\137\000g\000e\000t\000\050\000\051}{subsection.21.18.5}% 345
\BOOKMARK [3][-]{subsubsection.21.18.5.13}{\376\377\0002\0001\000.\0001\0008\000.\0005\000.\0001\0003\000\040\000t\000n\000\137\000s\000c\000h\000e\000d\000\137\000d\000i\000s\000\137\000s\000a\000v\000e\000\050\000\051}{subsection.21.18.5}% 346
\BOOKMARK [3][-]{subsubsection.21.18.5.14}{\376\377\0002\0001\000.\0001\0008\000.\0005\000.\0001\0004\000\040\000t\000n\000\137\000s\000c\000h\000e\000d\000\137\000r\000e\000s\000t\000o\000r\000e\000\050\000\051}{subsection.21.18.5}% 347
\BOOKMARK [3][-]{subsubsection.21.18.5.15}{\376\377\0002\0001\000.\0001\0008\000.\0005\000.\0001\0005\000\040\000t\000n\000\137\000c\000a\000l\000l\000b\000a\000c\000k\000\137\000d\000y\000n\000\137\000t\000i\000c\000k\000\137\000s\000e\000t\000\050\000\051}{subsection.21.18.5}% 348
\BOOKMARK [1][-]{section.21.19}{\376\377\0002\0001\000.\0001\0009\000\040\000c\000o\000r\000e\000/\000t\000n\000\137\000t\000a\000s\000k\000s\000.\000h\000\040\000F\000i\000l\000e\000\040\000R\000e\000f\000e\000r\000e\000n\000c\000e}{chapter.21}% 349
\BOOKMARK [2][-]{subsection.21.19.1}{\376\377\0002\0001\000.\0001\0009\000.\0001\000\040\000D\000e\000t\000a\000i\000l\000e\000d\000\040\000D\000e\000s\000c\000r\000i\000p\000t\000i\000o\000n}{section.21.19}% 350
\BOOKMARK [2][-]{subsection.21.19.2}{\376\377\0002\0001\000.\0001\0009\000.\0002\000\040\000T\000a\000s\000k}{section.21.19}% 351
\BOOKMARK [2][-]{subsection.21.19.3}{\376\377\0002\0001\000.\0001\0009\000.\0003\000\040\000T\000a\000s\000k\000\040\000s\000t\000a\000t\000e\000s}{section.21.19}% 352
\BOOKMARK [2][-]{subsection.21.19.4}{\376\377\0002\0001\000.\0001\0009\000.\0004\000\040\000C\000r\000e\000a\000t\000i\000n\000g\000/\000s\000t\000a\000r\000t\000i\000n\000g\000\040\000t\000a\000s\000k\000s}{section.21.19}% 353
\BOOKMARK [2][-]{subsection.21.19.5}{\376\377\0002\0001\000.\0001\0009\000.\0005\000\040\000S\000t\000o\000p\000p\000i\000n\000g\000/\000d\000e\000l\000e\000t\000i\000n\000g\000\040\000t\000a\000s\000k\000s}{section.21.19}% 354
\BOOKMARK [2][-]{subsection.21.19.6}{\376\377\0002\0001\000.\0001\0009\000.\0006\000\040\000S\000c\000h\000e\000d\000u\000l\000i\000n\000g\000\040\000r\000u\000l\000e\000s}{section.21.19}% 355
\BOOKMARK [2][-]{subsection.21.19.7}{\376\377\0002\0001\000.\0001\0009\000.\0007\000\040\000I\000d\000l\000e\000\040\000t\000a\000s\000k}{section.21.19}% 356
\BOOKMARK [2][-]{subsection.21.19.8}{\376\377\0002\0001\000.\0001\0009\000.\0008\000\040\000E\000n\000u\000m\000e\000r\000a\000t\000i\000o\000n\000\040\000T\000y\000p\000e\000\040\000D\000o\000c\000u\000m\000e\000n\000t\000a\000t\000i\000o\000n}{section.21.19}% 357
\BOOKMARK [3][-]{subsubsection.21.19.8.1}{\376\377\0002\0001\000.\0001\0009\000.\0008\000.\0001\000\040\000T\000N\000\137\000T\000a\000s\000k\000S\000t\000a\000t\000e}{subsection.21.19.8}% 358
\BOOKMARK [3][-]{subsubsection.21.19.8.2}{\376\377\0002\0001\000.\0001\0009\000.\0008\000.\0002\000\040\000T\000N\000\137\000W\000a\000i\000t\000R\000e\000a\000s\000o\000n}{subsection.21.19.8}% 359
\BOOKMARK [3][-]{subsubsection.21.19.8.3}{\376\377\0002\0001\000.\0001\0009\000.\0008\000.\0003\000\040\000T\000N\000\137\000T\000a\000s\000k\000C\000r\000e\000a\000t\000e\000O\000p\000t}{subsection.21.19.8}% 360
\BOOKMARK [3][-]{subsubsection.21.19.8.4}{\376\377\0002\0001\000.\0001\0009\000.\0008\000.\0004\000\040\000T\000N\000\137\000T\000a\000s\000k\000E\000x\000i\000t\000O\000p\000t}{subsection.21.19.8}% 361
\BOOKMARK [2][-]{subsection.21.19.9}{\376\377\0002\0001\000.\0001\0009\000.\0009\000\040\000F\000u\000n\000c\000t\000i\000o\000n\000\040\000D\000o\000c\000u\000m\000e\000n\000t\000a\000t\000i\000o\000n}{section.21.19}% 362
\BOOKMARK [3][-]{subsubsection.21.19.9.1}{\376\377\0002\0001\000.\0001\0009\000.\0009\000.\0001\000\040\000t\000n\000\137\000t\000a\000s\000k\000\137\000c\000r\000e\000a\000t\000e\000\050\000\051}{subsection.21.19.9}% 363
\BOOKMARK [3][-]{subsubsection.21.19.9.2}{\376\377\0002\0001\000.\0001\0009\000.\0009\000.\0002\000\040\000t\000n\000\137\000t\000a\000s\000k\000\137\000s\000u\000s\000p\000e\000n\000d\000\050\000\051}{subsection.21.19.9}% 364
\BOOKMARK [3][-]{subsubsection.21.19.9.3}{\376\377\0002\0001\000.\0001\0009\000.\0009\000.\0003\000\040\000t\000n\000\137\000t\000a\000s\000k\000\137\000r\000e\000s\000u\000m\000e\000\050\000\051}{subsection.21.19.9}% 365
\BOOKMARK [3][-]{subsubsection.21.19.9.4}{\376\377\0002\0001\000.\0001\0009\000.\0009\000.\0004\000\040\000t\000n\000\137\000t\000a\000s\000k\000\137\000s\000l\000e\000e\000p\000\050\000\051}{subsection.21.19.9}% 366
\BOOKMARK [3][-]{subsubsection.21.19.9.5}{\376\377\0002\0001\000.\0001\0009\000.\0009\000.\0005\000\040\000t\000n\000\137\000t\000a\000s\000k\000\137\000w\000a\000k\000e\000u\000p\000\050\000\051}{subsection.21.19.9}% 367
\BOOKMARK [3][-]{subsubsection.21.19.9.6}{\376\377\0002\0001\000.\0001\0009\000.\0009\000.\0006\000\040\000t\000n\000\137\000t\000a\000s\000k\000\137\000i\000w\000a\000k\000e\000u\000p\000\050\000\051}{subsection.21.19.9}% 368
\BOOKMARK [3][-]{subsubsection.21.19.9.7}{\376\377\0002\0001\000.\0001\0009\000.\0009\000.\0007\000\040\000t\000n\000\137\000t\000a\000s\000k\000\137\000a\000c\000t\000i\000v\000a\000t\000e\000\050\000\051}{subsection.21.19.9}% 369
\BOOKMARK [3][-]{subsubsection.21.19.9.8}{\376\377\0002\0001\000.\0001\0009\000.\0009\000.\0008\000\040\000t\000n\000\137\000t\000a\000s\000k\000\137\000i\000a\000c\000t\000i\000v\000a\000t\000e\000\050\000\051}{subsection.21.19.9}% 370
\BOOKMARK [3][-]{subsubsection.21.19.9.9}{\376\377\0002\0001\000.\0001\0009\000.\0009\000.\0009\000\040\000t\000n\000\137\000t\000a\000s\000k\000\137\000r\000e\000l\000e\000a\000s\000e\000\137\000w\000a\000i\000t\000\050\000\051}{subsection.21.19.9}% 371
\BOOKMARK [3][-]{subsubsection.21.19.9.10}{\376\377\0002\0001\000.\0001\0009\000.\0009\000.\0001\0000\000\040\000t\000n\000\137\000t\000a\000s\000k\000\137\000i\000r\000e\000l\000e\000a\000s\000e\000\137\000w\000a\000i\000t\000\050\000\051}{subsection.21.19.9}% 372
\BOOKMARK [3][-]{subsubsection.21.19.9.11}{\376\377\0002\0001\000.\0001\0009\000.\0009\000.\0001\0001\000\040\000t\000n\000\137\000t\000a\000s\000k\000\137\000e\000x\000i\000t\000\050\000\051}{subsection.21.19.9}% 373
\BOOKMARK [3][-]{subsubsection.21.19.9.12}{\376\377\0002\0001\000.\0001\0009\000.\0009\000.\0001\0002\000\040\000t\000n\000\137\000t\000a\000s\000k\000\137\000t\000e\000r\000m\000i\000n\000a\000t\000e\000\050\000\051}{subsection.21.19.9}% 374
\BOOKMARK [3][-]{subsubsection.21.19.9.13}{\376\377\0002\0001\000.\0001\0009\000.\0009\000.\0001\0003\000\040\000t\000n\000\137\000t\000a\000s\000k\000\137\000d\000e\000l\000e\000t\000e\000\050\000\051}{subsection.21.19.9}% 375
\BOOKMARK [3][-]{subsubsection.21.19.9.14}{\376\377\0002\0001\000.\0001\0009\000.\0009\000.\0001\0004\000\040\000t\000n\000\137\000t\000a\000s\000k\000\137\000s\000t\000a\000t\000e\000\137\000g\000e\000t\000\050\000\051}{subsection.21.19.9}% 376
\BOOKMARK [3][-]{subsubsection.21.19.9.15}{\376\377\0002\0001\000.\0001\0009\000.\0009\000.\0001\0005\000\040\000t\000n\000\137\000t\000a\000s\000k\000\137\000p\000r\000o\000f\000i\000l\000e\000r\000\137\000t\000i\000m\000i\000n\000g\000\137\000g\000e\000t\000\050\000\051}{subsection.21.19.9}% 377
\BOOKMARK [3][-]{subsubsection.21.19.9.16}{\376\377\0002\0001\000.\0001\0009\000.\0009\000.\0001\0006\000\040\000t\000n\000\137\000t\000a\000s\000k\000\137\000c\000h\000a\000n\000g\000e\000\137\000p\000r\000i\000o\000r\000i\000t\000y\000\050\000\051}{subsection.21.19.9}% 378
\BOOKMARK [1][-]{section.21.20}{\376\377\0002\0001\000.\0002\0000\000\040\000c\000o\000r\000e\000/\000t\000n\000\137\000t\000i\000m\000e\000r\000.\000h\000\040\000F\000i\000l\000e\000\040\000R\000e\000f\000e\000r\000e\000n\000c\000e}{chapter.21}% 379
\BOOKMARK [2][-]{subsection.21.20.1}{\376\377\0002\0001\000.\0002\0000\000.\0001\000\040\000D\000e\000t\000a\000i\000l\000e\000d\000\040\000D\000e\000s\000c\000r\000i\000p\000t\000i\000o\000n}{section.21.20}% 380
\BOOKMARK [2][-]{subsection.21.20.2}{\376\377\0002\0001\000.\0002\0000\000.\0002\000\040\000I\000m\000p\000l\000e\000m\000e\000n\000t\000a\000t\000i\000o\000n\000\040\000o\000f\000\040\000s\000t\000a\000t\000i\000c\000\040\000t\000i\000m\000e\000r\000s}{section.21.20}% 381
\BOOKMARK [2][-]{subsection.21.20.3}{\376\377\0002\0001\000.\0002\0000\000.\0003\000\040\000T\000y\000p\000e\000d\000e\000f\000\040\000D\000o\000c\000u\000m\000e\000n\000t\000a\000t\000i\000o\000n}{section.21.20}% 382
\BOOKMARK [3][-]{subsubsection.21.20.3.1}{\376\377\0002\0001\000.\0002\0000\000.\0003\000.\0001\000\040\000T\000N\000\137\000T\000i\000m\000e\000r\000F\000u\000n\000c}{subsection.21.20.3}% 383
\BOOKMARK [3][-]{subsubsection.21.20.3.2}{\376\377\0002\0001\000.\0002\0000\000.\0003\000.\0002\000\040\000T\000N\000\137\000C\000B\000T\000i\000c\000k\000S\000c\000h\000e\000d\000u\000l\000e}{subsection.21.20.3}% 384
\BOOKMARK [3][-]{subsubsection.21.20.3.3}{\376\377\0002\0001\000.\0002\0000\000.\0003\000.\0003\000\040\000T\000N\000\137\000C\000B\000T\000i\000c\000k\000C\000n\000t\000G\000e\000t}{subsection.21.20.3}% 385
\BOOKMARK [2][-]{subsection.21.20.4}{\376\377\0002\0001\000.\0002\0000\000.\0004\000\040\000F\000u\000n\000c\000t\000i\000o\000n\000\040\000D\000o\000c\000u\000m\000e\000n\000t\000a\000t\000i\000o\000n}{section.21.20}% 386
\BOOKMARK [3][-]{subsubsection.21.20.4.1}{\376\377\0002\0001\000.\0002\0000\000.\0004\000.\0001\000\040\000t\000n\000\137\000t\000i\000m\000e\000r\000\137\000c\000r\000e\000a\000t\000e\000\050\000\051}{subsection.21.20.4}% 387
\BOOKMARK [3][-]{subsubsection.21.20.4.2}{\376\377\0002\0001\000.\0002\0000\000.\0004\000.\0002\000\040\000t\000n\000\137\000t\000i\000m\000e\000r\000\137\000d\000e\000l\000e\000t\000e\000\050\000\051}{subsection.21.20.4}% 388
\BOOKMARK [3][-]{subsubsection.21.20.4.3}{\376\377\0002\0001\000.\0002\0000\000.\0004\000.\0003\000\040\000t\000n\000\137\000t\000i\000m\000e\000r\000\137\000s\000t\000a\000r\000t\000\050\000\051}{subsection.21.20.4}% 389
\BOOKMARK [3][-]{subsubsection.21.20.4.4}{\376\377\0002\0001\000.\0002\0000\000.\0004\000.\0004\000\040\000t\000n\000\137\000t\000i\000m\000e\000r\000\137\000c\000a\000n\000c\000e\000l\000\050\000\051}{subsection.21.20.4}% 390
\BOOKMARK [3][-]{subsubsection.21.20.4.5}{\376\377\0002\0001\000.\0002\0000\000.\0004\000.\0005\000\040\000t\000n\000\137\000t\000i\000m\000e\000r\000\137\000s\000e\000t\000\137\000f\000u\000n\000c\000\050\000\051}{subsection.21.20.4}% 391
\BOOKMARK [3][-]{subsubsection.21.20.4.6}{\376\377\0002\0001\000.\0002\0000\000.\0004\000.\0006\000\040\000t\000n\000\137\000t\000i\000m\000e\000r\000\137\000i\000s\000\137\000a\000c\000t\000i\000v\000e\000\050\000\051}{subsection.21.20.4}% 392
\BOOKMARK [3][-]{subsubsection.21.20.4.7}{\376\377\0002\0001\000.\0002\0000\000.\0004\000.\0007\000\040\000t\000n\000\137\000t\000i\000m\000e\000r\000\137\000t\000i\000m\000e\000\137\000l\000e\000f\000t\000\050\000\051}{subsection.21.20.4}% 393
\BOOKMARK [1][-]{section.21.21}{\376\377\0002\0001\000.\0002\0001\000\040\000t\000n\000.\000h\000\040\000F\000i\000l\000e\000\040\000R\000e\000f\000e\000r\000e\000n\000c\000e}{chapter.21}% 394
\BOOKMARK [2][-]{subsection.21.21.1}{\376\377\0002\0001\000.\0002\0001\000.\0001\000\040\000D\000e\000t\000a\000i\000l\000e\000d\000\040\000D\000e\000s\000c\000r\000i\000p\000t\000i\000o\000n}{section.21.21}% 395
\BOOKMARK [1][-]{section.21.22}{\376\377\0002\0001\000.\0002\0002\000\040\000t\000n\000\137\000a\000p\000p\000\137\000c\000h\000e\000c\000k\000.\000c\000\040\000F\000i\000l\000e\000\040\000R\000e\000f\000e\000r\000e\000n\000c\000e}{chapter.21}% 396
\BOOKMARK [2][-]{subsection.21.22.1}{\376\377\0002\0001\000.\0002\0002\000.\0001\000\040\000D\000e\000t\000a\000i\000l\000e\000d\000\040\000D\000e\000s\000c\000r\000i\000p\000t\000i\000o\000n}{section.21.22}% 397
\BOOKMARK [2][-]{subsection.21.22.2}{\376\377\0002\0001\000.\0002\0002\000.\0002\000\040\000F\000u\000n\000c\000t\000i\000o\000n\000\040\000D\000o\000c\000u\000m\000e\000n\000t\000a\000t\000i\000o\000n}{section.21.22}% 398
\BOOKMARK [3][-]{subsubsection.21.22.2.1}{\376\377\0002\0001\000.\0002\0002\000.\0002\000.\0001\000\040\000y\000o\000u\000\137\000s\000h\000o\000u\000l\000d\000\137\000a\000d\000d\000\137\000f\000i\000l\000e\000\137\000\137\000\137\000t\000n\000\137\000a\000p\000p\000\137\000c\000h\000e\000c\000k\000\137\000c\000\137\000\137\000\137\000t\000o\000\137\000t\000h\000e\000\137\000p\000r\000o\000j\000e\000c\000t\000\050\000\051}{subsection.21.22.2}% 399
\BOOKMARK [1][-]{section.21.23}{\376\377\0002\0001\000.\0002\0003\000\040\000t\000n\000\137\000c\000f\000g\000\137\000d\000e\000f\000a\000u\000l\000t\000.\000h\000\040\000F\000i\000l\000e\000\040\000R\000e\000f\000e\000r\000e\000n\000c\000e}{chapter.21}% 400
\BOOKMARK [2][-]{subsection.21.23.1}{\376\377\0002\0001\000.\0002\0003\000.\0001\000\040\000D\000e\000t\000a\000i\000l\000e\000d\000\040\000D\000e\000s\000c\000r\000i\000p\000t\000i\000o\000n}{section.21.23}% 401
\BOOKMARK [2][-]{subsection.21.23.2}{\376\377\0002\0001\000.\0002\0003\000.\0002\000\040\000M\000a\000c\000r\000o\000\040\000D\000e\000f\000i\000n\000i\000t\000i\000o\000n\000\040\000D\000o\000c\000u\000m\000e\000n\000t\000a\000t\000i\000o\000n}{section.21.23}% 402
\BOOKMARK [3][-]{subsubsection.21.23.2.1}{\376\377\0002\0001\000.\0002\0003\000.\0002\000.\0001\000\040\000T\000N\000\137\000C\000H\000E\000C\000K\000\137\000B\000U\000I\000L\000D\000\137\000C\000F\000G}{subsection.21.23.2}% 403
\BOOKMARK [3][-]{subsubsection.21.23.2.2}{\376\377\0002\0001\000.\0002\0003\000.\0002\000.\0002\000\040\000T\000N\000\137\000P\000R\000I\000O\000R\000I\000T\000I\000E\000S\000\137\000C\000N\000T}{subsection.21.23.2}% 404
\BOOKMARK [3][-]{subsubsection.21.23.2.3}{\376\377\0002\0001\000.\0002\0003\000.\0002\000.\0003\000\040\000T\000N\000\137\000C\000H\000E\000C\000K\000\137\000P\000A\000R\000A\000M}{subsection.21.23.2}% 405
\BOOKMARK [3][-]{subsubsection.21.23.2.4}{\376\377\0002\0001\000.\0002\0003\000.\0002\000.\0004\000\040\000T\000N\000\137\000D\000E\000B\000U\000G}{subsection.21.23.2}% 406
\BOOKMARK [3][-]{subsubsection.21.23.2.5}{\376\377\0002\0001\000.\0002\0003\000.\0002\000.\0005\000\040\000T\000N\000\137\000O\000L\000D\000\137\000T\000N\000K\000E\000R\000N\000E\000L\000\137\000N\000A\000M\000E\000S}{subsection.21.23.2}% 407
\BOOKMARK [3][-]{subsubsection.21.23.2.6}{\376\377\0002\0001\000.\0002\0003\000.\0002\000.\0006\000\040\000T\000N\000\137\000M\000U\000T\000E\000X\000\137\000D\000E\000A\000D\000L\000O\000C\000K\000\137\000D\000E\000T\000E\000C\000T}{subsection.21.23.2}% 408
\BOOKMARK [3][-]{subsubsection.21.23.2.7}{\376\377\0002\0001\000.\0002\0003\000.\0002\000.\0007\000\040\000T\000N\000\137\000T\000I\000C\000K\000\137\000L\000I\000S\000T\000S\000\137\000C\000N\000T}{subsection.21.23.2}% 409
\BOOKMARK [3][-]{subsubsection.21.23.2.8}{\376\377\0002\0001\000.\0002\0003\000.\0002\000.\0008\000\040\000T\000N\000\137\000A\000P\000I\000\137\000M\000A\000K\000E\000\137\000A\000L\000I\000G\000\137\000A\000R\000G}{subsection.21.23.2}% 410
\BOOKMARK [3][-]{subsubsection.21.23.2.9}{\376\377\0002\0001\000.\0002\0003\000.\0002\000.\0009\000\040\000T\000N\000\137\000P\000R\000O\000F\000I\000L\000E\000R}{subsection.21.23.2}% 411
\BOOKMARK [3][-]{subsubsection.21.23.2.10}{\376\377\0002\0001\000.\0002\0003\000.\0002\000.\0001\0000\000\040\000T\000N\000\137\000P\000R\000O\000F\000I\000L\000E\000R\000\137\000W\000A\000I\000T\000\137\000T\000I\000M\000E}{subsection.21.23.2}% 412
\BOOKMARK [3][-]{subsubsection.21.23.2.11}{\376\377\0002\0001\000.\0002\0003\000.\0002\000.\0001\0001\000\040\000T\000N\000\137\000I\000N\000I\000T\000\137\000I\000N\000T\000E\000R\000R\000U\000P\000T\000\137\000S\000T\000A\000C\000K\000\137\000S\000P\000A\000C\000E}{subsection.21.23.2}% 413
\BOOKMARK [3][-]{subsubsection.21.23.2.12}{\376\377\0002\0001\000.\0002\0003\000.\0002\000.\0001\0002\000\040\000T\000N\000\137\000S\000T\000A\000C\000K\000\137\000O\000V\000E\000R\000F\000L\000O\000W\000\137\000C\000H\000E\000C\000K}{subsection.21.23.2}% 414
\BOOKMARK [3][-]{subsubsection.21.23.2.13}{\376\377\0002\0001\000.\0002\0003\000.\0002\000.\0001\0003\000\040\000T\000N\000\137\000O\000L\000D\000\137\000E\000V\000E\000N\000T\000\137\000A\000P\000I}{subsection.21.23.2}% 415
\BOOKMARK [3][-]{subsubsection.21.23.2.14}{\376\377\0002\0001\000.\0002\0003\000.\0002\000.\0001\0004\000\040\000T\000N\000\137\000M\000A\000X\000\137\000I\000N\000L\000I\000N\000E}{subsection.21.23.2}% 416
\BOOKMARK [3][-]{subsubsection.21.23.2.15}{\376\377\0002\0001\000.\0002\0003\000.\0002\000.\0001\0005\000\040\000T\000N\000\137\000P\0002\0004\000\137\000S\000Y\000S\000\137\000I\000P\000L}{subsection.21.23.2}% 417
\BOOKMARK [0][-]{section*.58}{\376\377\000I\000n\000d\000e\000x}{}% 418
