This is pdfTeX, Version 3.14159265-2.6-1.40.20 (TeX Live 2019/Debian) (preloaded format=pdflatex 2022.12.24)  28 DEC 2024 20:20
entering extended mode
 restricted \write18 enabled.
 %&-line parsing enabled.
**refman
(./refman.tex
LaTeX2e <2020-02-02> patch level 2
L3 programming layer <2020-02-14>
(/usr/share/texlive/texmf-dist/tex/latex/base/book.cls
Document Class: book 2019/12/20 v1.4l Standard LaTeX document class
(/usr/share/texlive/texmf-dist/tex/latex/base/bk10.clo
File: bk10.clo 2019/12/20 v1.4l Standard LaTeX file (size option)
)
\c@part=\count167
\c@chapter=\count168
\c@section=\count169
\c@subsection=\count170
\c@subsubsection=\count171
\c@paragraph=\count172
\c@subparagraph=\count173
\c@figure=\count174
\c@table=\count175
\abovecaptionskip=\skip47
\belowcaptionskip=\skip48
\bibindent=\dimen134
)
(/usr/share/texlive/texmf-dist/tex/latex/base/ifthen.sty
Package: ifthen 2014/09/29 v1.1c Standard LaTeX ifthen package (DPC)
)
(/usr/share/texlive/texmf-dist/tex/latex/tools/array.sty
Rollback for package 'array' requested -> date 2016-10-06.
         Best approximation is the release introduced on 2016-10-06.

(/usr/share/texlive/texmf-dist/tex/latex/tools/array-2016-10-06.sty
Package: array 2016/10/06 v2.4d Tabular extension package (FMi)
\col@sep=\dimen135
\extrarowheight=\dimen136
\NC@list=\toks14
\extratabsurround=\skip49
\backup@length=\skip50
))
(/usr/share/texlive/texmf-dist/tex/latex/base/fixltx2e.sty
Package: fixltx2e 2016/12/29 v2.1a fixes to LaTeX (obsolete)
Applying: [2015/01/01] Old fixltx2e package on input line 46.


Package fixltx2e Warning: fixltx2e is not required with releases after 2015
(fixltx2e)                All fixes are now in the LaTeX kernel.
(fixltx2e)                See the latexrelease package for details.

Already applied: [0000/00/00] Old fixltx2e package on input line 53.
) (/usr/share/texlive/texmf-dist/tex/latex/tools/calc.sty
Package: calc 2017/05/25 v4.3 Infix arithmetic (KKT,FJ)
\calc@Acount=\count176
\calc@Bcount=\count177
\calc@Adimen=\dimen137
\calc@Bdimen=\dimen138
\calc@Askip=\skip51
\calc@Bskip=\skip52
LaTeX Info: Redefining \setlength on input line 80.
LaTeX Info: Redefining \addtolength on input line 81.
\calc@Ccount=\count178
\calc@Cskip=\skip53
) (./doxygen.sty
Package: doxygen 

(/usr/share/texlive/texmf-dist/tex/latex/base/alltt.sty
Package: alltt 1997/06/16 v2.0g defines alltt environment
)
(/usr/share/texlive/texmf-dist/tex/latex/float/float.sty
Package: float 2001/11/08 v1.3d Float enhancements (AL)
\c@float@type=\count179
\float@exts=\toks15
\float@box=\box45
\@float@everytoks=\toks16
\@floatcapt=\box46
)
(/usr/share/texlive/texmf-dist/tex/latex/tools/verbatim.sty
Package: verbatim 2019/11/10 v1.5r LaTeX2e package for verbatim enhancements
\every@verbatim=\toks17
\verbatim@line=\toks18
\verbatim@in@stream=\read2
)
(/usr/share/texlive/texmf-dist/tex/latex/xcolor/xcolor.sty
Package: xcolor 2016/05/11 v2.12 LaTeX color extensions (UK)

(/usr/share/texlive/texmf-dist/tex/latex/graphics-cfg/color.cfg
File: color.cfg 2016/01/02 v1.6 sample color configuration
)
Package xcolor Info: Driver file: pdftex.def on input line 225.

(/usr/share/texlive/texmf-dist/tex/latex/graphics-def/pdftex.def
File: pdftex.def 2018/01/08 v1.0l Graphics/color driver for pdftex
)
(/usr/share/texlive/texmf-dist/tex/latex/colortbl/colortbl.sty
Package: colortbl 2020/01/04 v1.0e Color table columns (DPC)
\everycr=\toks19
\minrowclearance=\skip54
)
\rownum=\count180
Package xcolor Info: Model `cmy' substituted by `cmy0' on input line 1348.
Package xcolor Info: Model `hsb' substituted by `rgb' on input line 1352.
Package xcolor Info: Model `RGB' extended on input line 1364.
Package xcolor Info: Model `HTML' substituted by `rgb' on input line 1366.
Package xcolor Info: Model `Hsb' substituted by `hsb' on input line 1367.
Package xcolor Info: Model `tHsb' substituted by `hsb' on input line 1368.
Package xcolor Info: Model `HSB' substituted by `hsb' on input line 1369.
Package xcolor Info: Model `Gray' substituted by `gray' on input line 1370.
Package xcolor Info: Model `wave' substituted by `hsb' on input line 1371.
)
(./longtable_doxygen.sty
Package: longtable_doxygen 2014/10/28 v4.11 Multi-page Table package (DPC) - fr
ozen version for doxygen
\LTleft=\skip55
\LTright=\skip56
\LTpre=\skip57
\LTpost=\skip58
\LTchunksize=\count181
\LTcapwidth=\dimen139
\LT@head=\box47
\LT@firsthead=\box48
\LT@foot=\box49
\LT@lastfoot=\box50
\LT@cols=\count182
\LT@rows=\count183
\c@LT@tables=\count184
\c@LT@chunks=\count185
\LT@p@ftn=\toks20
) (./tabu_doxygen.sty
Package: tabu_doxygen 2011/02/26 v2.8 - flexible LaTeX tabulars (FC), frozen ve
rsion for doxygen

(/usr/share/texlive/texmf-dist/tex/latex/varwidth/varwidth.sty
Package: varwidth 2009/03/30 ver 0.92;  Variable-width minipages
\@vwid@box=\box51
\sift@deathcycles=\count186
\@vwid@loff=\dimen140
\@vwid@roff=\dimen141
)
\c@taburow=\count187
\tabu@nbcols=\count188
\tabu@cnt=\count189
\tabu@Xcol=\count190
\tabu@alloc=\count191
\tabu@nested=\count192
\tabu@target=\dimen142
\tabu@spreadtarget=\dimen143
\tabu@naturalX=\dimen144
\tabucolX=\dimen145
\tabu@Xsum=\dimen146
\extrarowdepth=\dimen147
\abovetabulinesep=\dimen148
\belowtabulinesep=\dimen149
\tabustrutrule=\dimen150
\tabu@thebody=\toks21
\tabu@footnotes=\toks22
\tabu@box=\box52
\tabu@arstrutbox=\box53
\tabu@hleads=\box54
\tabu@vleads=\box55
\tabu@cellskip=\skip59
)
(/usr/share/texlive/texmf-dist/tex/latex/fancyvrb/fancyvrb.sty
Package: fancyvrb 2020/01/13 v3.5 verbatim text (tvz,hv)

(/usr/share/texlive/texmf-dist/tex/latex/graphics/keyval.sty
Package: keyval 2014/10/28 v1.15 key=value parser (DPC)
\KV@toks@=\toks23
)
\FV@CodeLineNo=\count193
\FV@InFile=\read3
\FV@TabBox=\box56
\c@FancyVerbLine=\count194
\FV@StepNumber=\count195
\FV@OutFile=\write3
)
(/usr/share/texlive/texmf-dist/tex/latex/tools/tabularx.sty
Package: tabularx 2020/01/15 v2.11c `tabularx' package (DPC)
\TX@col@width=\dimen151
\TX@old@table=\dimen152
\TX@old@col=\dimen153
\TX@target=\dimen154
\TX@delta=\dimen155
\TX@cols=\count196
\TX@ftn=\toks24
)
(/usr/share/texlive/texmf-dist/tex/latex/multirow/multirow.sty
Package: multirow 2019/05/31 v2.5 Span multiple rows of a table
\multirow@colwidth=\skip60
\multirow@cntb=\count197
\multirow@dima=\skip61
\bigstrutjot=\dimen156
)
(/usr/share/texlive/texmf-dist/tex/latex/hanging/hanging.sty
Package: hanging 2009/09/02 v1.2b hanging paragraphs and punctuation
\h@ngcommawd=\skip62
\h@ngfstopwd=\skip63
\h@ngquotewd=\skip64
\h@ngdquotewd=\skip65
\h@ngquerywd=\skip66
\h@ngexclwd=\skip67
\h@ngcolonwd=\skip68
\h@ngscolonwd=\skip69
)
(/usr/share/texlive/texmf-dist/tex/generic/iftex/ifpdf.sty
Package: ifpdf 2019/10/25 v3.4 ifpdf legacy package. Use iftex instead.

(/usr/share/texlive/texmf-dist/tex/generic/iftex/iftex.sty
Package: iftex 2019/11/07 v1.0c TeX engine tests
))
(/usr/share/texlive/texmf-dist/tex/latex/adjustbox/adjustbox.sty
Package: adjustbox 2019/01/04 v1.2 Adjusting TeX boxes (trim, clip, ...)

(/usr/share/texlive/texmf-dist/tex/latex/xkeyval/xkeyval.sty
Package: xkeyval 2014/12/03 v2.7a package option processing (HA)

(/usr/share/texlive/texmf-dist/tex/generic/xkeyval/xkeyval.tex
(/usr/share/texlive/texmf-dist/tex/generic/xkeyval/xkvutils.tex
\XKV@toks=\toks25
\XKV@tempa@toks=\toks26
)
\XKV@depth=\count198
File: xkeyval.tex 2014/12/03 v2.7a key=value parser (HA)
))
(/usr/share/texlive/texmf-dist/tex/latex/adjustbox/adjcalc.sty
Package: adjcalc 2012/05/16 v1.1 Provides advanced setlength with multiple back
-ends (calc, etex, pgfmath)
)
(/usr/share/texlive/texmf-dist/tex/latex/adjustbox/trimclip.sty
Package: trimclip 2018/04/08 v1.1 Trim and clip general TeX material

(/usr/share/texlive/texmf-dist/tex/latex/graphics/graphicx.sty
Package: graphicx 2019/11/30 v1.2a Enhanced LaTeX Graphics (DPC,SPQR)

(/usr/share/texlive/texmf-dist/tex/latex/graphics/graphics.sty
Package: graphics 2019/11/30 v1.4a Standard LaTeX Graphics (DPC,SPQR)

(/usr/share/texlive/texmf-dist/tex/latex/graphics/trig.sty
Package: trig 2016/01/03 v1.10 sin cos tan (DPC)
)
(/usr/share/texlive/texmf-dist/tex/latex/graphics-cfg/graphics.cfg
File: graphics.cfg 2016/06/04 v1.11 sample graphics configuration
)
Package graphics Info: Driver file: pdftex.def on input line 105.
)
\Gin@req@height=\dimen157
\Gin@req@width=\dimen158
)
(/usr/share/texlive/texmf-dist/tex/latex/collectbox/collectbox.sty
Package: collectbox 2012/05/17 v0.4b Collect macro arguments as boxes
\collectedbox=\box57
)
\tc@llx=\dimen159
\tc@lly=\dimen160
\tc@urx=\dimen161
\tc@ury=\dimen162
Package trimclip Info: Using driver 'tc-pdftex.def'.

(/usr/share/texlive/texmf-dist/tex/latex/adjustbox/tc-pdftex.def
File: tc-pdftex.def 2019/01/04 v2.2 Clipping driver for pdftex
))
\adjbox@Width=\dimen163
\adjbox@Height=\dimen164
\adjbox@Depth=\dimen165
\adjbox@Totalheight=\dimen166
\adjbox@pwidth=\dimen167
\adjbox@pheight=\dimen168
\adjbox@pdepth=\dimen169
\adjbox@ptotalheight=\dimen170

(/usr/share/texlive/texmf-dist/tex/latex/ifoddpage/ifoddpage.sty
Package: ifoddpage 2016/04/23 v1.1 Conditionals for odd/even page detection
\c@checkoddpage=\count199
))
(/usr/share/texlive/texmf-dist/tex/latex/amsfonts/amssymb.sty
Package: amssymb 2013/01/14 v3.01 AMS font symbols

(/usr/share/texlive/texmf-dist/tex/latex/amsfonts/amsfonts.sty
Package: amsfonts 2013/01/14 v3.01 Basic AMSFonts support
\@emptytoks=\toks27
\symAMSa=\mathgroup4
\symAMSb=\mathgroup5
LaTeX Font Info:    Redeclaring math symbol \hbar on input line 98.
LaTeX Font Info:    Overwriting math alphabet `\mathfrak' in version `bold'
(Font)                  U/euf/m/n --> U/euf/b/n on input line 106.
))
(/usr/share/texlive/texmf-dist/tex/latex/stackengine/stackengine.sty
Package: stackengine 2017/02/13 v4.01\ Stacking text and objects in convenient 
ways

(/usr/share/texlive/texmf-dist/tex/latex/etoolbox/etoolbox.sty
Package: etoolbox 2019/09/21 v2.5h e-TeX tools for LaTeX (JAW)
\etb@tempcnta=\count266
)
(/usr/share/texlive/texmf-dist/tex/generic/listofitems/listofitems.sty
(/usr/share/texlive/texmf-dist/tex/generic/listofitems/listofitems.tex
\loi_cnt_foreach_nest=\count267
\loi_nestcnt=\count268
)
Package: listofitems 2019/08/21 v1.63 Grab items in lists using user-specified 
sep char (CT)
)
\c@@stackindex=\count269
\@boxshift=\skip70
\stack@tmplength=\skip71
\temp@stkl=\skip72
\@stackedboxwidth=\skip73
\@addedbox=\box58
\@anchorbox=\box59
\stackedbox=\box60
\@centerbox=\box61
\c@ROWcellindex@=\count270
)
(/usr/share/texlive/texmf-dist/tex/generic/ulem/ulem.sty
\UL@box=\box62
\UL@hyphenbox=\box63
\UL@skip=\skip74
\UL@hook=\toks28
\UL@height=\dimen171
\UL@pe=\count271
\UL@pixel=\dimen172
\ULC@box=\box64
Package: ulem 2019/11/18
\ULdepth=\dimen173
)
\xrefbox=\box65
\xreflength=\skip75
\CodeWidthChar=\skip76
\CodeHeightChar=\skip77
\DoxyCodeWidth=\skip78
)
(/usr/share/texlive/texmf-dist/tex/latex/base/inputenc.sty
Package: inputenc 2018/08/11 v1.3c Input encoding file
\inpenc@prehook=\toks29
\inpenc@posthook=\toks30
)
(/usr/share/texlive/texmf-dist/tex/latex/base/makeidx.sty
Package: makeidx 2014/09/29 v1.0m Standard LaTeX package
)
(/usr/share/texlive/texmf-dist/tex/latex/tools/multicol.sty
Package: multicol 2019/12/09 v1.8y multicolumn formatting (FMi)
\c@tracingmulticols=\count272
\mult@box=\box66
\multicol@leftmargin=\dimen174
\c@unbalance=\count273
\c@collectmore=\count274
\doublecol@number=\count275
\multicoltolerance=\count276
\multicolpretolerance=\count277
\full@width=\dimen175
\page@free=\dimen176
\premulticols=\dimen177
\postmulticols=\dimen178
\multicolsep=\skip79
\multicolbaselineskip=\skip80
\partial@page=\box67
\last@line=\box68
\maxbalancingoverflow=\dimen179
\mult@rightbox=\box69
\mult@grightbox=\box70
\mult@gfirstbox=\box71
\mult@firstbox=\box72
\@tempa=\box73
\@tempa=\box74
\@tempa=\box75
\@tempa=\box76
\@tempa=\box77
\@tempa=\box78
\@tempa=\box79
\@tempa=\box80
\@tempa=\box81
\@tempa=\box82
\@tempa=\box83
\@tempa=\box84
\@tempa=\box85
\@tempa=\box86
\@tempa=\box87
\@tempa=\box88
\@tempa=\box89
\@tempa=\box90
\@tempa=\box91
\@tempa=\box92
\@tempa=\box93
\@tempa=\box94
\@tempa=\box95
\@tempa=\box96
\@tempa=\box97
\@tempa=\box98
\@tempa=\box99
\@tempa=\box100
\@tempa=\box101
\@tempa=\box102
\@tempa=\box103
\@tempa=\box104
\@tempa=\box105
\@tempa=\box106
\@tempa=\box107
\@tempa=\box108
\@tempa=\box109
\c@minrows=\count278
\c@columnbadness=\count279
\c@finalcolumnbadness=\count280
\last@try=\dimen180
\multicolovershoot=\dimen181
\multicolundershoot=\dimen182
\mult@nat@firstbox=\box110
\colbreak@box=\box111
\mc@col@check@num=\count281
)
(/usr/share/texlive/texmf-dist/tex/latex/base/textcomp.sty
Package: textcomp 2020/02/02 v2.0n Standard LaTeX package
)
(/usr/share/texlive/texmf-dist/tex/latex/wasysym/wasysym.sty
Package: wasysym 2020/01/19 v2.4 Wasy-2 symbol support package
\symwasy=\mathgroup6
LaTeX Font Info:    Overwriting symbol font `wasy' in version `bold'
(Font)                  U/wasy/m/n --> U/wasy/b/n on input line 93.
)
(/usr/share/texlive/texmf-dist/tex/generic/iftex/ifxetex.sty
Package: ifxetex 2019/10/25 v0.7 ifxetex legacy package. Use iftex instead.
)
(/usr/share/texlive/texmf-dist/tex/latex/base/fontenc.sty
Package: fontenc 2020/02/11 v2.0o Standard LaTeX package
)
(/usr/share/texlive/texmf-dist/tex/latex/psnfss/helvet.sty
Package: helvet 2005/04/12 PSNFSS-v9.2a (WaS) 
)
(/usr/share/texlive/texmf-dist/tex/latex/psnfss/courier.sty
Package: courier 2005/04/12 PSNFSS-v9.2a (WaS) 
)
(/usr/share/texlive/texmf-dist/tex/latex/sectsty/sectsty.sty
Package: sectsty 2002/02/25 v2.0.2 Commands to change all sectional heading sty
les


LaTeX Warning: Command \underbar  has changed.
               Check if current package is valid.


LaTeX Warning: Command \underline  has changed.
               Check if current package is valid.

) (/usr/share/texlive/texmf-dist/tex/latex/geometry/geometry.sty
Package: geometry 2020/01/02 v5.9 Page Geometry

(/usr/share/texlive/texmf-dist/tex/generic/iftex/ifvtex.sty
Package: ifvtex 2019/10/25 v1.7 ifvtex legacy package. Use iftex instead.
)
\Gm@cnth=\count282
\Gm@cntv=\count283
\c@Gm@tempcnt=\count284
\Gm@bindingoffset=\dimen183
\Gm@wd@mp=\dimen184
\Gm@odd@mp=\dimen185
\Gm@even@mp=\dimen186
\Gm@layoutwidth=\dimen187
\Gm@layoutheight=\dimen188
\Gm@layouthoffset=\dimen189
\Gm@layoutvoffset=\dimen190
\Gm@dimlist=\toks31
)
(/usr/share/texlive/texmf-dist/tex/latex/fancyhdr/fancyhdr.sty
Package: fancyhdr 2019/01/31 v3.10 Extensive control of page headers and footer
s
\f@nch@headwidth=\skip81
\f@nch@O@elh=\skip82
\f@nch@O@erh=\skip83
\f@nch@O@olh=\skip84
\f@nch@O@orh=\skip85
\f@nch@O@elf=\skip86
\f@nch@O@erf=\skip87
\f@nch@O@olf=\skip88
\f@nch@O@orf=\skip89
)
(/usr/share/texlive/texmf-dist/tex/latex/natbib/natbib.sty
Package: natbib 2010/09/13 8.31b (PWD, AO)
\bibhang=\skip90
\bibsep=\skip91
LaTeX Info: Redefining \cite on input line 694.
\c@NAT@ctr=\count285
)
(/usr/share/texlive/texmf-dist/tex/latex/tocloft/tocloft.sty
Package: tocloft 2017/08/31 v2.3i parameterised ToC, etc., typesetting
Package tocloft Info: The document has chapter divisions on input line 51.
\cftparskip=\skip92
\cftbeforetoctitleskip=\skip93
\cftaftertoctitleskip=\skip94
\cftbeforepartskip=\skip95
\cftpartnumwidth=\skip96
\cftpartindent=\skip97
\cftbeforechapskip=\skip98
\cftchapindent=\skip99
\cftchapnumwidth=\skip100
\cftbeforesecskip=\skip101
\cftsecindent=\skip102
\cftsecnumwidth=\skip103
\cftbeforesubsecskip=\skip104
\cftsubsecindent=\skip105
\cftsubsecnumwidth=\skip106
\cftbeforesubsubsecskip=\skip107
\cftsubsubsecindent=\skip108
\cftsubsubsecnumwidth=\skip109
\cftbeforeparaskip=\skip110
\cftparaindent=\skip111
\cftparanumwidth=\skip112
\cftbeforesubparaskip=\skip113
\cftsubparaindent=\skip114
\cftsubparanumwidth=\skip115
\cftbeforeloftitleskip=\skip116
\cftafterloftitleskip=\skip117
\cftbeforefigskip=\skip118
\cftfigindent=\skip119
\cftfignumwidth=\skip120
\c@lofdepth=\count286
\c@lotdepth=\count287
\cftbeforelottitleskip=\skip121
\cftafterlottitleskip=\skip122
\cftbeforetabskip=\skip123
\cfttabindent=\skip124
\cfttabnumwidth=\skip125
)
\@indexfile=\write4
\openout4 = `refman.idx'.


Writing index file refman.idx
(/usr/share/texlive/texmf-dist/tex/latex/newunicodechar/newunicodechar.sty
Package: newunicodechar 2018/04/08 v1.2 Defining Unicode characters
)

Package newunicodechar Warning: Redefining Unicode character on input line 116.



Package newunicodechar Warning: Redefining Unicode character on input line 117.


(/usr/share/texlive/texmf-dist/tex/latex/hyperref/hyperref.sty
Package: hyperref 2020/01/14 v7.00d Hypertext links for LaTeX

(/usr/share/texlive/texmf-dist/tex/generic/ltxcmds/ltxcmds.sty
Package: ltxcmds 2019/12/15 v1.24 LaTeX kernel commands for general use (HO)
)
(/usr/share/texlive/texmf-dist/tex/latex/pdftexcmds/pdftexcmds.sty
Package: pdftexcmds 2019/11/24 v0.31 Utility functions of pdfTeX for LuaTeX (HO
)

(/usr/share/texlive/texmf-dist/tex/generic/infwarerr/infwarerr.sty
Package: infwarerr 2019/12/03 v1.5 Providing info/warning/error messages (HO)
)
Package pdftexcmds Info: \pdf@primitive is available.
Package pdftexcmds Info: \pdf@ifprimitive is available.
Package pdftexcmds Info: \pdfdraftmode found.
)
(/usr/share/texlive/texmf-dist/tex/generic/kvsetkeys/kvsetkeys.sty
Package: kvsetkeys 2019/12/15 v1.18 Key value parser (HO)
)
(/usr/share/texlive/texmf-dist/tex/generic/kvdefinekeys/kvdefinekeys.sty
Package: kvdefinekeys 2019-12-19 v1.6 Define keys (HO)
)
(/usr/share/texlive/texmf-dist/tex/generic/pdfescape/pdfescape.sty
Package: pdfescape 2019/12/09 v1.15 Implements pdfTeX's escape features (HO)
)
(/usr/share/texlive/texmf-dist/tex/latex/hycolor/hycolor.sty
Package: hycolor 2020-01-27 v1.10 Color options for hyperref/bookmark (HO)
)
(/usr/share/texlive/texmf-dist/tex/latex/letltxmacro/letltxmacro.sty
Package: letltxmacro 2019/12/03 v1.6 Let assignment for LaTeX macros (HO)
)
(/usr/share/texlive/texmf-dist/tex/latex/auxhook/auxhook.sty
Package: auxhook 2019-12-17 v1.6 Hooks for auxiliary files (HO)
)
(/usr/share/texlive/texmf-dist/tex/latex/kvoptions/kvoptions.sty
Package: kvoptions 2019/11/29 v3.13 Key value format for package options (HO)
)
\@linkdim=\dimen191
\Hy@linkcounter=\count288
\Hy@pagecounter=\count289

(/usr/share/texlive/texmf-dist/tex/latex/hyperref/pd1enc.def
File: pd1enc.def 2020/01/14 v7.00d Hyperref: PDFDocEncoding definition (HO)
Now handling font encoding PD1 ...
... no UTF-8 mapping file for font encoding PD1
)
(/usr/share/texlive/texmf-dist/tex/generic/intcalc/intcalc.sty
Package: intcalc 2019/12/15 v1.3 Expandable calculations with integers (HO)
)
(/usr/share/texlive/texmf-dist/tex/generic/etexcmds/etexcmds.sty
Package: etexcmds 2019/12/15 v1.7 Avoid name clashes with e-TeX commands (HO)
)
\Hy@SavedSpaceFactor=\count290
\pdfmajorversion=\count291
Package hyperref Info: Hyper figures OFF on input line 4547.
Package hyperref Info: Link nesting OFF on input line 4552.
Package hyperref Info: Hyper index ON on input line 4555.
Package hyperref Info: Plain pages OFF on input line 4562.
Package hyperref Info: Backreferencing ON on input line 4565.
Package hyperref Info: Implicit mode ON; LaTeX internals redefined.
Package hyperref Info: Bookmarks ON on input line 4800.

(/usr/share/texlive/texmf-dist/tex/latex/hyperref/backref.sty
Package: backref 2020/01/14 v1.40 Bibliographical back referencing

(/usr/share/texlive/texmf-dist/tex/latex/rerunfilecheck/rerunfilecheck.sty
Package: rerunfilecheck 2019/12/05 v1.9 Rerun checks for auxiliary files (HO)

(/usr/share/texlive/texmf-dist/tex/latex/atveryend/atveryend.sty
Package: atveryend 2019-12-11 v1.11 Hooks at the very end of document (HO)
)
(/usr/share/texlive/texmf-dist/tex/generic/uniquecounter/uniquecounter.sty
Package: uniquecounter 2019/12/15 v1.4 Provide unlimited unique counter (HO)

(/usr/share/texlive/texmf-dist/tex/generic/bigintcalc/bigintcalc.sty
Package: bigintcalc 2019/12/15 v1.5 Expandable calculations on big integers (HO
)
))
Package uniquecounter Info: New unique counter `rerunfilecheck' on input line 2
86.
))
\c@Hy@tempcnt=\count292

(/usr/share/texlive/texmf-dist/tex/latex/url/url.sty
\Urlmuskip=\muskip16
Package: url 2013/09/16  ver 3.4  Verb mode for urls, etc.
)
LaTeX Info: Redefining \url on input line 5159.
\XeTeXLinkMargin=\dimen192

(/usr/share/texlive/texmf-dist/tex/generic/bitset/bitset.sty
Package: bitset 2019/12/09 v1.3 Handle bit-vector datatype (HO)
)
\Fld@menulength=\count293
\Field@Width=\dimen193
\Fld@charsize=\dimen194
Package hyperref Info: Hyper figures OFF on input line 6430.
Package hyperref Info: Link nesting OFF on input line 6435.
Package hyperref Info: Hyper index ON on input line 6438.
Package hyperref Info: backreferencing ON on input line 6443.
Package hyperref Info: Link coloring OFF on input line 6450.
Package hyperref Info: Link coloring with OCG OFF on input line 6455.
Package hyperref Info: PDF/A mode OFF on input line 6460.
LaTeX Info: Redefining \ref on input line 6500.
LaTeX Info: Redefining \pageref on input line 6504.

(/usr/share/texlive/texmf-dist/tex/generic/atbegshi/atbegshi.sty
Package: atbegshi 2019/12/05 v1.19 At begin shipout hook (HO)
)
\Hy@abspage=\count294
\c@Item=\count295
\c@Hfootnote=\count296
)
Package hyperref Info: Driver: hpdftex.

(/usr/share/texlive/texmf-dist/tex/latex/hyperref/hpdftex.def
File: hpdftex.def 2020/01/14 v7.00d Hyperref driver for pdfTeX
\Fld@listcount=\count297
\c@bookmark@seq@number=\count298
\Hy@SectionHShift=\skip126
)
Package hyperref Info: Option `colorlinks' set `true' on input line 135.
Package hyperref Info: Option `unicode' set `true' on input line 135.

(/usr/share/texlive/texmf-dist/tex/latex/hyperref/puenc.def
File: puenc.def 2020/01/14 v7.00d Hyperref: PDF Unicode definition (HO)
Now handling font encoding PU ...
... no UTF-8 mapping file for font encoding PU
)
(/usr/share/texlive/texmf-dist/tex/latex/caption/caption.sty
Package: caption 2020/01/03 v3.4h Customizing captions (AR)

(/usr/share/texlive/texmf-dist/tex/latex/caption/caption3.sty
Package: caption3 2020/01/03 v1.8h caption3 kernel (AR)
Package caption3 Info: TeX engine: e-TeX on input line 61.
\captionmargin=\dimen195
\captionmargin@=\dimen196
\captionwidth=\dimen197
\caption@tempdima=\dimen198
\caption@indent=\dimen199
\caption@parindent=\dimen256
\caption@hangindent=\dimen257
Package caption Info: Standard document class detected.
)
\c@caption@flags=\count299
\c@continuedfloat=\count300
Package caption Info: float package is loaded.
Package caption Info: hyperref package is loaded.
Package caption Info: longtable package is loaded.

(/usr/share/texlive/texmf-dist/tex/latex/caption/ltcaption.sty
Package: ltcaption 2018/08/26 v1.4a longtable captions (AR)
))
(/usr/share/texlive/texmf-dist/tex/latex/etoc/etoc.sty
Package: etoc 2019/11/17 v1.09b Completely customisable TOCs (JFB)
\Etoc@toctoks=\toks32
\c@etoc@tocid=\count301
\c@etoc@tocdepth=\count302
\etoc@framed@titlebox=\box112
\etoc@framed@contentsbox=\box113
)
(/usr/share/texlive/texmf-dist/tex/latex/l3backend/l3backend-pdfmode.def
File: l3backend-pdfmode.def 2020-02-03 L3 backend support: PDF mode
\l__kernel_color_stack_int=\count303
\l__pdf_internal_box=\box114
)
(./refman.aux)
\openout1 = `refman.aux'.

LaTeX Font Info:    Checking defaults for OML/cmm/m/it on input line 150.
LaTeX Font Info:    ... okay on input line 150.
LaTeX Font Info:    Checking defaults for OMS/cmsy/m/n on input line 150.
LaTeX Font Info:    ... okay on input line 150.
LaTeX Font Info:    Checking defaults for OT1/cmr/m/n on input line 150.
LaTeX Font Info:    ... okay on input line 150.
LaTeX Font Info:    Checking defaults for T1/cmr/m/n on input line 150.
LaTeX Font Info:    ... okay on input line 150.
LaTeX Font Info:    Checking defaults for TS1/cmr/m/n on input line 150.
LaTeX Font Info:    ... okay on input line 150.
LaTeX Font Info:    Checking defaults for OMX/cmex/m/n on input line 150.
LaTeX Font Info:    ... okay on input line 150.
LaTeX Font Info:    Checking defaults for U/cmr/m/n on input line 150.
LaTeX Font Info:    ... okay on input line 150.
LaTeX Font Info:    Checking defaults for PD1/pdf/m/n on input line 150.
LaTeX Font Info:    ... okay on input line 150.
LaTeX Font Info:    Checking defaults for PU/pdf/m/n on input line 150.
LaTeX Font Info:    ... okay on input line 150.
LaTeX Font Info:    Trying to load font information for T1+phv on input line 15
0.
 (/usr/share/texlive/texmf-dist/tex/latex/psnfss/t1phv.fd
File: t1phv.fd 2001/06/04 scalable font definitions for T1/phv.
)
LaTeX Font Info:    Font shape `T1/phv/m/n' will be
(Font)              scaled to size 8.99994pt on input line 150.

(/usr/share/texlive/texmf-dist/tex/context/base/mkii/supp-pdf.mkii
[Loading MPS to PDF converter (version 2006.09.02).]
\scratchcounter=\count304
\scratchdimen=\dimen258
\scratchbox=\box115
\nofMPsegments=\count305
\nofMParguments=\count306
\everyMPshowfont=\toks33
\MPscratchCnt=\count307
\MPscratchDim=\dimen259
\MPnumerator=\count308
\makeMPintoPDFobject=\count309
\everyMPtoPDFconversion=\toks34
) (/usr/share/texlive/texmf-dist/tex/latex/epstopdf-pkg/epstopdf-base.sty
Package: epstopdf-base 2020-01-24 v2.11 Base part for package epstopdf
Package epstopdf-base Info: Redefining graphics rule for `.eps' on input line 4
85.

(/usr/share/texlive/texmf-dist/tex/latex/latexconfig/epstopdf-sys.cfg
File: epstopdf-sys.cfg 2010/07/13 v1.3 Configuration of (r)epstopdf for TeX Liv
e
))
*geometry* driver: auto-detecting
*geometry* detected driver: pdftex
*geometry* verbose mode - [ preamble ] result:
* driver: pdftex
* paper: a4paper
* layout: <same size as paper>
* layoutoffset:(h,v)=(0.0pt,0.0pt)
* modes: twoside 
* h-part:(L,W,R)=(71.13188pt, 455.24411pt, 71.13188pt)
* v-part:(T,H,B)=(71.13188pt, 702.78308pt, 71.13188pt)
* \paperwidth=597.50787pt
* \paperheight=845.04684pt
* \textwidth=455.24411pt
* \textheight=702.78308pt
* \oddsidemargin=-1.1381pt
* \evensidemargin=-1.1381pt
* \topmargin=-31.2056pt
* \headheight=12.0pt
* \headsep=18.06749pt
* \topskip=10.0pt
* \footskip=25.29494pt
* \marginparwidth=125.0pt
* \marginparsep=7.0pt
* \columnsep=10.0pt
* \skip\footins=9.0pt plus 4.0pt minus 2.0pt
* \hoffset=0.0pt
* \voffset=0.0pt
* \mag=1000
* \@twocolumnfalse
* \@twosidetrue
* \@mparswitchtrue
* \@reversemarginfalse
* (1in=72.27pt=25.4mm, 1cm=28.453pt)

Package backref Info: ** backref set up for natbib ** on input line 150.
\AtBeginShipoutBox=\box116
Package hyperref Info: Link coloring ON on input line 150.
(/usr/share/texlive/texmf-dist/tex/latex/hyperref/nameref.sty
Package: nameref 2019/09/16 v2.46 Cross-referencing by name of section

(/usr/share/texlive/texmf-dist/tex/latex/refcount/refcount.sty
Package: refcount 2019/12/15 v3.6 Data extraction from label references (HO)
)
(/usr/share/texlive/texmf-dist/tex/generic/gettitlestring/gettitlestring.sty
Package: gettitlestring 2019/12/15 v1.6 Cleanup title references (HO)
)
\c@section@level=\count310
)
LaTeX Info: Redefining \ref on input line 150.
LaTeX Info: Redefining \pageref on input line 150.
LaTeX Info: Redefining \nameref on input line 150.

(./refman.out) (./refman.out)
\@outlinefile=\write5
\openout5 = `refman.out'.

Package caption Info: Begin \AtBeginDocument code.
Package caption Info: End \AtBeginDocument code.
\Etoc@tf=\read4
Package hyperref Info: Option `pageanchor' set `false' on input line 156.
Package hyperref Info: Option `bookmarksnumbered' set `true' on input line 156.

Package hyperref Info: Option `unicode' set `true' on input line 156.
LaTeX Font Info:    Font shape `T1/phv/m/n' will be
(Font)              scaled to size 12.9599pt on input line 161.
LaTeX Font Info:    Font shape `T1/phv/m/n' will be
(Font)              scaled to size 6.29996pt on input line 161.
LaTeX Font Info:    Trying to load font information for U+msa on input line 161
.

(/usr/share/texlive/texmf-dist/tex/latex/amsfonts/umsa.fd
File: umsa.fd 2013/01/14 v3.01 AMS symbols A
)
LaTeX Font Info:    Trying to load font information for U+msb on input line 161
.

(/usr/share/texlive/texmf-dist/tex/latex/amsfonts/umsb.fd
File: umsb.fd 2013/01/14 v3.01 AMS symbols B
)
LaTeX Font Info:    Trying to load font information for U+wasy on input line 16
1.

(/usr/share/texlive/texmf-dist/tex/latex/wasysym/uwasy.fd
File: uwasy.fd 2020/01/19 v2.4 Wasy-2 symbol font definitions
)
LaTeX Font Info:    Font shape `T1/phv/m/n' will be
(Font)              scaled to size 10.79993pt on input line 161.
 [1


{/var/lib/texmf/fonts/map/pdftex/updmap/pdftex.map}] [2

]
\tf@toc=\write6
\openout6 = `refman.toc'.

LaTeX Font Info:    Font shape `T1/phv/b/n' will be
(Font)              scaled to size 8.99994pt on input line 169.
LaTeX Font Info:    Font shape `T1/phv/b/n' will be
(Font)              scaled to size 6.29996pt on input line 169.
 [1]
LaTeX Font Info:    Trying to load font information for TS1+phv on input line 1
69.

(/usr/share/texlive/texmf-dist/tex/latex/psnfss/ts1phv.fd
File: ts1phv.fd 2001/06/04 scalable font definitions for TS1/phv.
)
LaTeX Font Info:    Font shape `TS1/phv/m/n' will be
(Font)              scaled to size 8.99994pt on input line 169.
 [2] [3] [4] [5]
[6] [7] [8] [9] [10] [11] [12

]
Package hyperref Info: Option `pageanchor' set `true' on input line 171.

Chapter 1.
LaTeX Font Info:    Font shape `T1/phv/m/n' will be
(Font)              scaled to size 18.66588pt on input line 174.
LaTeX Font Info:    Font shape `T1/phv/b/n' will be
(Font)              scaled to size 18.66588pt on input line 174.
LaTeX Font Info:    Font shape `T1/phv/bc/n' will be
(Font)              scaled to size 18.66588pt on input line 174.
LaTeX Font Info:    Font shape `T1/phv/m/n' will be
(Font)              scaled to size 22.39185pt on input line 174.
LaTeX Font Info:    Font shape `T1/phv/b/n' will be
(Font)              scaled to size 22.39185pt on input line 174.
LaTeX Font Info:    Font shape `T1/phv/bc/n' will be
(Font)              scaled to size 22.39185pt on input line 174.
LaTeX Font Info:    Font shape `T1/phv/bc/n' will be
(Font)              scaled to size 6.29996pt on input line 174.
(./index.tex
LaTeX Font Info:    Trying to load font information for T1+pcr on input line 3.

 (/usr/share/texlive/texmf-dist/tex/latex/psnfss/t1pcr.fd
File: t1pcr.fd 2001/06/04 font definitions for T1/pcr.
) [1

])
[2]
Chapter 2.
(./foreword.tex) [3

] [4

]
Chapter 3.
(./features.tex
LaTeX Font Info:    Font shape `T1/phv/b/n' will be
(Font)              scaled to size 12.9599pt on input line 1.
) [5] [6

]
Chapter 4.
(./quick_guide.tex
LaTeX Font Info:    Font shape `T1/phv/m/it' in size <10> not available
(Font)              Font shape `T1/phv/m/sl' tried instead on input line 4.
LaTeX Font Info:    Font shape `T1/phv/m/sl' will be
(Font)              scaled to size 8.99994pt on input line 4.

Underfull \hbox (badness 874) in paragraph at lines 12--13
[]\T1/phv/m/n/10 Copy de-fault con-fig-u-ra-tion file as cur-rent con-fig-u-ra-
tion file[]: \T1/pcr/m/n/10 cp $\OML/cmm/m/it/10 <$\T1/pcr/m/n/10 tneo[]_[]path
$\OML/cmm/m/it/10 >$\T1/pcr/m/n/10 /src/tn[]_[]cfg[]_[]
 []

LaTeX Font Info:    Font shape `T1/phv/bc/n' will be
(Font)              scaled to size 8.99994pt on input line 18.

Underfull \hbox (badness 10000) detected at line 18
[][][]
 []


Package hyperref Warning: Difference (2) between bookmark levels is greater 
(hyperref)                than one, level fixed on input line 23.


Overfull \hbox (17.0879pt too wide) in paragraph at lines 26--27
[]\T1/phv/m/n/10 You al-lo-cate ar-rays for idle task stack and in-ter-rupt sta
ck, there is a con-ve-nience macro []
 []

[7]
Underfull \hbox (badness 10000) detected at line 53
[][][]
 []

[8]
Underfull \vbox (badness 10000) has occurred while \output is active []

 [9]
Underfull \vbox (badness 10000) has occurred while \output is active []

 [10]
Underfull \hbox (badness 10000) detected at line 357
[][][]
 []

) [11] [12

]
Chapter 5.
(./time_ticks.tex
Underfull \hbox (badness 10000) detected at line 38
[][][]
 []

) [13] [14

]
Chapter 6.
(./interrupts.tex
LaTeX Font Info:    Font shape `T1/phv/b/it' in size <10> not available
(Font)              Font shape `T1/phv/b/sl' tried instead on input line 16.
LaTeX Font Info:    Font shape `T1/phv/b/sl' will be
(Font)              scaled to size 8.99994pt on input line 16.
) [15] [16

]
Chapter 7.
(./building.tex
LaTeX Font Info:    Font shape `T1/phv/m/n' will be
(Font)              scaled to size 7.19995pt on input line 8.
LaTeX Font Info:    Font shape `T1/phv/b/n' will be
(Font)              scaled to size 10.79993pt on input line 15.
 [17] [18]) [19] [20

]
Chapter 8.
(./arch_specific.tex
Underfull \hbox (badness 10000) detected at line 9
[][][]
 []

[21]
LaTeX Font Info:    Font shape `TS1/phv/b/n' will be
(Font)              scaled to size 8.99994pt on input line 59.

Underfull \hbox (badness 10000) detected at line 76
[][][]
 []

[22]
Underfull \hbox (badness 10000) detected at line 135
[][][]
 []

[23]
Underfull \hbox (badness 1038) in paragraph at lines 154--155
[]\T1/phv/m/n/10 M[]P[]L[]A[]BX project for P[]I[]C24/ds[]P[]IC port re-sides i
n the \T1/pcr/m/n/10 lib[]_[]project/pic24[]_[]dspic/tneo[]_[]pic24[]_[]
 []


Underfull \hbox (badness 10000) in paragraph at lines 154--155

 []


Underfull \hbox (badness 10000) detected at line 159
[][][]
 []

LaTeX Font Info:    Font shape `T1/phv/m/it' in size <7> not available
(Font)              Font shape `T1/phv/m/sl' tried instead on input line 160.
LaTeX Font Info:    Font shape `T1/phv/m/sl' will be
(Font)              scaled to size 6.29996pt on input line 160.
[24]) [25] [26

]
Chapter 9.
(./why_reimplement.tex [27] [28]
LaTeX Font Info:    Font shape `TS1/phv/b/n' will be
(Font)              scaled to size 10.79993pt on input line 157.

Underfull \hbox (badness 5563) in paragraph at lines 162--163
[]\T1/phv/m/n/10 If we have sim-i-lar func-tions (like, [], [] and
 []

LaTeX Font Info:    Font shape `TS1/phv/m/it' in size <10> not available
(Font)              Font shape `TS1/phv/m/sl' tried instead on input line 176.
LaTeX Font Info:    Font shape `TS1/phv/m/sl' will be
(Font)              scaled to size 8.99994pt on input line 176.
[29] [30]) [31] [32

]
Chapter 10.
(./tnkernel_diff.tex
Underfull \hbox (badness 1796) in paragraph at lines 28--29
\T1/phv/m/n/10 In orig-i-nal T[]N[]Kernel, re-quest-ing non-sleeping task to wa
ke up is quite le-gal and causes next call to
 []

[33] [34] [35]
Underfull \hbox (badness 804) in paragraph at lines 126--127
[]\T1/phv/m/n/10 T[]Neo pro-vides macro [] whose ar-gu-ment is \T1/phv/b/n/10 s
ize\T1/phv/m/n/10 , so, its us-age is as follows[]
 []


Overfull \hbox (83.2615pt too wide) in paragraph at lines 132--133
[]\T1/pcr/m/n/10 #T[]N[]_[][]A[]P[]I[]_[][]M[]A[]K[]E[]_[][]A[]L[]I[]G[]_[][]A[
]R[]G[]_[][]_[][]S[]I[]ZE \T1/phv/m/n/10 - de-fault value, use macro like this[
]: [],
 []


Overfull \hbox (20.96472pt too wide) in paragraph at lines 147--147
[]\T1/phv/m/n/10 Although it is rec-om-mended to use con-ve-nience macro for th
at[]: []. See []
 []

[36]
Underfull \hbox (badness 2865) in paragraph at lines 159--159
[]\T1/phv/m/n/10 So, a lot of things (func-tions, macros, etc) has re-named. Ol
d names are also avail-able through
 []


Underfull \hbox (badness 892) in paragraph at lines 160--161
\T1/phv/m/n/10 One of the re-nam-ings de-serves spe-cial mentioning[]: [] and f
riends are re-named to
 []


Underfull \hbox (badness 1558) in paragraph at lines 160--161
[] \T1/phv/m/n/10 and friends. That\TS1/phv/m/n/10 '\T1/phv/m/n/10 s be-cause n
ames ac-quire/release are ac-tu-ally mis-lead-ing for the
 []

[37]) [38]
Chapter 11.
(./unit_tests.tex [39

] [40]
Overfull \hbox (89.83473pt too wide) in paragraph at lines 136--137
\T1/phv/m/n/10 Currently, there is a sep-a-rate repos-i-tory with unit tests fo
r T[]Neo[]: [][] \T1/pcr/m/n/10 https[]://bitbucket.[]org/dfrank/tntest/src/mas
ter/[][]
 []

) [41] [42

]
Chapter 12.
(./plans.tex) [43] [44

]
Chapter 13.
(./contribution.tex) [45] [46

]
Chapter 14.
(./changelog.tex [47]
Overfull \hbox (16.24107pt too wide) in paragraph at lines 38--39
[]\T1/phv/m/n/10 ) and items in the queue ([]
 []

[48] [49]) [50]
Chapter 15.
(./thanks.tex) [51

] [52

]
Chapter 16.
(./license.tex) [53] [54

]
Chapter 17.
(./legend.tex <./attr_call_task.png>
<attr_call_task.png, id=2901, 17.3448pt x 17.3448pt>
File: attr_call_task.png Graphic file (type png)
<use attr_call_task.png>
Package pdftex.def Info: attr_call_task.png  used on input line 5.
(pdftex.def)             Requested size: 17.34474pt x 17.34474pt.
 <./attr_call_int.png>
<attr_call_int.png, id=2903, 17.3448pt x 17.3448pt>
File: attr_call_int.png Graphic file (type png)
<use attr_call_int.png>
Package pdftex.def Info: attr_call_int.png  used on input line 6.
(pdftex.def)             Requested size: 17.34474pt x 17.34474pt.
 <./attr_call_ct_sw.png>
<attr_call_ct_sw.png, id=2905, 17.3448pt x 17.3448pt>
File: attr_call_ct_sw.png Graphic file (type png)
<use attr_call_ct_sw.png>
Package pdftex.def Info: attr_call_ct_sw.png  used on input line 7.
(pdftex.def)             Requested size: 17.34474pt x 17.34474pt.
 <./attr_timeout.png>
<attr_timeout.png, id=2907, 17.3448pt x 17.3448pt>
File: attr_timeout.png Graphic file (type png)
<use attr_timeout.png>
Package pdftex.def Info: attr_timeout.png  used on input line 8.
(pdftex.def)             Requested size: 17.34474pt x 17.34474pt.
) [55] [56

]
Chapter 18.
(./annotated.tex
Overfull \hbox (47.67949pt too wide) in paragraph at lines 16--16
 \T1/phv/m/n/10 Timing struc-ture that is man-aged by pro-filer and can be read
 by \T1/pcr/m/n/10 #[] 
 []

) [57] [58

]
Chapter 19.
(./files.tex) [59] [60

]
Chapter 20.
(./struct__TN__BuildCfg.tex
LaTeX Font Info:    Font shape `T1/phv/m/n' will be
(Font)              scaled to size 8.09995pt on input line 17.
LaTeX Font Info:    Font shape `T1/phv/m/it' in size <9> not available
(Font)              Font shape `T1/phv/m/sl' tried instead on input line 17.
LaTeX Font Info:    Font shape `T1/phv/m/sl' will be
(Font)              scaled to size 8.09995pt on input line 17.
LaTeX Font Info:    Font shape `T1/pcr/m/it' in size <9> not available
(Font)              Font shape `T1/pcr/m/sl' tried instead on input line 17.
LaTeX Font Info:    Font shape `T1/pcr/m/it' in size <7> not available
(Font)              Font shape `T1/pcr/m/sl' tried instead on input line 17.
 [61]
LaTeX Font Info:    Font shape `T1/pcr/m/it' in size <10> not available
(Font)              Font shape `T1/pcr/m/sl' tried instead on input line 62.
) (./struct__TN__TaskProfiler.tex [62])
(./structTN__DQueue.tex [63]) (./structTN__DQueueTaskWait.tex
LaTeX Font Info:    Font shape `TS1/phv/m/it' in size <9> not available
(Font)              Font shape `TS1/phv/m/sl' tried instead on input line 15.
LaTeX Font Info:    Font shape `TS1/phv/m/sl' will be
(Font)              scaled to size 8.09995pt on input line 15.
)
(./structTN__EGrpLink.tex) (./structTN__EGrpTaskWait.tex [64])
(./structTN__EventGrp.tex [65]) (./structTN__FMem.tex
Overfull \hbox (25.1349pt too wide) in paragraph at lines 19--19
[]\T1/phv/m/sl/9 block size (in bytes); note that it should be a mul-ti-ple of 
\T1/pcr/m/sl/9 sizeof(#T[]N[]_[][]U[]Word})\T1/phv/m/sl/9 , use a macro []
 []

[66]
Underfull \hbox (badness 2903) in paragraph at lines 56--57
[]\T1/phv/m/n/10 block size (in bytes); note that it should be a mul-ti-ple of 
\T1/pcr/m/n/10 sizeof(#T[]N[]_[][]U[]Word})\T1/phv/m/n/10 , use a macro
 []


Underfull \hbox (badness 10000) detected at line 58
[][][]
 []

) (./structTN__FMemTaskWait.tex) (./structTN__ListItem.tex [67])
(./structTN__Mutex.tex [68]) (./structTN__Sem.tex [69]) (./structTN__Task.tex
LaTeX Font Info:    Font shape `T1/phv/b/it' in size <9> not available
(Font)              Font shape `T1/phv/b/sl' tried instead on input line 15.
LaTeX Font Info:    Font shape `T1/phv/b/sl' will be
(Font)              scaled to size 8.09995pt on input line 15.

[70] [71]
Underfull \hbox (badness 10000) detected at line 115
[][][]
 []

[72]) (./structTN__TaskTiming.tex [73]
Underfull \hbox (badness 10000) detected at line 41
[][][]
 []

[74]
Underfull \hbox (badness 10000) detected at line 92
[][][]
 []

) (./structTN__Timer.tex [75] [76]) [77] [78

]
Chapter 21.
(./tn__arch__cortex__m_8h.tex) (./tn__arch__example_8h.tex
Overfull \hbox (30.49977pt too wide) in paragraph at lines 34--34
[]\T1/phv/m/sl/9 The same as \T1/pcr/m/sl/9 #T[]N[]_[][]I[]N[]T[]S[]A[]V[]E[]_[
][]D[]A[]TA \T1/phv/m/sl/9 but for us-ing in I[]SR to-gether with [], []. 
 []

[79]
LaTeX Font Info:    Font shape `T1/pcr/m/it' in size <8> not available
(Font)              Font shape `T1/pcr/m/sl' tried instead on input line 72.
 [80]
Underfull \hbox (badness 10000) detected at line 112
[][][]
 []


Underfull \hbox (badness 10000) detected at line 131
[][][]
 []


Underfull \hbox (badness 10000) detected at line 148
[][][]
 []

[81]
Underfull \hbox (badness 10000) detected at line 165
[][][]
 []


Underfull \hbox (badness 4647) in paragraph at lines 182--183
[]\T1/phv/m/n/10 The same as \T1/pcr/m/n/10 #T[]N[]_[][]I[]N[]T[]S[]A[]V[]E[]_[
][]D[]A[]TA \T1/phv/m/n/10 but for us-ing in I[]SR to-gether with [],
 []


Underfull \hbox (badness 10000) detected at line 184
[][][]
 []


Underfull \hbox (badness 10000) detected at line 207
[][][]
 []

[82]
Underfull \hbox (badness 10000) detected at line 230
[][][]
 []


Underfull \hbox (badness 10000) detected at line 251
[][][]
 []


Underfull \hbox (badness 10000) detected at line 270
[][][]
 []

[83] [84]) (./tn__arch__pic24_8h.tex) (./tn__arch__pic24__bfa_8h.tex [85]
[86] [87]) (./tn__arch__pic32_8h.tex [88] [89]) (./tn__arch__pic32__bfa_8h.tex
[90] [91] [92]) (./tn__arch_8h.tex
Underfull \hbox (badness 768) in paragraph at lines 21--22
[][] $\OMS/cmsy/m/n/10 ^^C$ [] \T1/phv/m/n/10 ([] $\OMS/cmsy/m/n/10 ^^C$\T1/phv
/m/n/10 task[]_[]func, [] $\OMS/cmsy/m/n/10 ^^C$\T1/phv/m/n/10 stack[]_[]low[]_
[]addr, []
 []

[93]
Underfull \hbox (badness 10000) detected at line 68
[][][]
 []

[94]
Underfull \hbox (badness 10000) detected at line 86
[][][]
 []


Underfull \hbox (badness 10000) detected at line 99
[][][]
 []


Overfull \hbox (112.13078pt too wide) in paragraph at lines 129--130
[]\T1/phv/m/n/10 When re-sult-ing con-text gets re-stored by [] or [],
 []

[95]
Underfull \hbox (badness 10000) detected at line 149
[][][]
 []

[96]
Underfull \hbox (badness 10000) detected at line 203
[][][]
 []


Overfull \hbox (36.9325pt too wide) in paragraph at lines 220--221
[]\T1/phv/m/n/10 At sys-tem start, in-side [] (well, it is ac-tu-ally called in
-di-rectly but from []); 
 []


Underfull \hbox (badness 10000) detected at line 243
[][][]
 []

[97]) (./tn__cfg__dispatch_8h.tex) (./tn__common_8h.tex [98] [99]
Underfull \hbox (badness 10000) detected at line 97
[][][]
 []

[100]
Underfull \hbox (badness 10000) in paragraph at lines 136--137

 []


Overfull \hbox (40.16255pt too wide) in paragraph at lines 138--139
[]\T1/phv/m/n/10 independently of the wait rea-son, task may be re-leased from 
wait forcibly, by means of [].
 []


Overfull \hbox (31.95918pt too wide) in paragraph at lines 138--139
\T1/phv/m/n/10 It this case, \T1/pcr/m/n/10 #T[]N[]_[][]R[]C[]_[][]F[]O[]R[]C[]
ED \T1/phv/m/n/10 is re-turned by the wait-ing func-tion. (the us-age of the []

 []

[101]
Underfull \hbox (badness 10000) detected at line 6
[][][]
 []


Underfull \hbox (badness 10000) detected at line 16
[][][]
 []

File: attr_call_task.png Graphic file (type png)
<use attr_call_task.png>
Package pdftex.def Info: attr_call_task.png  used on input line 30.
(pdftex.def)             Requested size: 17.34474pt x 17.34474pt.
File: attr_call_int.png Graphic file (type png)
<use attr_call_int.png>
Package pdftex.def Info: attr_call_int.png  used on input line 31.
(pdftex.def)             Requested size: 17.34474pt x 17.34474pt.

Underfull \hbox (badness 10000) detected at line 34
[][][]
 []


Underfull \hbox (badness 10000) detected at line 47
[][][]
 []


Underfull \hbox (badness 10000) detected at line 57
[][][]
 []


Underfull \hbox (badness 10000) detected at line 65
[][][]
 []

[102]) (./tn__common__macros_8h.tex [103]) (./tn__dqueue_8h.tex
Underfull \hbox (badness 1852) in paragraph at lines 10--11
[]\T1/phv/m/n/10 For the use-ful pat-tern on how to use queue to-gether with []
, re-fer to the example[]
 []

[104]
File: attr_call_task.png Graphic file (type png)
<use attr_call_task.png>
Package pdftex.def Info: attr_call_task.png  used on input line 69.
(pdftex.def)             Requested size: 17.34474pt x 17.34474pt.
File: attr_call_int.png Graphic file (type png)
<use attr_call_int.png>
Package pdftex.def Info: attr_call_int.png  used on input line 69.
(pdftex.def)             Requested size: 17.34474pt x 17.34474pt.
LaTeX Font Info:    Font shape `T1/phv/m/it' in size <8> not available
(Font)              Font shape `T1/phv/m/sl' tried instead on input line 70.
LaTeX Font Info:    Font shape `T1/phv/m/sl' will be
(Font)              scaled to size 7.19995pt on input line 70.
 [105]
Underfull \hbox (badness 10000) detected at line 82
[][][]
 []

File: attr_call_task.png Graphic file (type png)
<use attr_call_task.png>
Package pdftex.def Info: attr_call_task.png  used on input line 101.
(pdftex.def)             Requested size: 17.34474pt x 17.34474pt.
File: attr_call_ct_sw.png Graphic file (type png)
<use attr_call_ct_sw.png>
Package pdftex.def Info: attr_call_ct_sw.png  used on input line 101.
(pdftex.def)             Requested size: 17.34474pt x 17.34474pt.

Underfull \hbox (badness 10000) detected at line 110
[][][]
 []

File: attr_call_task.png Graphic file (type png)
<use attr_call_task.png>
Package pdftex.def Info: attr_call_task.png  used on input line 132.
(pdftex.def)             Requested size: 17.34474pt x 17.34474pt.
File: attr_call_ct_sw.png Graphic file (type png)
<use attr_call_ct_sw.png>
Package pdftex.def Info: attr_call_ct_sw.png  used on input line 132.
(pdftex.def)             Requested size: 17.34474pt x 17.34474pt.
File: attr_timeout.png Graphic file (type png)
<use attr_timeout.png>
Package pdftex.def Info: attr_timeout.png  used on input line 132.
(pdftex.def)             Requested size: 17.34474pt x 17.34474pt.
[106] [107]
Underfull \hbox (badness 10000) detected at line 145
[][][]
 []


Underfull \hbox (badness 10000) in paragraph at lines 146--147

 []


Underfull \hbox (badness 10000) detected at line 155
[][][]
 []

File: attr_call_task.png Graphic file (type png)
<use attr_call_task.png>
Package pdftex.def Info: attr_call_task.png  used on input line 168.
(pdftex.def)             Requested size: 17.34474pt x 17.34474pt.
File: attr_call_ct_sw.png Graphic file (type png)
<use attr_call_ct_sw.png>
Package pdftex.def Info: attr_call_ct_sw.png  used on input line 168.
(pdftex.def)             Requested size: 17.34474pt x 17.34474pt.
File: attr_call_int.png Graphic file (type png)
<use attr_call_int.png>
Package pdftex.def Info: attr_call_int.png  used on input line 180.
(pdftex.def)             Requested size: 17.34474pt x 17.34474pt.
File: attr_call_ct_sw.png Graphic file (type png)
<use attr_call_ct_sw.png>
Package pdftex.def Info: attr_call_ct_sw.png  used on input line 180.
(pdftex.def)             Requested size: 17.34474pt x 17.34474pt.
File: attr_call_task.png Graphic file (type png)
<use attr_call_task.png>
Package pdftex.def Info: attr_call_task.png  used on input line 196.
(pdftex.def)             Requested size: 17.34474pt x 17.34474pt.
File: attr_call_ct_sw.png Graphic file (type png)
<use attr_call_ct_sw.png>
Package pdftex.def Info: attr_call_ct_sw.png  used on input line 196.
(pdftex.def)             Requested size: 17.34474pt x 17.34474pt.
File: attr_timeout.png Graphic file (type png)
<use attr_timeout.png>
Package pdftex.def Info: attr_timeout.png  used on input line 196.
(pdftex.def)             Requested size: 17.34474pt x 17.34474pt.
[108]
Underfull \hbox (badness 10000) detected at line 209
[][][]
 []


Underfull \hbox (badness 10000) in paragraph at lines 210--211

 []


Underfull \hbox (badness 10000) detected at line 219
[][][]
 []

File: attr_call_task.png Graphic file (type png)
<use attr_call_task.png>
Package pdftex.def Info: attr_call_task.png  used on input line 232.
(pdftex.def)             Requested size: 17.34474pt x 17.34474pt.
File: attr_call_ct_sw.png Graphic file (type png)
<use attr_call_ct_sw.png>
Package pdftex.def Info: attr_call_ct_sw.png  used on input line 232.
(pdftex.def)             Requested size: 17.34474pt x 17.34474pt.
[109]
File: attr_call_int.png Graphic file (type png)
<use attr_call_int.png>
Package pdftex.def Info: attr_call_int.png  used on input line 244.
(pdftex.def)             Requested size: 17.34474pt x 17.34474pt.
File: attr_call_ct_sw.png Graphic file (type png)
<use attr_call_ct_sw.png>
Package pdftex.def Info: attr_call_ct_sw.png  used on input line 244.
(pdftex.def)             Requested size: 17.34474pt x 17.34474pt.
File: attr_call_task.png Graphic file (type png)
<use attr_call_task.png>
Package pdftex.def Info: attr_call_task.png  used on input line 256.
(pdftex.def)             Requested size: 17.34474pt x 17.34474pt.
File: attr_call_int.png Graphic file (type png)
<use attr_call_int.png>
Package pdftex.def Info: attr_call_int.png  used on input line 256.
(pdftex.def)             Requested size: 17.34474pt x 17.34474pt.

Underfull \hbox (badness 10000) detected at line 265
[][][]
 []

File: attr_call_task.png Graphic file (type png)
<use attr_call_task.png>
Package pdftex.def Info: attr_call_task.png  used on input line 278.
(pdftex.def)             Requested size: 17.34474pt x 17.34474pt.
File: attr_call_int.png Graphic file (type png)
<use attr_call_int.png>
Package pdftex.def Info: attr_call_int.png  used on input line 278.
(pdftex.def)             Requested size: 17.34474pt x 17.34474pt.

Underfull \hbox (badness 10000) detected at line 287
[][][]
 []

[110]
File: attr_call_task.png Graphic file (type png)
<use attr_call_task.png>
Package pdftex.def Info: attr_call_task.png  used on input line 313.
(pdftex.def)             Requested size: 17.34474pt x 17.34474pt.
File: attr_call_int.png Graphic file (type png)
<use attr_call_int.png>
Package pdftex.def Info: attr_call_int.png  used on input line 313.
(pdftex.def)             Requested size: 17.34474pt x 17.34474pt.
File: attr_call_task.png Graphic file (type png)
<use attr_call_task.png>
Package pdftex.def Info: attr_call_task.png  used on input line 334.
(pdftex.def)             Requested size: 17.34474pt x 17.34474pt.
File: attr_call_int.png Graphic file (type png)
<use attr_call_int.png>
Package pdftex.def Info: attr_call_int.png  used on input line 334.
(pdftex.def)             Requested size: 17.34474pt x 17.34474pt.
) (./tn__eventgrp_8h.tex [111]
Underfull \hbox (badness 1348) in paragraph at lines 69--70
[]\T1/phv/m/n/10 enum [] [] (struct [] $\OMS/cmsy/m/n/10 ^^C$\T1/phv/m/n/10 eve
ntgrp, enum [] attr,
 []

[112]
Underfull \hbox (badness 1895) in paragraph at lines 75--76
[]\T1/phv/m/n/10 enum [] [] (struct [] $\OMS/cmsy/m/n/10 ^^C$\T1/phv/m/n/10 eve
ntgrp, [] wait[]_[]pattern, enum
 []


Underfull \hbox (badness 1348) in paragraph at lines 81--82
[]\T1/phv/m/n/10 enum [] [] (struct [] $\OMS/cmsy/m/n/10 ^^C$\T1/phv/m/n/10 eve
ntgrp, enum [] op-er-a-tion,
 []


Underfull \hbox (badness 1092) in paragraph at lines 83--84
[]\T1/phv/m/n/10 enum [] [] (struct [] $\OMS/cmsy/m/n/10 ^^C$\T1/phv/m/n/10 eve
ntgrp, enum [] op-er-a-tion,
 []

[113]
Underfull \hbox (badness 10000) detected at line 2
[][][]
 []


Underfull \hbox (badness 10000) detected at line 9
[][][]
 []


Underfull \hbox (badness 10000) detected at line 16
[][][]
 []

[114] [115]
File: attr_call_task.png Graphic file (type png)
<use attr_call_task.png>
Package pdftex.def Info: attr_call_task.png  used on input line 224.
(pdftex.def)             Requested size: 17.34474pt x 17.34474pt.
File: attr_call_int.png Graphic file (type png)
<use attr_call_int.png>
Package pdftex.def Info: attr_call_int.png  used on input line 224.
(pdftex.def)             Requested size: 17.34474pt x 17.34474pt.

Underfull \hbox (badness 10000) detected at line 235
[][][]
 []

File: attr_call_task.png Graphic file (type png)
<use attr_call_task.png>
Package pdftex.def Info: attr_call_task.png  used on input line 258.
(pdftex.def)             Requested size: 17.34474pt x 17.34474pt.
File: attr_call_ct_sw.png Graphic file (type png)
<use attr_call_ct_sw.png>
Package pdftex.def Info: attr_call_ct_sw.png  used on input line 258.
(pdftex.def)             Requested size: 17.34474pt x 17.34474pt.

Underfull \hbox (badness 10000) detected at line 267
[][][]
 []

[116]
File: attr_call_task.png Graphic file (type png)
<use attr_call_task.png>
Package pdftex.def Info: attr_call_task.png  used on input line 287.
(pdftex.def)             Requested size: 17.34474pt x 17.34474pt.
File: attr_call_ct_sw.png Graphic file (type png)
<use attr_call_ct_sw.png>
Package pdftex.def Info: attr_call_ct_sw.png  used on input line 287.
(pdftex.def)             Requested size: 17.34474pt x 17.34474pt.
File: attr_timeout.png Graphic file (type png)
<use attr_timeout.png>
Package pdftex.def Info: attr_timeout.png  used on input line 287.
(pdftex.def)             Requested size: 17.34474pt x 17.34474pt.

Underfull \hbox (badness 10000) detected at line 304
[][][]
 []

File: attr_call_task.png Graphic file (type png)
<use attr_call_task.png>
Package pdftex.def Info: attr_call_task.png  used on input line 323.
(pdftex.def)             Requested size: 17.34474pt x 17.34474pt.
File: attr_call_ct_sw.png Graphic file (type png)
<use attr_call_ct_sw.png>
Package pdftex.def Info: attr_call_ct_sw.png  used on input line 323.
(pdftex.def)             Requested size: 17.34474pt x 17.34474pt.
File: attr_call_int.png Graphic file (type png)
<use attr_call_int.png>
Package pdftex.def Info: attr_call_int.png  used on input line 335.
(pdftex.def)             Requested size: 17.34474pt x 17.34474pt.
File: attr_call_ct_sw.png Graphic file (type png)
<use attr_call_ct_sw.png>
Package pdftex.def Info: attr_call_ct_sw.png  used on input line 335.
(pdftex.def)             Requested size: 17.34474pt x 17.34474pt.
[117]
File: attr_call_task.png Graphic file (type png)
<use attr_call_task.png>
Package pdftex.def Info: attr_call_task.png  used on input line 349.
(pdftex.def)             Requested size: 17.34474pt x 17.34474pt.
File: attr_call_ct_sw.png Graphic file (type png)
<use attr_call_ct_sw.png>
Package pdftex.def Info: attr_call_ct_sw.png  used on input line 349.
(pdftex.def)             Requested size: 17.34474pt x 17.34474pt.

Underfull \hbox (badness 10000) detected at line 362
[][][]
 []

File: attr_call_int.png Graphic file (type png)
<use attr_call_int.png>
Package pdftex.def Info: attr_call_int.png  used on input line 380.
(pdftex.def)             Requested size: 17.34474pt x 17.34474pt.
File: attr_call_ct_sw.png Graphic file (type png)
<use attr_call_ct_sw.png>
Package pdftex.def Info: attr_call_ct_sw.png  used on input line 380.
(pdftex.def)             Requested size: 17.34474pt x 17.34474pt.
) (./tn__fmem_8h.tex
Underfull \hbox (badness 1275) in paragraph at lines 12--12
[]\T1/phv/m/n/10 For the use-ful pat-tern on how to use fixed mem-ory pool to-g
ether with [], re-fer to the example[]
 []

[118] [119]
File: attr_call_task.png Graphic file (type png)
<use attr_call_task.png>
Package pdftex.def Info: attr_call_task.png  used on input line 137.
(pdftex.def)             Requested size: 17.34474pt x 17.34474pt.
File: attr_call_int.png Graphic file (type png)
<use attr_call_int.png>
Package pdftex.def Info: attr_call_int.png  used on input line 137.
(pdftex.def)             Requested size: 17.34474pt x 17.34474pt.

Overfull \vbox (50.0525pt too high) has occurred while \output is active []


[120]
Underfull \hbox (badness 10000) detected at line 152
[][][]
 []


Underfull \hbox (badness 10000) detected at line 159
[][][]
 []

File: attr_call_task.png Graphic file (type png)
<use attr_call_task.png>
Package pdftex.def Info: attr_call_task.png  used on input line 174.
(pdftex.def)             Requested size: 17.34474pt x 17.34474pt.
File: attr_call_ct_sw.png Graphic file (type png)
<use attr_call_ct_sw.png>
Package pdftex.def Info: attr_call_ct_sw.png  used on input line 174.
(pdftex.def)             Requested size: 17.34474pt x 17.34474pt.

Underfull \hbox (badness 10000) detected at line 183
[][][]
 []

File: attr_call_task.png Graphic file (type png)
<use attr_call_task.png>
Package pdftex.def Info: attr_call_task.png  used on input line 203.
(pdftex.def)             Requested size: 17.34474pt x 17.34474pt.
File: attr_call_ct_sw.png Graphic file (type png)
<use attr_call_ct_sw.png>
Package pdftex.def Info: attr_call_ct_sw.png  used on input line 203.
(pdftex.def)             Requested size: 17.34474pt x 17.34474pt.
File: attr_timeout.png Graphic file (type png)
<use attr_timeout.png>
Package pdftex.def Info: attr_timeout.png  used on input line 203.
(pdftex.def)             Requested size: 17.34474pt x 17.34474pt.
[121]
Underfull \hbox (badness 10000) detected at line 217
[][][]
 []

File: attr_call_task.png Graphic file (type png)
<use attr_call_task.png>
Package pdftex.def Info: attr_call_task.png  used on input line 236.
(pdftex.def)             Requested size: 17.34474pt x 17.34474pt.
File: attr_call_ct_sw.png Graphic file (type png)
<use attr_call_ct_sw.png>
Package pdftex.def Info: attr_call_ct_sw.png  used on input line 236.
(pdftex.def)             Requested size: 17.34474pt x 17.34474pt.
File: attr_call_int.png Graphic file (type png)
<use attr_call_int.png>
Package pdftex.def Info: attr_call_int.png  used on input line 248.
(pdftex.def)             Requested size: 17.34474pt x 17.34474pt.
File: attr_call_ct_sw.png Graphic file (type png)
<use attr_call_ct_sw.png>
Package pdftex.def Info: attr_call_ct_sw.png  used on input line 248.
(pdftex.def)             Requested size: 17.34474pt x 17.34474pt.
File: attr_call_task.png Graphic file (type png)
<use attr_call_task.png>
Package pdftex.def Info: attr_call_task.png  used on input line 262.
(pdftex.def)             Requested size: 17.34474pt x 17.34474pt.
File: attr_call_ct_sw.png Graphic file (type png)
<use attr_call_ct_sw.png>
Package pdftex.def Info: attr_call_ct_sw.png  used on input line 262.
(pdftex.def)             Requested size: 17.34474pt x 17.34474pt.
[122]
Underfull \hbox (badness 10000) detected at line 273
[][][]
 []

File: attr_call_int.png Graphic file (type png)
<use attr_call_int.png>
Package pdftex.def Info: attr_call_int.png  used on input line 291.
(pdftex.def)             Requested size: 17.34474pt x 17.34474pt.
File: attr_call_ct_sw.png Graphic file (type png)
<use attr_call_ct_sw.png>
Package pdftex.def Info: attr_call_ct_sw.png  used on input line 291.
(pdftex.def)             Requested size: 17.34474pt x 17.34474pt.
File: attr_call_task.png Graphic file (type png)
<use attr_call_task.png>
Package pdftex.def Info: attr_call_task.png  used on input line 303.
(pdftex.def)             Requested size: 17.34474pt x 17.34474pt.
File: attr_call_int.png Graphic file (type png)
<use attr_call_int.png>
Package pdftex.def Info: attr_call_int.png  used on input line 303.
(pdftex.def)             Requested size: 17.34474pt x 17.34474pt.

Underfull \hbox (badness 10000) detected at line 312
[][][]
 []

File: attr_call_task.png Graphic file (type png)
<use attr_call_task.png>
Package pdftex.def Info: attr_call_task.png  used on input line 325.
(pdftex.def)             Requested size: 17.34474pt x 17.34474pt.
File: attr_call_int.png Graphic file (type png)
<use attr_call_int.png>
Package pdftex.def Info: attr_call_int.png  used on input line 325.
(pdftex.def)             Requested size: 17.34474pt x 17.34474pt.
[123]
Underfull \hbox (badness 10000) detected at line 334
[][][]
 []

) (./tn__list_8h.tex) (./tn__mutex_8h.tex
Underfull \hbox (badness 1655) in paragraph at lines 17--18
[]\T1/phv/m/n/10 In ad-di-tion to the ar-ti-cle men-tioned above, you may want 
to look at the [][] \T1/pcr/m/n/10 related question on
 []

[124]
Underfull \hbox (badness 10000) detected at line 37
[][][]
 []


Underfull \vbox (badness 10000) has occurred while \output is active []

 [125]
File: attr_call_task.png Graphic file (type png)
<use attr_call_task.png>
Package pdftex.def Info: attr_call_task.png  used on input line 107.
(pdftex.def)             Requested size: 17.34474pt x 17.34474pt.
File: attr_call_int.png Graphic file (type png)
<use attr_call_int.png>
Package pdftex.def Info: attr_call_int.png  used on input line 107.
(pdftex.def)             Requested size: 17.34474pt x 17.34474pt.

Underfull \hbox (badness 10000) detected at line 120
[][][]
 []


Underfull \hbox (badness 10000) in paragraph at lines 121--122

 []

File: attr_call_task.png Graphic file (type png)
<use attr_call_task.png>
Package pdftex.def Info: attr_call_task.png  used on input line 140.
(pdftex.def)             Requested size: 17.34474pt x 17.34474pt.
File: attr_call_ct_sw.png Graphic file (type png)
<use attr_call_ct_sw.png>
Package pdftex.def Info: attr_call_ct_sw.png  used on input line 140.
(pdftex.def)             Requested size: 17.34474pt x 17.34474pt.

Underfull \hbox (badness 10000) detected at line 149
[][][]
 []

[126]
File: attr_call_task.png Graphic file (type png)
<use attr_call_task.png>
Package pdftex.def Info: attr_call_task.png  used on input line 174.
(pdftex.def)             Requested size: 17.34474pt x 17.34474pt.
File: attr_call_ct_sw.png Graphic file (type png)
<use attr_call_ct_sw.png>
Package pdftex.def Info: attr_call_ct_sw.png  used on input line 174.
(pdftex.def)             Requested size: 17.34474pt x 17.34474pt.
File: attr_timeout.png Graphic file (type png)
<use attr_timeout.png>
Package pdftex.def Info: attr_timeout.png  used on input line 174.
(pdftex.def)             Requested size: 17.34474pt x 17.34474pt.

Underfull \hbox (badness 10000) detected at line 185
[][][]
 []


Underfull \hbox (badness 10000) detected at line 199
[][][]
 []

File: attr_call_task.png Graphic file (type png)
<use attr_call_task.png>
Package pdftex.def Info: attr_call_task.png  used on input line 212.
(pdftex.def)             Requested size: 17.34474pt x 17.34474pt.
File: attr_call_ct_sw.png Graphic file (type png)
<use attr_call_ct_sw.png>
Package pdftex.def Info: attr_call_ct_sw.png  used on input line 212.
(pdftex.def)             Requested size: 17.34474pt x 17.34474pt.
File: attr_call_task.png Graphic file (type png)
<use attr_call_task.png>
Package pdftex.def Info: attr_call_task.png  used on input line 230.
(pdftex.def)             Requested size: 17.34474pt x 17.34474pt.
File: attr_call_ct_sw.png Graphic file (type png)
<use attr_call_ct_sw.png>
Package pdftex.def Info: attr_call_ct_sw.png  used on input line 230.
(pdftex.def)             Requested size: 17.34474pt x 17.34474pt.

Underfull \hbox (badness 10000) detected at line 234
[][][]
 []

[127]) (./tn__oldsymbols_8h.tex [128] [129] [130]
Underfull \hbox (badness 10000) detected at line 268
[][][]
 []


Underfull \hbox (badness 10000) detected at line 281
[][][]
 []


Underfull \hbox (badness 10000) detected at line 294
[][][]
 []

[131]
Underfull \hbox (badness 10000) detected at line 307
[][][]
 []


Underfull \hbox (badness 10000) detected at line 320
[][][]
 []


Underfull \hbox (badness 10000) detected at line 333
[][][]
 []


Underfull \hbox (badness 10000) detected at line 346
[][][]
 []

[132]
Underfull \hbox (badness 10000) detected at line 359
[][][]
 []


Underfull \hbox (badness 10000) detected at line 372
[][][]
 []


Underfull \hbox (badness 10000) detected at line 385
[][][]
 []


Underfull \hbox (badness 10000) detected at line 398
[][][]
 []


Underfull \hbox (badness 10000) detected at line 411
[][][]
 []

[133]
Underfull \hbox (badness 10000) detected at line 416
[][][]
 []


Underfull \hbox (badness 10000) detected at line 429
[][][]
 []


Underfull \hbox (badness 10000) detected at line 434
[][][]
 []

) (./tn__sem_8h.tex
Underfull \hbox (badness 1655) in paragraph at lines 17--17
[]\T1/phv/m/n/10 In ad-di-tion to the ar-ti-cle men-tioned above, you may want 
to look at the [][] \T1/pcr/m/n/10 related question on
 []

[134]
File: attr_call_task.png Graphic file (type png)
<use attr_call_task.png>
Package pdftex.def Info: attr_call_task.png  used on input line 54.
(pdftex.def)             Requested size: 17.34474pt x 17.34474pt.
File: attr_call_int.png Graphic file (type png)
<use attr_call_int.png>
Package pdftex.def Info: attr_call_int.png  used on input line 54.
(pdftex.def)             Requested size: 17.34474pt x 17.34474pt.

Underfull \hbox (badness 10000) detected at line 67
[][][]
 []

File: attr_call_task.png Graphic file (type png)
<use attr_call_task.png>
Package pdftex.def Info: attr_call_task.png  used on input line 86.
(pdftex.def)             Requested size: 17.34474pt x 17.34474pt.
File: attr_call_ct_sw.png Graphic file (type png)
<use attr_call_ct_sw.png>
Package pdftex.def Info: attr_call_ct_sw.png  used on input line 86.
(pdftex.def)             Requested size: 17.34474pt x 17.34474pt.

Underfull \hbox (badness 10000) detected at line 95
[][][]
 []

[135]
File: attr_call_task.png Graphic file (type png)
<use attr_call_task.png>
Package pdftex.def Info: attr_call_task.png  used on input line 117.
(pdftex.def)             Requested size: 17.34474pt x 17.34474pt.
File: attr_call_ct_sw.png Graphic file (type png)
<use attr_call_ct_sw.png>
Package pdftex.def Info: attr_call_ct_sw.png  used on input line 117.
(pdftex.def)             Requested size: 17.34474pt x 17.34474pt.

Underfull \hbox (badness 10000) detected at line 126
[][][]
 []

File: attr_call_int.png Graphic file (type png)
<use attr_call_int.png>
Package pdftex.def Info: attr_call_int.png  used on input line 145.
(pdftex.def)             Requested size: 17.34474pt x 17.34474pt.
File: attr_call_ct_sw.png Graphic file (type png)
<use attr_call_ct_sw.png>
Package pdftex.def Info: attr_call_ct_sw.png  used on input line 145.
(pdftex.def)             Requested size: 17.34474pt x 17.34474pt.
File: attr_call_task.png Graphic file (type png)
<use attr_call_task.png>
Package pdftex.def Info: attr_call_task.png  used on input line 159.
(pdftex.def)             Requested size: 17.34474pt x 17.34474pt.
File: attr_call_ct_sw.png Graphic file (type png)
<use attr_call_ct_sw.png>
Package pdftex.def Info: attr_call_ct_sw.png  used on input line 159.
(pdftex.def)             Requested size: 17.34474pt x 17.34474pt.
File: attr_timeout.png Graphic file (type png)
<use attr_timeout.png>
Package pdftex.def Info: attr_timeout.png  used on input line 159.
(pdftex.def)             Requested size: 17.34474pt x 17.34474pt.

Underfull \hbox (badness 10000) detected at line 170
[][][]
 []

[136]
File: attr_call_task.png Graphic file (type png)
<use attr_call_task.png>
Package pdftex.def Info: attr_call_task.png  used on input line 188.
(pdftex.def)             Requested size: 17.34474pt x 17.34474pt.
File: attr_call_ct_sw.png Graphic file (type png)
<use attr_call_ct_sw.png>
Package pdftex.def Info: attr_call_ct_sw.png  used on input line 188.
(pdftex.def)             Requested size: 17.34474pt x 17.34474pt.
File: attr_call_int.png Graphic file (type png)
<use attr_call_int.png>
Package pdftex.def Info: attr_call_int.png  used on input line 200.
(pdftex.def)             Requested size: 17.34474pt x 17.34474pt.
File: attr_call_ct_sw.png Graphic file (type png)
<use attr_call_ct_sw.png>
Package pdftex.def Info: attr_call_ct_sw.png  used on input line 200.
(pdftex.def)             Requested size: 17.34474pt x 17.34474pt.
) (./tn__sys_8h.tex [137] [138]
Underfull \vbox (badness 1057) has occurred while \output is active []

 [139]
Underfull \hbox (badness 10000) detected at line 195
[][][]
 []


Underfull \hbox (badness 10000) detected at line 201
[][][]
 []


Underfull \hbox (badness 10000) detected at line 228
[][][]
 []


Underfull \hbox (badness 10000) detected at line 234
[][][]
 []

[140]
Underfull \hbox (badness 10000) detected at line 6
[][][]
 []


Underfull \hbox (badness 10000) detected at line 325
[][][]
 []

[141]
File: attr_call_int.png Graphic file (type png)
<use attr_call_int.png>
Package pdftex.def Info: attr_call_int.png  used on input line 402.
(pdftex.def)             Requested size: 17.34474pt x 17.34474pt.
File: attr_call_ct_sw.png Graphic file (type png)
<use attr_call_ct_sw.png>
Package pdftex.def Info: attr_call_ct_sw.png  used on input line 402.
(pdftex.def)             Requested size: 17.34474pt x 17.34474pt.
 [142]
File: attr_call_task.png Graphic file (type png)
<use attr_call_task.png>
Package pdftex.def Info: attr_call_task.png  used on input line 414.
(pdftex.def)             Requested size: 17.34474pt x 17.34474pt.

Underfull \hbox (badness 10000) detected at line 425
[][][]
 []

File: attr_call_task.png Graphic file (type png)
<use attr_call_task.png>
Package pdftex.def Info: attr_call_task.png  used on input line 443.
(pdftex.def)             Requested size: 17.34474pt x 17.34474pt.
File: attr_call_int.png Graphic file (type png)
<use attr_call_int.png>
Package pdftex.def Info: attr_call_int.png  used on input line 443.
(pdftex.def)             Requested size: 17.34474pt x 17.34474pt.

Underfull \hbox (badness 10000) detected at line 447
[][][]
 []


Underfull \hbox (badness 10000) detected at line 471
[][][]
 []

[143]
File: attr_call_task.png Graphic file (type png)
<use attr_call_task.png>
Package pdftex.def Info: attr_call_task.png  used on input line 496.
(pdftex.def)             Requested size: 17.34474pt x 17.34474pt.
File: attr_call_int.png Graphic file (type png)
<use attr_call_int.png>
Package pdftex.def Info: attr_call_int.png  used on input line 496.
(pdftex.def)             Requested size: 17.34474pt x 17.34474pt.
File: attr_call_task.png Graphic file (type png)
<use attr_call_task.png>
Package pdftex.def Info: attr_call_task.png  used on input line 508.
(pdftex.def)             Requested size: 17.34474pt x 17.34474pt.
File: attr_call_int.png Graphic file (type png)
<use attr_call_int.png>
Package pdftex.def Info: attr_call_int.png  used on input line 508.
(pdftex.def)             Requested size: 17.34474pt x 17.34474pt.

Underfull \hbox (badness 10000) detected at line 512
[][][]
 []

File: attr_call_task.png Graphic file (type png)
<use attr_call_task.png>
Package pdftex.def Info: attr_call_task.png  used on input line 525.
(pdftex.def)             Requested size: 17.34474pt x 17.34474pt.
File: attr_call_int.png Graphic file (type png)
<use attr_call_int.png>
Package pdftex.def Info: attr_call_int.png  used on input line 525.
(pdftex.def)             Requested size: 17.34474pt x 17.34474pt.

Underfull \hbox (badness 10000) detected at line 529
[][][]
 []


Underfull \hbox (badness 10000) detected at line 532
[][][]
 []

File: attr_call_task.png Graphic file (type png)
<use attr_call_task.png>
Package pdftex.def Info: attr_call_task.png  used on input line 551.
(pdftex.def)             Requested size: 17.34474pt x 17.34474pt.
File: attr_call_int.png Graphic file (type png)
<use attr_call_int.png>
Package pdftex.def Info: attr_call_int.png  used on input line 551.
(pdftex.def)             Requested size: 17.34474pt x 17.34474pt.

Underfull \hbox (badness 10000) detected at line 555
[][][]
 []


Underfull \hbox (badness 10000) detected at line 558
[][][]
 []

[144]
File: attr_call_task.png Graphic file (type png)
<use attr_call_task.png>
Package pdftex.def Info: attr_call_task.png  used on input line 577.
(pdftex.def)             Requested size: 17.34474pt x 17.34474pt.
File: attr_call_int.png Graphic file (type png)
<use attr_call_int.png>
Package pdftex.def Info: attr_call_int.png  used on input line 577.
(pdftex.def)             Requested size: 17.34474pt x 17.34474pt.
File: attr_call_task.png Graphic file (type png)
<use attr_call_task.png>
Package pdftex.def Info: attr_call_task.png  used on input line 589.
(pdftex.def)             Requested size: 17.34474pt x 17.34474pt.
File: attr_call_int.png Graphic file (type png)
<use attr_call_int.png>
Package pdftex.def Info: attr_call_int.png  used on input line 589.
(pdftex.def)             Requested size: 17.34474pt x 17.34474pt.
File: attr_call_task.png Graphic file (type png)
<use attr_call_task.png>
Package pdftex.def Info: attr_call_task.png  used on input line 610.
(pdftex.def)             Requested size: 17.34474pt x 17.34474pt.
File: attr_call_int.png Graphic file (type png)
<use attr_call_int.png>
Package pdftex.def Info: attr_call_int.png  used on input line 610.
(pdftex.def)             Requested size: 17.34474pt x 17.34474pt.

Underfull \hbox (badness 10000) detected at line 614
[][][]
 []

File: attr_call_task.png Graphic file (type png)
<use attr_call_task.png>
Package pdftex.def Info: attr_call_task.png  used on input line 633.
(pdftex.def)             Requested size: 17.34474pt x 17.34474pt.
File: attr_call_int.png Graphic file (type png)
<use attr_call_int.png>
Package pdftex.def Info: attr_call_int.png  used on input line 633.
(pdftex.def)             Requested size: 17.34474pt x 17.34474pt.
[145]
Underfull \hbox (badness 10000) detected at line 658
[][][]
 []

) (./tn__tasks_8h.tex [146]
Overfull \hbox (72.42108pt too wide) in paragraph at lines 47--56
[] \T1/phv/m/n/10 = (T[]N[]_[][]T[]A[]S[]K[]_[][]S[]T[]A[]T[]E[]_[][]W[]A[]IT $
\OMS/cmsy/m/n/10 j$ \T1/phv/m/n/10 T[]N[]_[][]T[]A[]S[]K[]_[][]S[]T[]A[]T[]E[]_
[][]S[]U[]S[]P[]E[]ND), []
 []


Overfull \hbox (40.42624pt too wide) in paragraph at lines 57--71
[]\T1/phv/m/n/10 , [], [], [], 
 []


Overfull \hbox (30.37183pt too wide) in paragraph at lines 57--71
[]\T1/phv/m/n/10 , [], [],
 []

[147]
Underfull \hbox (badness 10000) detected at line 12
[][][]
 []

[148]
Underfull \hbox (badness 10000) detected at line 10
[][][]
 []


Underfull \hbox (badness 10000) detected at line 17
[][][]
 []


Underfull \hbox (badness 10000) detected at line 24
[][][]
 []


Underfull \hbox (badness 10000) detected at line 31
[][][]
 []


Underfull \hbox (badness 10000) detected at line 38
[][][]
 []


Underfull \hbox (badness 10000) detected at line 45
[][][]
 []


Underfull \hbox (badness 10000) detected at line 52
[][][]
 []


Underfull \vbox (badness 10000) has occurred while \output is active []

 [149]
[150]
File: attr_call_task.png Graphic file (type png)
<use attr_call_task.png>
Package pdftex.def Info: attr_call_task.png  used on input line 344.
(pdftex.def)             Requested size: 17.34474pt x 17.34474pt.

Underfull \hbox (badness 10000) detected at line 367
[][][]
 []


Underfull \hbox (badness 10000) detected at line 375
[][][]
 []

File: attr_call_task.png Graphic file (type png)
<use attr_call_task.png>
Package pdftex.def Info: attr_call_task.png  used on input line 394.
(pdftex.def)             Requested size: 17.34474pt x 17.34474pt.
File: attr_call_ct_sw.png Graphic file (type png)
<use attr_call_ct_sw.png>
Package pdftex.def Info: attr_call_ct_sw.png  used on input line 394.
(pdftex.def)             Requested size: 17.34474pt x 17.34474pt.
[151]
Underfull \hbox (badness 10000) detected at line 403
[][][]
 []


Underfull \hbox (badness 10000) detected at line 412
[][][]
 []

File: attr_call_task.png Graphic file (type png)
<use attr_call_task.png>
Package pdftex.def Info: attr_call_task.png  used on input line 427.
(pdftex.def)             Requested size: 17.34474pt x 17.34474pt.
File: attr_call_ct_sw.png Graphic file (type png)
<use attr_call_ct_sw.png>
Package pdftex.def Info: attr_call_ct_sw.png  used on input line 427.
(pdftex.def)             Requested size: 17.34474pt x 17.34474pt.

Underfull \hbox (badness 10000) detected at line 436
[][][]
 []


Underfull \hbox (badness 10000) detected at line 445
[][][]
 []

File: attr_call_task.png Graphic file (type png)
<use attr_call_task.png>
Package pdftex.def Info: attr_call_task.png  used on input line 460.
(pdftex.def)             Requested size: 17.34474pt x 17.34474pt.
File: attr_call_ct_sw.png Graphic file (type png)
<use attr_call_ct_sw.png>
Package pdftex.def Info: attr_call_ct_sw.png  used on input line 460.
(pdftex.def)             Requested size: 17.34474pt x 17.34474pt.
File: attr_timeout.png Graphic file (type png)
<use attr_timeout.png>
Package pdftex.def Info: attr_timeout.png  used on input line 460.
(pdftex.def)             Requested size: 17.34474pt x 17.34474pt.
[152]
Underfull \hbox (badness 10000) detected at line 469
[][][]
 []


Underfull \hbox (badness 10000) detected at line 478
[][][]
 []

File: attr_call_task.png Graphic file (type png)
<use attr_call_task.png>
Package pdftex.def Info: attr_call_task.png  used on input line 495.
(pdftex.def)             Requested size: 17.34474pt x 17.34474pt.
File: attr_call_ct_sw.png Graphic file (type png)
<use attr_call_ct_sw.png>
Package pdftex.def Info: attr_call_ct_sw.png  used on input line 495.
(pdftex.def)             Requested size: 17.34474pt x 17.34474pt.

Underfull \hbox (badness 10000) detected at line 504
[][][]
 []

File: attr_call_int.png Graphic file (type png)
<use attr_call_int.png>
Package pdftex.def Info: attr_call_int.png  used on input line 523.
(pdftex.def)             Requested size: 17.34474pt x 17.34474pt.
File: attr_call_ct_sw.png Graphic file (type png)
<use attr_call_ct_sw.png>
Package pdftex.def Info: attr_call_ct_sw.png  used on input line 523.
(pdftex.def)             Requested size: 17.34474pt x 17.34474pt.
File: attr_call_task.png Graphic file (type png)
<use attr_call_task.png>
Package pdftex.def Info: attr_call_task.png  used on input line 537.
(pdftex.def)             Requested size: 17.34474pt x 17.34474pt.
File: attr_call_ct_sw.png Graphic file (type png)
<use attr_call_ct_sw.png>
Package pdftex.def Info: attr_call_ct_sw.png  used on input line 537.
(pdftex.def)             Requested size: 17.34474pt x 17.34474pt.

Overfull \vbox (7.48663pt too high) has occurred while \output is active []


[153]
Underfull \hbox (badness 10000) detected at line 546
[][][]
 []


Underfull \hbox (badness 10000) detected at line 555
[][][]
 []

File: attr_call_int.png Graphic file (type png)
<use attr_call_int.png>
Package pdftex.def Info: attr_call_int.png  used on input line 568.
(pdftex.def)             Requested size: 17.34474pt x 17.34474pt.
File: attr_call_ct_sw.png Graphic file (type png)
<use attr_call_ct_sw.png>
Package pdftex.def Info: attr_call_ct_sw.png  used on input line 568.
(pdftex.def)             Requested size: 17.34474pt x 17.34474pt.
File: attr_call_task.png Graphic file (type png)
<use attr_call_task.png>
Package pdftex.def Info: attr_call_task.png  used on input line 584.
(pdftex.def)             Requested size: 17.34474pt x 17.34474pt.
File: attr_call_ct_sw.png Graphic file (type png)
<use attr_call_ct_sw.png>
Package pdftex.def Info: attr_call_ct_sw.png  used on input line 584.
(pdftex.def)             Requested size: 17.34474pt x 17.34474pt.

Underfull \hbox (badness 10000) detected at line 588
[][][]
 []


Underfull \hbox (badness 10000) detected at line 596
[][][]
 []


Underfull \hbox (badness 10000) detected at line 605
[][][]
 []

File: attr_call_int.png Graphic file (type png)
<use attr_call_int.png>
Package pdftex.def Info: attr_call_int.png  used on input line 618.
(pdftex.def)             Requested size: 17.34474pt x 17.34474pt.
File: attr_call_ct_sw.png Graphic file (type png)
<use attr_call_ct_sw.png>
Package pdftex.def Info: attr_call_ct_sw.png  used on input line 618.
(pdftex.def)             Requested size: 17.34474pt x 17.34474pt.
[154]
File: attr_call_task.png Graphic file (type png)
<use attr_call_task.png>
Package pdftex.def Info: attr_call_task.png  used on input line 638.
(pdftex.def)             Requested size: 17.34474pt x 17.34474pt.
File: attr_call_ct_sw.png Graphic file (type png)
<use attr_call_ct_sw.png>
Package pdftex.def Info: attr_call_ct_sw.png  used on input line 638.
(pdftex.def)             Requested size: 17.34474pt x 17.34474pt.

Underfull \hbox (badness 10000) detected at line 642
[][][]
 []


Underfull \hbox (badness 10000) detected at line 645
[][][]
 []

File: attr_call_task.png Graphic file (type png)
<use attr_call_task.png>
Package pdftex.def Info: attr_call_task.png  used on input line 666.
(pdftex.def)             Requested size: 17.34474pt x 17.34474pt.
File: attr_call_ct_sw.png Graphic file (type png)
<use attr_call_ct_sw.png>
Package pdftex.def Info: attr_call_ct_sw.png  used on input line 666.
(pdftex.def)             Requested size: 17.34474pt x 17.34474pt.

Underfull \hbox (badness 10000) detected at line 675
[][][]
 []

[155]
File: attr_call_task.png Graphic file (type png)
<use attr_call_task.png>
Package pdftex.def Info: attr_call_task.png  used on input line 698.
(pdftex.def)             Requested size: 17.34474pt x 17.34474pt.

Underfull \hbox (badness 10000) detected at line 707
[][][]
 []

File: attr_call_task.png Graphic file (type png)
<use attr_call_task.png>
Package pdftex.def Info: attr_call_task.png  used on input line 730.
(pdftex.def)             Requested size: 17.34474pt x 17.34474pt.

Underfull \hbox (badness 10000) detected at line 741
[][][]
 []

File: attr_call_task.png Graphic file (type png)
<use attr_call_task.png>
Package pdftex.def Info: attr_call_task.png  used on input line 756.
(pdftex.def)             Requested size: 17.34474pt x 17.34474pt.
File: attr_call_int.png Graphic file (type png)
<use attr_call_int.png>
Package pdftex.def Info: attr_call_int.png  used on input line 756.
(pdftex.def)             Requested size: 17.34474pt x 17.34474pt.
[156]
File: attr_call_task.png Graphic file (type png)
<use attr_call_task.png>
Package pdftex.def Info: attr_call_task.png  used on input line 779.
(pdftex.def)             Requested size: 17.34474pt x 17.34474pt.

Underfull \hbox (badness 10000) detected at line 783
[][][]
 []

) (./tn__timer_8h.tex
Overfull \hbox (22.39748pt too wide) in paragraph at lines 20--21
[]\T1/phv/m/n/10 Function is called from an I[]SR con-text (namely, from [] I[]
SR, by the []); 
 []

[157] [158] [159]
Underfull \hbox (badness 10000) detected at line 202
[][][]
 []

File: attr_call_task.png Graphic file (type png)
<use attr_call_task.png>
Package pdftex.def Info: attr_call_task.png  used on input line 224.
(pdftex.def)             Requested size: 17.34474pt x 17.34474pt.
File: attr_call_int.png Graphic file (type png)
<use attr_call_int.png>
Package pdftex.def Info: attr_call_int.png  used on input line 224.
(pdftex.def)             Requested size: 17.34474pt x 17.34474pt.

Underfull \hbox (badness 10000) detected at line 237
[][][]
 []

[160]
File: attr_call_task.png Graphic file (type png)
<use attr_call_task.png>
Package pdftex.def Info: attr_call_task.png  used on input line 256.
(pdftex.def)             Requested size: 17.34474pt x 17.34474pt.
File: attr_call_int.png Graphic file (type png)
<use attr_call_int.png>
Package pdftex.def Info: attr_call_int.png  used on input line 256.
(pdftex.def)             Requested size: 17.34474pt x 17.34474pt.

Underfull \hbox (badness 10000) detected at line 265
[][][]
 []

File: attr_call_task.png Graphic file (type png)
<use attr_call_task.png>
Package pdftex.def Info: attr_call_task.png  used on input line 287.
(pdftex.def)             Requested size: 17.34474pt x 17.34474pt.
File: attr_call_int.png Graphic file (type png)
<use attr_call_int.png>
Package pdftex.def Info: attr_call_int.png  used on input line 287.
(pdftex.def)             Requested size: 17.34474pt x 17.34474pt.

Underfull \hbox (badness 10000) detected at line 298
[][][]
 []

File: attr_call_task.png Graphic file (type png)
<use attr_call_task.png>
Package pdftex.def Info: attr_call_task.png  used on input line 319.
(pdftex.def)             Requested size: 17.34474pt x 17.34474pt.
File: attr_call_int.png Graphic file (type png)
<use attr_call_int.png>
Package pdftex.def Info: attr_call_int.png  used on input line 319.
(pdftex.def)             Requested size: 17.34474pt x 17.34474pt.

Overfull \vbox (7.64885pt too high) has occurred while \output is active []


[161]
Underfull \hbox (badness 10000) detected at line 328
[][][]
 []

File: attr_call_task.png Graphic file (type png)
<use attr_call_task.png>
Package pdftex.def Info: attr_call_task.png  used on input line 348.
(pdftex.def)             Requested size: 17.34474pt x 17.34474pt.
File: attr_call_int.png Graphic file (type png)
<use attr_call_int.png>
Package pdftex.def Info: attr_call_int.png  used on input line 348.
(pdftex.def)             Requested size: 17.34474pt x 17.34474pt.

Underfull \hbox (badness 10000) detected at line 361
[][][]
 []

File: attr_call_task.png Graphic file (type png)
<use attr_call_task.png>
Package pdftex.def Info: attr_call_task.png  used on input line 378.
(pdftex.def)             Requested size: 17.34474pt x 17.34474pt.
File: attr_call_int.png Graphic file (type png)
<use attr_call_int.png>
Package pdftex.def Info: attr_call_int.png  used on input line 378.
(pdftex.def)             Requested size: 17.34474pt x 17.34474pt.

Underfull \hbox (badness 10000) detected at line 389
[][][]
 []

[162]
File: attr_call_task.png Graphic file (type png)
<use attr_call_task.png>
Package pdftex.def Info: attr_call_task.png  used on input line 408.
(pdftex.def)             Requested size: 17.34474pt x 17.34474pt.
File: attr_call_int.png Graphic file (type png)
<use attr_call_int.png>
Package pdftex.def Info: attr_call_int.png  used on input line 408.
(pdftex.def)             Requested size: 17.34474pt x 17.34474pt.

Underfull \hbox (badness 10000) detected at line 419
[][][]
 []

) (./tn_8h.tex) (./tn__app__check_8c.tex) (./tn__cfg__default_8h.tex [163]
[164]
Underfull \hbox (badness 10000) detected at line 82
[][][]
 []


Underfull \hbox (badness 10000) detected at line 127
[][][]
 []

[165]
Underfull \hbox (badness 10000) detected at line 172
[][][]
 []

[166]
Underfull \hbox (badness 10000) detected at line 239
[][][]
 []


Underfull \hbox (badness 2005) in paragraph at lines 260--261
[]\T1/phv/m/n/10 Enabling this op-tion bumps the size of \T1/pcr/m/n/10 #[] \T1
/phv/m/n/10 struc-ture by more than 100 bytes, see \T1/pcr/m/n/10 struct
 []


Overfull \hbox (52.41888pt too wide) in paragraph at lines 290--291
[]\T1/phv/m/n/10 Enabling this op-tion adds small over-head to con-text switch-
ing and sys-tem tick pro-cess-ing (\T1/pcr/m/n/10 #[]\T1/phv/m/n/10 ),
 []


Overfull \hbox (41.46312pt too wide) in paragraph at lines 292--293
[]\T1/phv/m/n/10 When stack over-flow hap-pens, the ker-nel calls user-provided
 call-back (see \T1/pcr/m/n/10 #[]\T1/phv/m/n/10 );
 []


Underfull \hbox (badness 10000) detected at line 296
[][][]
 []

[167]
Underfull \hbox (badness 10000) detected at line 317
[][][]
 []

) [168] (./refman.ind [169



]
Overfull \hbox (34.65866pt too wide) in paragraph at lines 149--151
[]| \T1/phv/m/n/10 you_should_add_file___tn_app_check_c___to_the_project,
 []

[170] [171] [172] [173] [174] [175] [176

])
Package atveryend Info: Empty hook `BeforeClearDocument' on input line 294.
Package atveryend Info: Empty hook `AfterLastShipout' on input line 294.
 (./refman.aux)
Package atveryend Info: Executing hook `AtVeryEndDocument' on input line 294.
Package atveryend Info: Executing hook `AtEndAfterFileList' on input line 294.
Package rerunfilecheck Info: File `refman.out' has not changed.
(rerunfilecheck)             Checksum: CB13FA84E90A19ADA32DFCDC4990E27E;91513.
 ) 
Here is how much of TeX's memory you used:
 19041 strings out of 483183
 315978 string characters out of 5966291
 692795 words of memory out of 5000000
 32307 multiletter control sequences out of 15000+600000
 605819 words of font info for 118 fonts, out of 8000000 for 9000
 14 hyphenation exceptions out of 8191
 55i,16n,96p,1550b,714s stack positions out of 5000i,500n,10000p,200000b,80000s
pdfTeX warning (dest): name{structTN__Task_a31921e5384127319bffd5ae09debac1e}
 has been referenced but does not exist, replaced by a fixed one

pdfTeX warning (dest): name{structTN__Task_aa536e1eba96904c006d1e61efc520378} h
as been referenced but does not exist, replaced by a fixed one

pdfTeX warning (dest): name{structTN__Task_a22c8cfe2e95d6f891aa568cafdb95936} h
as been referenced but does not exist, replaced by a fixed one

pdfTeX warning (dest): name{struct__TN__BuildCfg_a06b7460ceee424399bd22e611d8e2
16c} has been referenced but does not exist, replaced by a fixed one

pdfTeX warning (dest): name{struct__TN__BuildCfg_aebae0e1b53cafcc842d1950b14803
ed9} has been referenced but does not exist, replaced by a fixed one

pdfTeX warning (dest): name{struct__TN__BuildCfg_a56b4e79a242637802ed1899ebafd4
584} has been referenced but does not exist, replaced by a fixed one

{/usr/share/texlive/texmf-dist/fonts/enc/dvips/base/8r.enc}</usr/share/texlive/
texmf-dist/fonts/type1/public/amsfonts/cm/cmmi10.pfb></usr/share/texlive/texmf-
dist/fonts/type1/public/amsfonts/cm/cmmi7.pfb></usr/share/texlive/texmf-dist/fo
nts/type1/public/amsfonts/cm/cmmi8.pfb></usr/share/texlive/texmf-dist/fonts/typ
e1/public/amsfonts/cm/cmsy10.pfb></usr/share/texlive/texmf-dist/fonts/type1/pub
lic/amsfonts/cm/cmsy7.pfb></usr/share/texlive/texmf-dist/fonts/type1/public/ams
fonts/cm/cmsy8.pfb></usr/share/texlive/texmf-dist/fonts/type1/public/amsfonts/c
m/cmsy9.pfb></usr/share/texlive/texmf-dist/fonts/type1/urw/courier/ucrb8a.pfb><
/usr/share/texlive/texmf-dist/fonts/type1/urw/courier/ucrr8a.pfb></usr/share/te
xlive/texmf-dist/fonts/type1/urw/courier/ucrro8a.pfb></usr/share/texlive/texmf-
dist/fonts/type1/urw/helvetic/uhvb8a.pfb></usr/share/texlive/texmf-dist/fonts/t
ype1/urw/helvetic/uhvb8ac.pfb></usr/share/texlive/texmf-dist/fonts/type1/urw/he
lvetic/uhvbo8a.pfb></usr/share/texlive/texmf-dist/fonts/type1/urw/helvetic/uhvr
8a.pfb></usr/share/texlive/texmf-dist/fonts/type1/urw/helvetic/uhvro8a.pfb>
Output written on refman.pdf (190 pages, 667941 bytes).
PDF statistics:
 6679 PDF objects out of 7423 (max. 8388607)
 6306 compressed objects within 64 object streams
 1302 named destinations out of 1440 (max. 500000)
 3365 words of extra memory for PDF output out of 10000 (max. 10000000)

